{"/Users/christopherqueen/Documents/workspace/btc-trading-app/src/app.js": {"path":"/Users/christopherqueen/Documents/workspace/btc-trading-app/src/app.js","statementMap":{"0":{"start":{"line":5,"column":21},"end":{"line":5,"column":49}},"1":{"start":{"line":8,"column":19},"end":{"line":8,"column":37}},"2":{"start":{"line":10,"column":18},"end":{"line":10,"column":108}},"3":{"start":{"line":16,"column":0},"end":{"line":16,"column":41}},"4":{"start":{"line":17,"column":0},"end":{"line":20,"column":5}},"5":{"start":{"line":18,"column":4},"end":{"line":18,"column":74}},"6":{"start":{"line":19,"column":4},"end":{"line":19,"column":30}}},"fnMap":{"0":{"name":"(anonymous_0)","decl":{"start":{"line":17,"column":1},"end":{"line":17,"column":2}},"loc":{"start":{"line":17,"column":13},"end":{"line":20,"column":1}},"line":17}},"branchMap":{"0":{"loc":{"start":{"line":10,"column":18},"end":{"line":10,"column":108}},"type":"cond-expr","locations":[{"start":{"line":10,"column":46},"end":{"line":10,"column":69}},{"start":{"line":10,"column":72},"end":{"line":10,"column":108}}],"line":10}},"s":{"0":0,"1":0,"2":0,"3":0,"4":0,"5":0,"6":0},"f":{"0":0},"b":{"0":[0,0]}}
,"/Users/christopherqueen/Documents/workspace/btc-trading-app/src/charthelper.js": {"path":"/Users/christopherqueen/Documents/workspace/btc-trading-app/src/charthelper.js","statementMap":{"0":{"start":{"line":7,"column":8},"end":{"line":7,"column":90}},"1":{"start":{"line":7,"column":52},"end":{"line":7,"column":74}},"2":{"start":{"line":12,"column":8},"end":{"line":12,"column":167}},"3":{"start":{"line":12,"column":52},"end":{"line":12,"column":125}},"4":{"start":{"line":17,"column":8},"end":{"line":17,"column":92}},"5":{"start":{"line":17,"column":52},"end":{"line":17,"column":75}},"6":{"start":{"line":21,"column":8},"end":{"line":21,"column":167}},"7":{"start":{"line":21,"column":52},"end":{"line":21,"column":125}},"8":{"start":{"line":25,"column":8},"end":{"line":25,"column":87}},"9":{"start":{"line":30,"column":8},"end":{"line":30,"column":58}},"10":{"start":{"line":34,"column":8},"end":{"line":34,"column":46}},"11":{"start":{"line":40,"column":8},"end":{"line":40,"column":67}},"12":{"start":{"line":45,"column":8},"end":{"line":45,"column":66}},"13":{"start":{"line":49,"column":8},"end":{"line":49,"column":65}},"14":{"start":{"line":53,"column":8},"end":{"line":53,"column":63}},"15":{"start":{"line":57,"column":8},"end":{"line":57,"column":41}},"16":{"start":{"line":61,"column":8},"end":{"line":61,"column":40}},"17":{"start":{"line":65,"column":8},"end":{"line":65,"column":41}},"18":{"start":{"line":69,"column":8},"end":{"line":69,"column":41}},"19":{"start":{"line":74,"column":0},"end":{"line":75,"column":27}}},"fnMap":{"0":{"name":"(anonymous_0)","decl":{"start":{"line":6,"column":4},"end":{"line":6,"column":5}},"loc":{"start":{"line":6,"column":24},"end":{"line":8,"column":5}},"line":6},"1":{"name":"(anonymous_1)","decl":{"start":{"line":7,"column":38},"end":{"line":7,"column":39}},"loc":{"start":{"line":7,"column":52},"end":{"line":7,"column":74}},"line":7},"2":{"name":"(anonymous_2)","decl":{"start":{"line":10,"column":4},"end":{"line":10,"column":5}},"loc":{"start":{"line":10,"column":25},"end":{"line":13,"column":5}},"line":10},"3":{"name":"(anonymous_3)","decl":{"start":{"line":12,"column":38},"end":{"line":12,"column":39}},"loc":{"start":{"line":12,"column":52},"end":{"line":12,"column":125}},"line":12},"4":{"name":"(anonymous_4)","decl":{"start":{"line":16,"column":4},"end":{"line":16,"column":5}},"loc":{"start":{"line":16,"column":25},"end":{"line":18,"column":5}},"line":16},"5":{"name":"(anonymous_5)","decl":{"start":{"line":17,"column":38},"end":{"line":17,"column":39}},"loc":{"start":{"line":17,"column":52},"end":{"line":17,"column":75}},"line":17},"6":{"name":"(anonymous_6)","decl":{"start":{"line":20,"column":4},"end":{"line":20,"column":5}},"loc":{"start":{"line":20,"column":25},"end":{"line":22,"column":5}},"line":20},"7":{"name":"(anonymous_7)","decl":{"start":{"line":21,"column":38},"end":{"line":21,"column":39}},"loc":{"start":{"line":21,"column":52},"end":{"line":21,"column":125}},"line":21},"8":{"name":"(anonymous_8)","decl":{"start":{"line":24,"column":4},"end":{"line":24,"column":5}},"loc":{"start":{"line":24,"column":25},"end":{"line":26,"column":5}},"line":24},"9":{"name":"(anonymous_9)","decl":{"start":{"line":29,"column":4},"end":{"line":29,"column":5}},"loc":{"start":{"line":29,"column":20},"end":{"line":31,"column":5}},"line":29},"10":{"name":"(anonymous_10)","decl":{"start":{"line":33,"column":4},"end":{"line":33,"column":5}},"loc":{"start":{"line":33,"column":21},"end":{"line":35,"column":5}},"line":33},"11":{"name":"(anonymous_11)","decl":{"start":{"line":38,"column":4},"end":{"line":38,"column":5}},"loc":{"start":{"line":38,"column":21},"end":{"line":41,"column":5}},"line":38},"12":{"name":"(anonymous_12)","decl":{"start":{"line":43,"column":4},"end":{"line":43,"column":5}},"loc":{"start":{"line":43,"column":23},"end":{"line":46,"column":5}},"line":43},"13":{"name":"(anonymous_13)","decl":{"start":{"line":48,"column":4},"end":{"line":48,"column":5}},"loc":{"start":{"line":48,"column":33},"end":{"line":50,"column":5}},"line":48},"14":{"name":"(anonymous_14)","decl":{"start":{"line":52,"column":4},"end":{"line":52,"column":5}},"loc":{"start":{"line":52,"column":33},"end":{"line":54,"column":5}},"line":52},"15":{"name":"(anonymous_15)","decl":{"start":{"line":56,"column":4},"end":{"line":56,"column":5}},"loc":{"start":{"line":56,"column":32},"end":{"line":58,"column":5}},"line":56},"16":{"name":"(anonymous_16)","decl":{"start":{"line":60,"column":4},"end":{"line":60,"column":5}},"loc":{"start":{"line":60,"column":30},"end":{"line":62,"column":5}},"line":60},"17":{"name":"(anonymous_17)","decl":{"start":{"line":64,"column":4},"end":{"line":64,"column":5}},"loc":{"start":{"line":64,"column":32},"end":{"line":66,"column":5}},"line":64},"18":{"name":"(anonymous_18)","decl":{"start":{"line":68,"column":4},"end":{"line":68,"column":5}},"loc":{"start":{"line":68,"column":30},"end":{"line":70,"column":5}},"line":68}},"branchMap":{"0":{"loc":{"start":{"line":12,"column":52},"end":{"line":12,"column":125}},"type":"cond-expr","locations":[{"start":{"line":12,"column":90},"end":{"line":12,"column":119}},{"start":{"line":12,"column":122},"end":{"line":12,"column":125}}],"line":12},"1":{"loc":{"start":{"line":21,"column":52},"end":{"line":21,"column":125}},"type":"cond-expr","locations":[{"start":{"line":21,"column":90},"end":{"line":21,"column":119}},{"start":{"line":21,"column":122},"end":{"line":21,"column":125}}],"line":21}},"s":{"0":1,"1":3,"2":0,"3":0,"4":0,"5":0,"6":0,"7":0,"8":0,"9":0,"10":0,"11":0,"12":0,"13":0,"14":0,"15":0,"16":0,"17":0,"18":0,"19":1},"f":{"0":1,"1":3,"2":0,"3":0,"4":0,"5":0,"6":0,"7":0,"8":0,"9":0,"10":0,"11":0,"12":0,"13":0,"14":0,"15":0,"16":0,"17":0,"18":0},"b":{"0":[0,0],"1":[0,0]},"_coverageSchema":"1a1c01bbd47fc00a2c39e90264f33305004495a9","hash":"44995f7d282b94dd96f59d1b274f776f6564c585"}
,"/Users/christopherqueen/Documents/workspace/btc-trading-app/src/deribit-v2-ws.js": {"path":"/Users/christopherqueen/Documents/workspace/btc-trading-app/src/deribit-v2-ws.js","statementMap":{"0":{"start":{"line":5,"column":14},"end":{"line":5,"column":30}},"1":{"start":{"line":6,"column":18},"end":{"line":6,"column":31}},"2":{"start":{"line":7,"column":15},"end":{"line":7,"column":34}},"3":{"start":{"line":8,"column":21},"end":{"line":8,"column":38}},"4":{"start":{"line":10,"column":13},"end":{"line":10,"column":52}},"5":{"start":{"line":10,"column":18},"end":{"line":10,"column":52}},"6":{"start":{"line":10,"column":35},"end":{"line":10,"column":51}},"7":{"start":{"line":14,"column":8},"end":{"line":14,"column":16}},"8":{"start":{"line":16,"column":8},"end":{"line":16,"column":35}},"9":{"start":{"line":17,"column":8},"end":{"line":17,"column":29}},"10":{"start":{"line":18,"column":8},"end":{"line":18,"column":27}},"11":{"start":{"line":19,"column":8},"end":{"line":19,"column":32}},"12":{"start":{"line":22,"column":8},"end":{"line":22,"column":23}},"13":{"start":{"line":23,"column":8},"end":{"line":23,"column":29}},"14":{"start":{"line":24,"column":8},"end":{"line":24,"column":31}},"15":{"start":{"line":28,"column":8},"end":{"line":28,"column":31}},"16":{"start":{"line":29,"column":8},"end":{"line":29,"column":33}},"17":{"start":{"line":30,"column":8},"end":{"line":30,"column":64}},"18":{"start":{"line":30,"column":41},"end":{"line":30,"column":61}},"19":{"start":{"line":31,"column":8},"end":{"line":31,"column":35}},"20":{"start":{"line":32,"column":8},"end":{"line":32,"column":34}},"21":{"start":{"line":33,"column":8},"end":{"line":33,"column":36}},"22":{"start":{"line":35,"column":8},"end":{"line":35,"column":32}},"23":{"start":{"line":36,"column":8},"end":{"line":36,"column":32}},"24":{"start":{"line":38,"column":8},"end":{"line":38,"column":28}},"25":{"start":{"line":42,"column":8},"end":{"line":42,"column":31}},"26":{"start":{"line":46,"column":8},"end":{"line":48,"column":9}},"27":{"start":{"line":47,"column":12},"end":{"line":47,"column":34}},"28":{"start":{"line":50,"column":20},"end":{"line":50,"column":31}},"29":{"start":{"line":52,"column":36},"end":{"line":52,"column":71}},"30":{"start":{"line":53,"column":39},"end":{"line":53,"column":87}},"31":{"start":{"line":55,"column":8},"end":{"line":60,"column":34}},"32":{"start":{"line":56,"column":12},"end":{"line":56,"column":29}},"33":{"start":{"line":57,"column":13},"end":{"line":60,"column":34}},"34":{"start":{"line":58,"column":12},"end":{"line":58,"column":29}},"35":{"start":{"line":59,"column":13},"end":{"line":60,"column":34}},"36":{"start":{"line":60,"column":12},"end":{"line":60,"column":34}},"37":{"start":{"line":64,"column":23},"end":{"line":64,"column":51}},"38":{"start":{"line":65,"column":24},"end":{"line":65,"column":26}},"39":{"start":{"line":66,"column":29},"end":{"line":66,"column":67}},"40":{"start":{"line":68,"column":8},"end":{"line":70,"column":9}},"41":{"start":{"line":69,"column":12},"end":{"line":69,"column":57}},"42":{"start":{"line":71,"column":8},"end":{"line":71,"column":107}},"43":{"start":{"line":72,"column":8},"end":{"line":74,"column":9}},"44":{"start":{"line":73,"column":12},"end":{"line":73,"column":33}},"45":{"start":{"line":78,"column":8},"end":{"line":78,"column":25}},"46":{"start":{"line":81,"column":18},"end":{"line":86,"column":5}},"47":{"start":{"line":82,"column":8},"end":{"line":84,"column":9}},"48":{"start":{"line":83,"column":12},"end":{"line":83,"column":69}},"49":{"start":{"line":85,"column":8},"end":{"line":85,"column":27}},"50":{"start":{"line":89,"column":8},"end":{"line":91,"column":9}},"51":{"start":{"line":90,"column":12},"end":{"line":90,"column":19}},"52":{"start":{"line":93,"column":22},"end":{"line":136,"column":10}},"53":{"start":{"line":94,"column":12},"end":{"line":94,"column":72}},"54":{"start":{"line":95,"column":12},"end":{"line":95,"column":53}},"55":{"start":{"line":97,"column":12},"end":{"line":104,"column":13}},"56":{"start":{"line":98,"column":16},"end":{"line":98,"column":38}},"57":{"start":{"line":100,"column":16},"end":{"line":100,"column":88}},"58":{"start":{"line":102,"column":16},"end":{"line":102,"column":35}},"59":{"start":{"line":103,"column":16},"end":{"line":103,"column":26}},"60":{"start":{"line":105,"column":12},"end":{"line":105,"column":47}},"61":{"start":{"line":106,"column":12},"end":{"line":106,"column":50}},"62":{"start":{"line":108,"column":12},"end":{"line":135,"column":13}},"63":{"start":{"line":109,"column":16},"end":{"line":110,"column":57}},"64":{"start":{"line":110,"column":20},"end":{"line":110,"column":57}},"65":{"start":{"line":112,"column":16},"end":{"line":117,"column":19}},"66":{"start":{"line":114,"column":20},"end":{"line":114,"column":91}},"67":{"start":{"line":121,"column":16},"end":{"line":121,"column":40}},"68":{"start":{"line":122,"column":16},"end":{"line":122,"column":43}},"69":{"start":{"line":123,"column":16},"end":{"line":123,"column":39}},"70":{"start":{"line":124,"column":16},"end":{"line":124,"column":49}},"71":{"start":{"line":125,"column":16},"end":{"line":132,"column":17}},"72":{"start":{"line":126,"column":20},"end":{"line":126,"column":37}},"73":{"start":{"line":128,"column":20},"end":{"line":128,"column":116}},"74":{"start":{"line":129,"column":20},"end":{"line":129,"column":31}},"75":{"start":{"line":130,"column":20},"end":{"line":130,"column":29}},"76":{"start":{"line":131,"column":20},"end":{"line":131,"column":36}},"77":{"start":{"line":138,"column":8},"end":{"line":149,"column":11}},"78":{"start":{"line":140,"column":12},"end":{"line":140,"column":31}},"79":{"start":{"line":141,"column":12},"end":{"line":141,"column":36}},"80":{"start":{"line":142,"column":12},"end":{"line":142,"column":34}},"81":{"start":{"line":144,"column":12},"end":{"line":144,"column":36}},"82":{"start":{"line":145,"column":12},"end":{"line":145,"column":39}},"83":{"start":{"line":146,"column":12},"end":{"line":146,"column":35}},"84":{"start":{"line":147,"column":12},"end":{"line":147,"column":45}},"85":{"start":{"line":148,"column":12},"end":{"line":148,"column":36}},"86":{"start":{"line":151,"column":8},"end":{"line":151,"column":23}},"87":{"start":{"line":156,"column":11},"end":{"line":167,"column":5}},"88":{"start":{"line":157,"column":20},"end":{"line":157,"column":28}},"89":{"start":{"line":159,"column":24},"end":{"line":163,"column":35}},"90":{"start":{"line":160,"column":12},"end":{"line":161,"column":56}},"91":{"start":{"line":161,"column":16},"end":{"line":161,"column":56}},"92":{"start":{"line":162,"column":12},"end":{"line":162,"column":29}},"93":{"start":{"line":165,"column":8},"end":{"line":165,"column":42}},"94":{"start":{"line":166,"column":8},"end":{"line":166,"column":31}},"95":{"start":{"line":170,"column":16},"end":{"line":176,"column":5}},"96":{"start":{"line":171,"column":8},"end":{"line":172,"column":53}},"97":{"start":{"line":172,"column":12},"end":{"line":172,"column":53}},"98":{"start":{"line":173,"column":8},"end":{"line":173,"column":28}},"99":{"start":{"line":174,"column":8},"end":{"line":174,"column":35}},"100":{"start":{"line":175,"column":8},"end":{"line":175,"column":31}},"101":{"start":{"line":179,"column":10},"end":{"line":191,"column":5}},"102":{"start":{"line":180,"column":8},"end":{"line":181,"column":48}},"103":{"start":{"line":181,"column":12},"end":{"line":181,"column":48}},"104":{"start":{"line":182,"column":8},"end":{"line":184,"column":11}},"105":{"start":{"line":183,"column":12},"end":{"line":183,"column":52}},"106":{"start":{"line":185,"column":8},"end":{"line":185,"column":41}},"107":{"start":{"line":186,"column":8},"end":{"line":186,"column":36}},"108":{"start":{"line":187,"column":8},"end":{"line":187,"column":67}},"109":{"start":{"line":188,"column":8},"end":{"line":188,"column":35}},"110":{"start":{"line":189,"column":8},"end":{"line":189,"column":31}},"111":{"start":{"line":190,"column":8},"end":{"line":190,"column":28}},"112":{"start":{"line":193,"column":16},"end":{"line":212,"column":5}},"113":{"start":{"line":194,"column":8},"end":{"line":194,"column":33}},"114":{"start":{"line":195,"column":8},"end":{"line":195,"column":33}},"115":{"start":{"line":198,"column":8},"end":{"line":198,"column":57}},"116":{"start":{"line":198,"column":47},"end":{"line":198,"column":55}},"117":{"start":{"line":199,"column":8},"end":{"line":199,"column":64}},"118":{"start":{"line":199,"column":41},"end":{"line":199,"column":61}},"119":{"start":{"line":200,"column":8},"end":{"line":200,"column":25}},"120":{"start":{"line":201,"column":8},"end":{"line":202,"column":51}},"121":{"start":{"line":202,"column":12},"end":{"line":202,"column":51}},"122":{"start":{"line":203,"column":16},"end":{"line":203,"column":36}},"123":{"start":{"line":204,"column":8},"end":{"line":204,"column":15}},"124":{"start":{"line":205,"column":8},"end":{"line":205,"column":27}},"125":{"start":{"line":207,"column":8},"end":{"line":209,"column":11}},"126":{"start":{"line":208,"column":12},"end":{"line":208,"column":50}},"127":{"start":{"line":211,"column":8},"end":{"line":211,"column":17}},"128":{"start":{"line":214,"column":14},"end":{"line":226,"column":5}},"129":{"start":{"line":215,"column":8},"end":{"line":215,"column":49}},"130":{"start":{"line":216,"column":8},"end":{"line":216,"column":30}},"131":{"start":{"line":217,"column":8},"end":{"line":219,"column":9}},"132":{"start":{"line":218,"column":12},"end":{"line":218,"column":38}},"133":{"start":{"line":221,"column":8},"end":{"line":221,"column":79}},"134":{"start":{"line":228,"column":19},"end":{"line":275,"column":5}},"135":{"start":{"line":229,"column":8},"end":{"line":231,"column":9}},"136":{"start":{"line":230,"column":12},"end":{"line":230,"column":33}},"137":{"start":{"line":233,"column":20},"end":{"line":233,"column":30}},"138":{"start":{"line":234,"column":19},"end":{"line":234,"column":93}},"139":{"start":{"line":236,"column":21},"end":{"line":246,"column":10}},"140":{"start":{"line":248,"column":8},"end":{"line":250,"column":9}},"141":{"start":{"line":249,"column":12},"end":{"line":249,"column":48}},"142":{"start":{"line":252,"column":8},"end":{"line":252,"column":46}},"143":{"start":{"line":253,"column":8},"end":{"line":253,"column":54}},"144":{"start":{"line":254,"column":8},"end":{"line":254,"column":34}},"145":{"start":{"line":256,"column":8},"end":{"line":258,"column":9}},"146":{"start":{"line":257,"column":12},"end":{"line":257,"column":70}},"147":{"start":{"line":267,"column":26},"end":{"line":267,"column":69}},"148":{"start":{"line":269,"column":30},"end":{"line":269,"column":49}},"149":{"start":{"line":270,"column":25},"end":{"line":270,"column":50}},"150":{"start":{"line":271,"column":8},"end":{"line":271,"column":71}},"151":{"start":{"line":272,"column":26},"end":{"line":272,"column":70}},"152":{"start":{"line":273,"column":8},"end":{"line":273,"column":53}},"153":{"start":{"line":277,"column":21},"end":{"line":309,"column":5}},"154":{"start":{"line":278,"column":8},"end":{"line":278,"column":42}},"155":{"start":{"line":279,"column":21},"end":{"line":287,"column":10}},"156":{"start":{"line":289,"column":8},"end":{"line":289,"column":46}},"157":{"start":{"line":290,"column":8},"end":{"line":290,"column":54}},"158":{"start":{"line":292,"column":8},"end":{"line":294,"column":9}},"159":{"start":{"line":293,"column":12},"end":{"line":293,"column":70}},"160":{"start":{"line":302,"column":26},"end":{"line":302,"column":69}},"161":{"start":{"line":303,"column":20},"end":{"line":303,"column":30}},"162":{"start":{"line":304,"column":30},"end":{"line":304,"column":49}},"163":{"start":{"line":305,"column":25},"end":{"line":305,"column":50}},"164":{"start":{"line":306,"column":8},"end":{"line":306,"column":71}},"165":{"start":{"line":307,"column":26},"end":{"line":307,"column":70}},"166":{"start":{"line":308,"column":8},"end":{"line":308,"column":53}},"167":{"start":{"line":312,"column":8},"end":{"line":318,"column":9}},"168":{"start":{"line":312,"column":21},"end":{"line":312,"column":22}},"169":{"start":{"line":313,"column":24},"end":{"line":313,"column":45}},"170":{"start":{"line":314,"column":12},"end":{"line":317,"column":13}},"171":{"start":{"line":315,"column":16},"end":{"line":315,"column":48}},"172":{"start":{"line":316,"column":16},"end":{"line":316,"column":27}},"173":{"start":{"line":321,"column":22},"end":{"line":357,"column":5}},"174":{"start":{"line":324,"column":8},"end":{"line":328,"column":9}},"175":{"start":{"line":325,"column":12},"end":{"line":325,"column":41}},"176":{"start":{"line":327,"column":12},"end":{"line":327,"column":54}},"177":{"start":{"line":330,"column":8},"end":{"line":333,"column":9}},"178":{"start":{"line":331,"column":12},"end":{"line":331,"column":45}},"179":{"start":{"line":332,"column":12},"end":{"line":332,"column":74}},"180":{"start":{"line":335,"column":8},"end":{"line":346,"column":9}},"181":{"start":{"line":336,"column":12},"end":{"line":338,"column":13}},"182":{"start":{"line":337,"column":16},"end":{"line":337,"column":74}},"183":{"start":{"line":339,"column":12},"end":{"line":339,"column":45}},"184":{"start":{"line":340,"column":12},"end":{"line":345,"column":14}},"185":{"start":{"line":348,"column":24},"end":{"line":348,"column":52}},"186":{"start":{"line":350,"column":8},"end":{"line":352,"column":9}},"187":{"start":{"line":351,"column":12},"end":{"line":351,"column":84}},"188":{"start":{"line":354,"column":8},"end":{"line":354,"column":50}},"189":{"start":{"line":355,"column":8},"end":{"line":355,"column":39}},"190":{"start":{"line":356,"column":8},"end":{"line":356,"column":32}},"191":{"start":{"line":359,"column":18},"end":{"line":413,"column":5}},"192":{"start":{"line":360,"column":8},"end":{"line":366,"column":9}},"193":{"start":{"line":361,"column":12},"end":{"line":363,"column":13}},"194":{"start":{"line":362,"column":16},"end":{"line":362,"column":49}},"195":{"start":{"line":365,"column":12},"end":{"line":365,"column":38}},"196":{"start":{"line":369,"column":8},"end":{"line":386,"column":9}},"197":{"start":{"line":372,"column":12},"end":{"line":383,"column":15}},"198":{"start":{"line":373,"column":16},"end":{"line":373,"column":27}},"199":{"start":{"line":374,"column":16},"end":{"line":374,"column":39}},"200":{"start":{"line":376,"column":16},"end":{"line":381,"column":19}},"201":{"start":{"line":388,"column":8},"end":{"line":388,"column":46}},"202":{"start":{"line":412,"column":8},"end":{"line":412,"column":17}},"203":{"start":{"line":416,"column":14},"end":{"line":441,"column":5}},"204":{"start":{"line":418,"column":8},"end":{"line":424,"column":9}},"205":{"start":{"line":419,"column":12},"end":{"line":421,"column":13}},"206":{"start":{"line":420,"column":16},"end":{"line":420,"column":50}},"207":{"start":{"line":423,"column":12},"end":{"line":423,"column":38}},"208":{"start":{"line":426,"column":8},"end":{"line":430,"column":9}},"209":{"start":{"line":427,"column":12},"end":{"line":429,"column":13}},"210":{"start":{"line":428,"column":16},"end":{"line":428,"column":54}},"211":{"start":{"line":432,"column":24},"end":{"line":437,"column":9}},"212":{"start":{"line":440,"column":8},"end":{"line":440,"column":41}},"213":{"start":{"line":443,"column":18},"end":{"line":461,"column":5}},"214":{"start":{"line":445,"column":8},"end":{"line":449,"column":9}},"215":{"start":{"line":446,"column":12},"end":{"line":446,"column":46}},"216":{"start":{"line":447,"column":15},"end":{"line":449,"column":9}},"217":{"start":{"line":448,"column":12},"end":{"line":448,"column":50}},"218":{"start":{"line":451,"column":24},"end":{"line":458,"column":9}},"219":{"start":{"line":460,"column":8},"end":{"line":460,"column":41}},"220":{"start":{"line":464,"column":16},"end":{"line":484,"column":5}},"221":{"start":{"line":466,"column":8},"end":{"line":466,"column":49}},"222":{"start":{"line":468,"column":8},"end":{"line":472,"column":9}},"223":{"start":{"line":469,"column":12},"end":{"line":469,"column":46}},"224":{"start":{"line":470,"column":15},"end":{"line":472,"column":9}},"225":{"start":{"line":471,"column":12},"end":{"line":471,"column":50}},"226":{"start":{"line":474,"column":24},"end":{"line":481,"column":9}},"227":{"start":{"line":483,"column":8},"end":{"line":483,"column":41}},"228":{"start":{"line":487,"column":8},"end":{"line":494,"column":15}},"229":{"start":{"line":492,"column":16},"end":{"line":492,"column":87}},"230":{"start":{"line":498,"column":8},"end":{"line":506,"column":15}},"231":{"start":{"line":504,"column":16},"end":{"line":504,"column":79}},"232":{"start":{"line":505,"column":16},"end":{"line":505,"column":75}},"233":{"start":{"line":510,"column":8},"end":{"line":517,"column":15}},"234":{"start":{"line":515,"column":16},"end":{"line":515,"column":75}},"235":{"start":{"line":516,"column":16},"end":{"line":516,"column":72}},"236":{"start":{"line":521,"column":8},"end":{"line":530,"column":15}},"237":{"start":{"line":528,"column":16},"end":{"line":528,"column":90}},"238":{"start":{"line":529,"column":16},"end":{"line":529,"column":87}},"239":{"start":{"line":534,"column":8},"end":{"line":538,"column":15}},"240":{"start":{"line":536,"column":16},"end":{"line":536,"column":68}},"241":{"start":{"line":537,"column":16},"end":{"line":537,"column":64}},"242":{"start":{"line":542,"column":8},"end":{"line":546,"column":15}},"243":{"start":{"line":544,"column":16},"end":{"line":544,"column":69}},"244":{"start":{"line":545,"column":16},"end":{"line":545,"column":65}},"245":{"start":{"line":551,"column":8},"end":{"line":558,"column":15}},"246":{"start":{"line":556,"column":16},"end":{"line":556,"column":98}},"247":{"start":{"line":557,"column":16},"end":{"line":557,"column":90}},"248":{"start":{"line":562,"column":8},"end":{"line":570,"column":15}},"249":{"start":{"line":568,"column":16},"end":{"line":568,"column":87}},"250":{"start":{"line":569,"column":16},"end":{"line":569,"column":83}},"251":{"start":{"line":574,"column":31},"end":{"line":577,"column":9}},"252":{"start":{"line":578,"column":8},"end":{"line":580,"column":9}},"253":{"start":{"line":579,"column":12},"end":{"line":579,"column":46}},"254":{"start":{"line":581,"column":8},"end":{"line":583,"column":9}},"255":{"start":{"line":582,"column":12},"end":{"line":582,"column":55}},"256":{"start":{"line":584,"column":8},"end":{"line":588,"column":15}},"257":{"start":{"line":586,"column":16},"end":{"line":586,"column":69}},"258":{"start":{"line":587,"column":16},"end":{"line":587,"column":70}},"259":{"start":{"line":592,"column":8},"end":{"line":596,"column":15}},"260":{"start":{"line":594,"column":16},"end":{"line":594,"column":92}},"261":{"start":{"line":595,"column":16},"end":{"line":595,"column":88}},"262":{"start":{"line":600,"column":8},"end":{"line":604,"column":15}},"263":{"start":{"line":602,"column":16},"end":{"line":602,"column":93}},"264":{"start":{"line":603,"column":16},"end":{"line":603,"column":89}},"265":{"start":{"line":608,"column":8},"end":{"line":615,"column":11}},"266":{"start":{"line":613,"column":12},"end":{"line":613,"column":80}},"267":{"start":{"line":614,"column":12},"end":{"line":614,"column":76}},"268":{"start":{"line":619,"column":8},"end":{"line":627,"column":11}},"269":{"start":{"line":625,"column":12},"end":{"line":625,"column":84}},"270":{"start":{"line":626,"column":12},"end":{"line":626,"column":72}},"271":{"start":{"line":631,"column":8},"end":{"line":637,"column":11}},"272":{"start":{"line":635,"column":12},"end":{"line":635,"column":91}},"273":{"start":{"line":636,"column":12},"end":{"line":636,"column":87}},"274":{"start":{"line":641,"column":8},"end":{"line":647,"column":11}},"275":{"start":{"line":645,"column":12},"end":{"line":645,"column":71}},"276":{"start":{"line":646,"column":12},"end":{"line":646,"column":67}},"277":{"start":{"line":653,"column":0},"end":{"line":653,"column":28}}},"fnMap":{"0":{"name":"(anonymous_0)","decl":{"start":{"line":10,"column":13},"end":{"line":10,"column":14}},"loc":{"start":{"line":10,"column":18},"end":{"line":10,"column":52}},"line":10},"1":{"name":"(anonymous_1)","decl":{"start":{"line":10,"column":30},"end":{"line":10,"column":31}},"loc":{"start":{"line":10,"column":35},"end":{"line":10,"column":51}},"line":10},"2":{"name":"(anonymous_2)","decl":{"start":{"line":13,"column":4},"end":{"line":13,"column":5}},"loc":{"start":{"line":13,"column":74},"end":{"line":39,"column":5}},"line":13},"3":{"name":"(anonymous_3)","decl":{"start":{"line":30,"column":36},"end":{"line":30,"column":37}},"loc":{"start":{"line":30,"column":41},"end":{"line":30,"column":61}},"line":30},"4":{"name":"(anonymous_4)","decl":{"start":{"line":41,"column":4},"end":{"line":41,"column":5}},"loc":{"start":{"line":41,"column":20},"end":{"line":43,"column":5}},"line":41},"5":{"name":"(anonymous_5)","decl":{"start":{"line":45,"column":4},"end":{"line":45,"column":5}},"loc":{"start":{"line":45,"column":20},"end":{"line":61,"column":5}},"line":45},"6":{"name":"(anonymous_6)","decl":{"start":{"line":63,"column":4},"end":{"line":63,"column":5}},"loc":{"start":{"line":63,"column":35},"end":{"line":75,"column":5}},"line":63},"7":{"name":"(anonymous_7)","decl":{"start":{"line":77,"column":4},"end":{"line":77,"column":5}},"loc":{"start":{"line":77,"column":13},"end":{"line":79,"column":5}},"line":77},"8":{"name":"(anonymous_8)","decl":{"start":{"line":81,"column":18},"end":{"line":81,"column":19}},"loc":{"start":{"line":81,"column":25},"end":{"line":86,"column":5}},"line":81},"9":{"name":"(anonymous_9)","decl":{"start":{"line":88,"column":4},"end":{"line":88,"column":5}},"loc":{"start":{"line":88,"column":15},"end":{"line":154,"column":5}},"line":88},"10":{"name":"(anonymous_10)","decl":{"start":{"line":93,"column":34},"end":{"line":93,"column":35}},"loc":{"start":{"line":93,"column":55},"end":{"line":136,"column":9}},"line":93},"11":{"name":"(anonymous_11)","decl":{"start":{"line":97,"column":29},"end":{"line":97,"column":30}},"loc":{"start":{"line":97,"column":35},"end":{"line":104,"column":13}},"line":97},"12":{"name":"(anonymous_12)","decl":{"start":{"line":108,"column":30},"end":{"line":108,"column":31}},"loc":{"start":{"line":108,"column":41},"end":{"line":135,"column":13}},"line":108},"13":{"name":"(anonymous_13)","decl":{"start":{"line":112,"column":43},"end":{"line":112,"column":44}},"loc":{"start":{"line":112,"column":61},"end":{"line":117,"column":17}},"line":112},"14":{"name":"(anonymous_14)","decl":{"start":{"line":138,"column":22},"end":{"line":138,"column":23}},"loc":{"start":{"line":138,"column":33},"end":{"line":149,"column":9}},"line":138},"15":{"name":"(anonymous_15)","decl":{"start":{"line":156,"column":11},"end":{"line":156,"column":12}},"loc":{"start":{"line":156,"column":23},"end":{"line":167,"column":5}},"line":156},"16":{"name":"(anonymous_16)","decl":{"start":{"line":159,"column":35},"end":{"line":159,"column":36}},"loc":{"start":{"line":159,"column":41},"end":{"line":163,"column":9}},"line":159},"17":{"name":"(anonymous_17)","decl":{"start":{"line":170,"column":16},"end":{"line":170,"column":17}},"loc":{"start":{"line":170,"column":28},"end":{"line":176,"column":5}},"line":170},"18":{"name":"(anonymous_18)","decl":{"start":{"line":179,"column":10},"end":{"line":179,"column":11}},"loc":{"start":{"line":179,"column":22},"end":{"line":191,"column":5}},"line":179},"19":{"name":"(anonymous_19)","decl":{"start":{"line":182,"column":35},"end":{"line":182,"column":36}},"loc":{"start":{"line":182,"column":42},"end":{"line":184,"column":9}},"line":182},"20":{"name":"(anonymous_20)","decl":{"start":{"line":193,"column":16},"end":{"line":193,"column":17}},"loc":{"start":{"line":193,"column":28},"end":{"line":212,"column":5}},"line":193},"21":{"name":"(anonymous_21)","decl":{"start":{"line":198,"column":42},"end":{"line":198,"column":43}},"loc":{"start":{"line":198,"column":47},"end":{"line":198,"column":55}},"line":198},"22":{"name":"(anonymous_22)","decl":{"start":{"line":199,"column":36},"end":{"line":199,"column":37}},"loc":{"start":{"line":199,"column":41},"end":{"line":199,"column":61}},"line":199},"23":{"name":"(anonymous_23)","decl":{"start":{"line":207,"column":35},"end":{"line":207,"column":36}},"loc":{"start":{"line":207,"column":42},"end":{"line":209,"column":9}},"line":207},"24":{"name":"(anonymous_24)","decl":{"start":{"line":214,"column":14},"end":{"line":214,"column":15}},"loc":{"start":{"line":214,"column":26},"end":{"line":226,"column":5}},"line":214},"25":{"name":"(anonymous_25)","decl":{"start":{"line":228,"column":19},"end":{"line":228,"column":20}},"loc":{"start":{"line":228,"column":31},"end":{"line":275,"column":5}},"line":228},"26":{"name":"(anonymous_26)","decl":{"start":{"line":277,"column":21},"end":{"line":277,"column":22}},"loc":{"start":{"line":277,"column":33},"end":{"line":309,"column":5}},"line":277},"27":{"name":"(anonymous_27)","decl":{"start":{"line":311,"column":4},"end":{"line":311,"column":5}},"loc":{"start":{"line":311,"column":20},"end":{"line":319,"column":5}},"line":311},"28":{"name":"(anonymous_28)","decl":{"start":{"line":321,"column":22},"end":{"line":321,"column":23}},"loc":{"start":{"line":321,"column":35},"end":{"line":357,"column":5}},"line":321},"29":{"name":"(anonymous_29)","decl":{"start":{"line":359,"column":18},"end":{"line":359,"column":19}},"loc":{"start":{"line":359,"column":52},"end":{"line":413,"column":5}},"line":359},"30":{"name":"(anonymous_30)","decl":{"start":{"line":372,"column":28},"end":{"line":372,"column":29}},"loc":{"start":{"line":372,"column":39},"end":{"line":383,"column":13}},"line":372},"31":{"name":"(anonymous_31)","decl":{"start":{"line":416,"column":14},"end":{"line":416,"column":15}},"loc":{"start":{"line":416,"column":38},"end":{"line":441,"column":5}},"line":416},"32":{"name":"(anonymous_32)","decl":{"start":{"line":443,"column":18},"end":{"line":443,"column":19}},"loc":{"start":{"line":443,"column":37},"end":{"line":461,"column":5}},"line":443},"33":{"name":"(anonymous_33)","decl":{"start":{"line":464,"column":16},"end":{"line":464,"column":17}},"loc":{"start":{"line":464,"column":35},"end":{"line":484,"column":5}},"line":464},"34":{"name":"(anonymous_34)","decl":{"start":{"line":486,"column":4},"end":{"line":486,"column":5}},"loc":{"start":{"line":486,"column":39},"end":{"line":495,"column":5}},"line":486},"35":{"name":"(anonymous_35)","decl":{"start":{"line":491,"column":19},"end":{"line":491,"column":20}},"loc":{"start":{"line":491,"column":26},"end":{"line":494,"column":13}},"line":491},"36":{"name":"(anonymous_36)","decl":{"start":{"line":497,"column":4},"end":{"line":497,"column":5}},"loc":{"start":{"line":497,"column":43},"end":{"line":507,"column":5}},"line":497},"37":{"name":"(anonymous_37)","decl":{"start":{"line":503,"column":19},"end":{"line":503,"column":20}},"loc":{"start":{"line":503,"column":26},"end":{"line":506,"column":13}},"line":503},"38":{"name":"(anonymous_38)","decl":{"start":{"line":509,"column":4},"end":{"line":509,"column":5}},"loc":{"start":{"line":509,"column":34},"end":{"line":518,"column":5}},"line":509},"39":{"name":"(anonymous_39)","decl":{"start":{"line":514,"column":19},"end":{"line":514,"column":20}},"loc":{"start":{"line":514,"column":30},"end":{"line":517,"column":13}},"line":514},"40":{"name":"(anonymous_40)","decl":{"start":{"line":520,"column":4},"end":{"line":520,"column":5}},"loc":{"start":{"line":520,"column":73},"end":{"line":531,"column":5}},"line":520},"41":{"name":"(anonymous_41)","decl":{"start":{"line":527,"column":19},"end":{"line":527,"column":20}},"loc":{"start":{"line":527,"column":26},"end":{"line":530,"column":13}},"line":527},"42":{"name":"(anonymous_42)","decl":{"start":{"line":533,"column":4},"end":{"line":533,"column":5}},"loc":{"start":{"line":533,"column":23},"end":{"line":539,"column":5}},"line":533},"43":{"name":"(anonymous_43)","decl":{"start":{"line":535,"column":19},"end":{"line":535,"column":20}},"loc":{"start":{"line":535,"column":26},"end":{"line":538,"column":13}},"line":535},"44":{"name":"(anonymous_44)","decl":{"start":{"line":541,"column":4},"end":{"line":541,"column":5}},"loc":{"start":{"line":541,"column":24},"end":{"line":548,"column":5}},"line":541},"45":{"name":"(anonymous_45)","decl":{"start":{"line":543,"column":19},"end":{"line":543,"column":20}},"loc":{"start":{"line":543,"column":26},"end":{"line":546,"column":13}},"line":543},"46":{"name":"(anonymous_46)","decl":{"start":{"line":550,"column":4},"end":{"line":550,"column":5}},"loc":{"start":{"line":550,"column":66},"end":{"line":559,"column":5}},"line":550},"47":{"name":"(anonymous_47)","decl":{"start":{"line":555,"column":19},"end":{"line":555,"column":20}},"loc":{"start":{"line":555,"column":30},"end":{"line":558,"column":13}},"line":555},"48":{"name":"(anonymous_48)","decl":{"start":{"line":561,"column":4},"end":{"line":561,"column":5}},"loc":{"start":{"line":561,"column":75},"end":{"line":571,"column":5}},"line":561},"49":{"name":"(anonymous_49)","decl":{"start":{"line":567,"column":19},"end":{"line":567,"column":20}},"loc":{"start":{"line":567,"column":24},"end":{"line":570,"column":13}},"line":567},"50":{"name":"(anonymous_50)","decl":{"start":{"line":573,"column":4},"end":{"line":573,"column":5}},"loc":{"start":{"line":573,"column":77},"end":{"line":589,"column":5}},"line":573},"51":{"name":"(anonymous_51)","decl":{"start":{"line":585,"column":19},"end":{"line":585,"column":20}},"loc":{"start":{"line":585,"column":26},"end":{"line":588,"column":13}},"line":585},"52":{"name":"(anonymous_52)","decl":{"start":{"line":591,"column":4},"end":{"line":591,"column":5}},"loc":{"start":{"line":591,"column":40},"end":{"line":597,"column":5}},"line":591},"53":{"name":"(anonymous_53)","decl":{"start":{"line":593,"column":19},"end":{"line":593,"column":20}},"loc":{"start":{"line":593,"column":26},"end":{"line":596,"column":13}},"line":593},"54":{"name":"(anonymous_54)","decl":{"start":{"line":599,"column":4},"end":{"line":599,"column":5}},"loc":{"start":{"line":599,"column":41},"end":{"line":605,"column":5}},"line":599},"55":{"name":"(anonymous_55)","decl":{"start":{"line":601,"column":19},"end":{"line":601,"column":20}},"loc":{"start":{"line":601,"column":26},"end":{"line":604,"column":13}},"line":601},"56":{"name":"(anonymous_56)","decl":{"start":{"line":607,"column":4},"end":{"line":607,"column":5}},"loc":{"start":{"line":607,"column":50},"end":{"line":616,"column":5}},"line":607},"57":{"name":"(anonymous_57)","decl":{"start":{"line":612,"column":21},"end":{"line":612,"column":22}},"loc":{"start":{"line":612,"column":28},"end":{"line":615,"column":9}},"line":612},"58":{"name":"(anonymous_58)","decl":{"start":{"line":618,"column":4},"end":{"line":618,"column":5}},"loc":{"start":{"line":618,"column":51},"end":{"line":628,"column":5}},"line":618},"59":{"name":"(anonymous_59)","decl":{"start":{"line":624,"column":21},"end":{"line":624,"column":22}},"loc":{"start":{"line":624,"column":28},"end":{"line":627,"column":9}},"line":624},"60":{"name":"(anonymous_60)","decl":{"start":{"line":630,"column":4},"end":{"line":630,"column":5}},"loc":{"start":{"line":630,"column":53},"end":{"line":638,"column":5}},"line":630},"61":{"name":"(anonymous_61)","decl":{"start":{"line":634,"column":21},"end":{"line":634,"column":22}},"loc":{"start":{"line":634,"column":28},"end":{"line":637,"column":9}},"line":634},"62":{"name":"(anonymous_62)","decl":{"start":{"line":640,"column":4},"end":{"line":640,"column":5}},"loc":{"start":{"line":640,"column":32},"end":{"line":648,"column":5}},"line":640},"63":{"name":"(anonymous_63)","decl":{"start":{"line":644,"column":21},"end":{"line":644,"column":22}},"loc":{"start":{"line":644,"column":28},"end":{"line":647,"column":9}},"line":644}},"branchMap":{"0":{"loc":{"start":{"line":13,"column":30},"end":{"line":13,"column":56}},"type":"default-arg","locations":[{"start":{"line":13,"column":39},"end":{"line":13,"column":56}}],"line":13},"1":{"loc":{"start":{"line":13,"column":58},"end":{"line":13,"column":71}},"type":"default-arg","locations":[{"start":{"line":13,"column":66},"end":{"line":13,"column":71}}],"line":13},"2":{"loc":{"start":{"line":46,"column":8},"end":{"line":48,"column":9}},"type":"if","locations":[{"start":{"line":46,"column":8},"end":{"line":48,"column":9}},{"start":{"line":46,"column":8},"end":{"line":48,"column":9}}],"line":46},"3":{"loc":{"start":{"line":55,"column":8},"end":{"line":60,"column":34}},"type":"if","locations":[{"start":{"line":55,"column":8},"end":{"line":60,"column":34}},{"start":{"line":55,"column":8},"end":{"line":60,"column":34}}],"line":55},"4":{"loc":{"start":{"line":55,"column":12},"end":{"line":55,"column":86}},"type":"binary-expr","locations":[{"start":{"line":55,"column":13},"end":{"line":55,"column":66}},{"start":{"line":55,"column":71},"end":{"line":55,"column":86}}],"line":55},"5":{"loc":{"start":{"line":57,"column":13},"end":{"line":60,"column":34}},"type":"if","locations":[{"start":{"line":57,"column":13},"end":{"line":60,"column":34}},{"start":{"line":57,"column":13},"end":{"line":60,"column":34}}],"line":57},"6":{"loc":{"start":{"line":59,"column":13},"end":{"line":60,"column":34}},"type":"if","locations":[{"start":{"line":59,"column":13},"end":{"line":60,"column":34}},{"start":{"line":59,"column":13},"end":{"line":60,"column":34}}],"line":59},"7":{"loc":{"start":{"line":63,"column":17},"end":{"line":63,"column":33}},"type":"default-arg","locations":[{"start":{"line":63,"column":28},"end":{"line":63,"column":33}}],"line":63},"8":{"loc":{"start":{"line":68,"column":8},"end":{"line":70,"column":9}},"type":"if","locations":[{"start":{"line":68,"column":8},"end":{"line":70,"column":9}},{"start":{"line":68,"column":8},"end":{"line":70,"column":9}}],"line":68},"9":{"loc":{"start":{"line":72,"column":8},"end":{"line":74,"column":9}},"type":"if","locations":[{"start":{"line":72,"column":8},"end":{"line":74,"column":9}},{"start":{"line":72,"column":8},"end":{"line":74,"column":9}}],"line":72},"10":{"loc":{"start":{"line":82,"column":8},"end":{"line":84,"column":9}},"type":"if","locations":[{"start":{"line":82,"column":8},"end":{"line":84,"column":9}},{"start":{"line":82,"column":8},"end":{"line":84,"column":9}}],"line":82},"11":{"loc":{"start":{"line":89,"column":8},"end":{"line":91,"column":9}},"type":"if","locations":[{"start":{"line":89,"column":8},"end":{"line":91,"column":9}},{"start":{"line":89,"column":8},"end":{"line":91,"column":9}}],"line":89},"12":{"loc":{"start":{"line":109,"column":16},"end":{"line":110,"column":57}},"type":"if","locations":[{"start":{"line":109,"column":16},"end":{"line":110,"column":57}},{"start":{"line":109,"column":16},"end":{"line":110,"column":57}}],"line":109},"13":{"loc":{"start":{"line":125,"column":16},"end":{"line":132,"column":17}},"type":"if","locations":[{"start":{"line":125,"column":16},"end":{"line":132,"column":17}},{"start":{"line":125,"column":16},"end":{"line":132,"column":17}}],"line":125},"14":{"loc":{"start":{"line":160,"column":12},"end":{"line":161,"column":56}},"type":"if","locations":[{"start":{"line":160,"column":12},"end":{"line":161,"column":56}},{"start":{"line":160,"column":12},"end":{"line":161,"column":56}}],"line":160},"15":{"loc":{"start":{"line":171,"column":8},"end":{"line":172,"column":53}},"type":"if","locations":[{"start":{"line":171,"column":8},"end":{"line":172,"column":53}},{"start":{"line":171,"column":8},"end":{"line":172,"column":53}}],"line":171},"16":{"loc":{"start":{"line":180,"column":8},"end":{"line":181,"column":48}},"type":"if","locations":[{"start":{"line":180,"column":8},"end":{"line":181,"column":48}},{"start":{"line":180,"column":8},"end":{"line":181,"column":48}}],"line":180},"17":{"loc":{"start":{"line":201,"column":8},"end":{"line":202,"column":51}},"type":"if","locations":[{"start":{"line":201,"column":8},"end":{"line":202,"column":51}},{"start":{"line":201,"column":8},"end":{"line":202,"column":51}}],"line":201},"18":{"loc":{"start":{"line":217,"column":8},"end":{"line":219,"column":9}},"type":"if","locations":[{"start":{"line":217,"column":8},"end":{"line":219,"column":9}},{"start":{"line":217,"column":8},"end":{"line":219,"column":9}}],"line":217},"19":{"loc":{"start":{"line":229,"column":8},"end":{"line":231,"column":9}},"type":"if","locations":[{"start":{"line":229,"column":8},"end":{"line":231,"column":9}},{"start":{"line":229,"column":8},"end":{"line":231,"column":9}}],"line":229},"20":{"loc":{"start":{"line":248,"column":8},"end":{"line":250,"column":9}},"type":"if","locations":[{"start":{"line":248,"column":8},"end":{"line":250,"column":9}},{"start":{"line":248,"column":8},"end":{"line":250,"column":9}}],"line":248},"21":{"loc":{"start":{"line":256,"column":8},"end":{"line":258,"column":9}},"type":"if","locations":[{"start":{"line":256,"column":8},"end":{"line":258,"column":9}},{"start":{"line":256,"column":8},"end":{"line":258,"column":9}}],"line":256},"22":{"loc":{"start":{"line":292,"column":8},"end":{"line":294,"column":9}},"type":"if","locations":[{"start":{"line":292,"column":8},"end":{"line":294,"column":9}},{"start":{"line":292,"column":8},"end":{"line":294,"column":9}}],"line":292},"23":{"loc":{"start":{"line":314,"column":12},"end":{"line":317,"column":13}},"type":"if","locations":[{"start":{"line":314,"column":12},"end":{"line":317,"column":13}},{"start":{"line":314,"column":12},"end":{"line":317,"column":13}}],"line":314},"24":{"loc":{"start":{"line":330,"column":8},"end":{"line":333,"column":9}},"type":"if","locations":[{"start":{"line":330,"column":8},"end":{"line":333,"column":9}},{"start":{"line":330,"column":8},"end":{"line":333,"column":9}}],"line":330},"25":{"loc":{"start":{"line":335,"column":8},"end":{"line":346,"column":9}},"type":"if","locations":[{"start":{"line":335,"column":8},"end":{"line":346,"column":9}},{"start":{"line":335,"column":8},"end":{"line":346,"column":9}}],"line":335},"26":{"loc":{"start":{"line":335,"column":12},"end":{"line":335,"column":108}},"type":"binary-expr","locations":[{"start":{"line":335,"column":12},"end":{"line":335,"column":42}},{"start":{"line":335,"column":46},"end":{"line":335,"column":79}},{"start":{"line":335,"column":83},"end":{"line":335,"column":108}}],"line":335},"27":{"loc":{"start":{"line":336,"column":12},"end":{"line":338,"column":13}},"type":"if","locations":[{"start":{"line":336,"column":12},"end":{"line":338,"column":13}},{"start":{"line":336,"column":12},"end":{"line":338,"column":13}}],"line":336},"28":{"loc":{"start":{"line":350,"column":8},"end":{"line":352,"column":9}},"type":"if","locations":[{"start":{"line":350,"column":8},"end":{"line":352,"column":9}},{"start":{"line":350,"column":8},"end":{"line":352,"column":9}}],"line":350},"29":{"loc":{"start":{"line":360,"column":8},"end":{"line":366,"column":9}},"type":"if","locations":[{"start":{"line":360,"column":8},"end":{"line":366,"column":9}},{"start":{"line":360,"column":8},"end":{"line":366,"column":9}}],"line":360},"30":{"loc":{"start":{"line":361,"column":12},"end":{"line":363,"column":13}},"type":"if","locations":[{"start":{"line":361,"column":12},"end":{"line":363,"column":13}},{"start":{"line":361,"column":12},"end":{"line":363,"column":13}}],"line":361},"31":{"loc":{"start":{"line":369,"column":8},"end":{"line":386,"column":9}},"type":"if","locations":[{"start":{"line":369,"column":8},"end":{"line":386,"column":9}},{"start":{"line":369,"column":8},"end":{"line":386,"column":9}}],"line":369},"32":{"loc":{"start":{"line":418,"column":8},"end":{"line":424,"column":9}},"type":"if","locations":[{"start":{"line":418,"column":8},"end":{"line":424,"column":9}},{"start":{"line":418,"column":8},"end":{"line":424,"column":9}}],"line":418},"33":{"loc":{"start":{"line":419,"column":12},"end":{"line":421,"column":13}},"type":"if","locations":[{"start":{"line":419,"column":12},"end":{"line":421,"column":13}},{"start":{"line":419,"column":12},"end":{"line":421,"column":13}}],"line":419},"34":{"loc":{"start":{"line":426,"column":8},"end":{"line":430,"column":9}},"type":"if","locations":[{"start":{"line":426,"column":8},"end":{"line":430,"column":9}},{"start":{"line":426,"column":8},"end":{"line":430,"column":9}}],"line":426},"35":{"loc":{"start":{"line":427,"column":12},"end":{"line":429,"column":13}},"type":"if","locations":[{"start":{"line":427,"column":12},"end":{"line":429,"column":13}},{"start":{"line":427,"column":12},"end":{"line":429,"column":13}}],"line":427},"36":{"loc":{"start":{"line":445,"column":8},"end":{"line":449,"column":9}},"type":"if","locations":[{"start":{"line":445,"column":8},"end":{"line":449,"column":9}},{"start":{"line":445,"column":8},"end":{"line":449,"column":9}}],"line":445},"37":{"loc":{"start":{"line":447,"column":15},"end":{"line":449,"column":9}},"type":"if","locations":[{"start":{"line":447,"column":15},"end":{"line":449,"column":9}},{"start":{"line":447,"column":15},"end":{"line":449,"column":9}}],"line":447},"38":{"loc":{"start":{"line":447,"column":19},"end":{"line":447,"column":60}},"type":"binary-expr","locations":[{"start":{"line":447,"column":19},"end":{"line":447,"column":37}},{"start":{"line":447,"column":41},"end":{"line":447,"column":60}}],"line":447},"39":{"loc":{"start":{"line":468,"column":8},"end":{"line":472,"column":9}},"type":"if","locations":[{"start":{"line":468,"column":8},"end":{"line":472,"column":9}},{"start":{"line":468,"column":8},"end":{"line":472,"column":9}}],"line":468},"40":{"loc":{"start":{"line":470,"column":15},"end":{"line":472,"column":9}},"type":"if","locations":[{"start":{"line":470,"column":15},"end":{"line":472,"column":9}},{"start":{"line":470,"column":15},"end":{"line":472,"column":9}}],"line":470},"41":{"loc":{"start":{"line":470,"column":19},"end":{"line":470,"column":60}},"type":"binary-expr","locations":[{"start":{"line":470,"column":19},"end":{"line":470,"column":37}},{"start":{"line":470,"column":41},"end":{"line":470,"column":60}}],"line":470},"42":{"loc":{"start":{"line":550,"column":52},"end":{"line":550,"column":64}},"type":"default-arg","locations":[{"start":{"line":550,"column":59},"end":{"line":550,"column":64}}],"line":550},"43":{"loc":{"start":{"line":561,"column":45},"end":{"line":561,"column":61}},"type":"default-arg","locations":[{"start":{"line":561,"column":56},"end":{"line":561,"column":61}}],"line":561},"44":{"loc":{"start":{"line":561,"column":63},"end":{"line":561,"column":73}},"type":"default-arg","locations":[{"start":{"line":561,"column":71},"end":{"line":561,"column":73}}],"line":561},"45":{"loc":{"start":{"line":573,"column":43},"end":{"line":573,"column":56}},"type":"default-arg","locations":[{"start":{"line":573,"column":51},"end":{"line":573,"column":56}}],"line":573},"46":{"loc":{"start":{"line":573,"column":58},"end":{"line":573,"column":75}},"type":"default-arg","locations":[{"start":{"line":573,"column":70},"end":{"line":573,"column":75}}],"line":573},"47":{"loc":{"start":{"line":578,"column":8},"end":{"line":580,"column":9}},"type":"if","locations":[{"start":{"line":578,"column":8},"end":{"line":580,"column":9}},{"start":{"line":578,"column":8},"end":{"line":580,"column":9}}],"line":578},"48":{"loc":{"start":{"line":581,"column":8},"end":{"line":583,"column":9}},"type":"if","locations":[{"start":{"line":581,"column":8},"end":{"line":583,"column":9}},{"start":{"line":581,"column":8},"end":{"line":583,"column":9}}],"line":581}},"s":{"0":0,"1":0,"2":0,"3":0,"4":0,"5":0,"6":0,"7":0,"8":0,"9":0,"10":0,"11":0,"12":0,"13":0,"14":0,"15":0,"16":0,"17":0,"18":0,"19":0,"20":0,"21":0,"22":0,"23":0,"24":0,"25":0,"26":0,"27":0,"28":0,"29":0,"30":0,"31":0,"32":0,"33":0,"34":0,"35":0,"36":0,"37":0,"38":0,"39":0,"40":0,"41":0,"42":0,"43":0,"44":0,"45":0,"46":0,"47":0,"48":0,"49":0,"50":0,"51":0,"52":0,"53":0,"54":0,"55":0,"56":0,"57":0,"58":0,"59":0,"60":0,"61":0,"62":0,"63":0,"64":0,"65":0,"66":0,"67":0,"68":0,"69":0,"70":0,"71":0,"72":0,"73":0,"74":0,"75":0,"76":0,"77":0,"78":0,"79":0,"80":0,"81":0,"82":0,"83":0,"84":0,"85":0,"86":0,"87":0,"88":0,"89":0,"90":0,"91":0,"92":0,"93":0,"94":0,"95":0,"96":0,"97":0,"98":0,"99":0,"100":0,"101":0,"102":0,"103":0,"104":0,"105":0,"106":0,"107":0,"108":0,"109":0,"110":0,"111":0,"112":0,"113":0,"114":0,"115":0,"116":0,"117":0,"118":0,"119":0,"120":0,"121":0,"122":0,"123":0,"124":0,"125":0,"126":0,"127":0,"128":0,"129":0,"130":0,"131":0,"132":0,"133":0,"134":0,"135":0,"136":0,"137":0,"138":0,"139":0,"140":0,"141":0,"142":0,"143":0,"144":0,"145":0,"146":0,"147":0,"148":0,"149":0,"150":0,"151":0,"152":0,"153":0,"154":0,"155":0,"156":0,"157":0,"158":0,"159":0,"160":0,"161":0,"162":0,"163":0,"164":0,"165":0,"166":0,"167":0,"168":0,"169":0,"170":0,"171":0,"172":0,"173":0,"174":0,"175":0,"176":0,"177":0,"178":0,"179":0,"180":0,"181":0,"182":0,"183":0,"184":0,"185":0,"186":0,"187":0,"188":0,"189":0,"190":0,"191":0,"192":0,"193":0,"194":0,"195":0,"196":0,"197":0,"198":0,"199":0,"200":0,"201":0,"202":0,"203":0,"204":0,"205":0,"206":0,"207":0,"208":0,"209":0,"210":0,"211":0,"212":0,"213":0,"214":0,"215":0,"216":0,"217":0,"218":0,"219":0,"220":0,"221":0,"222":0,"223":0,"224":0,"225":0,"226":0,"227":0,"228":0,"229":0,"230":0,"231":0,"232":0,"233":0,"234":0,"235":0,"236":0,"237":0,"238":0,"239":0,"240":0,"241":0,"242":0,"243":0,"244":0,"245":0,"246":0,"247":0,"248":0,"249":0,"250":0,"251":0,"252":0,"253":0,"254":0,"255":0,"256":0,"257":0,"258":0,"259":0,"260":0,"261":0,"262":0,"263":0,"264":0,"265":0,"266":0,"267":0,"268":0,"269":0,"270":0,"271":0,"272":0,"273":0,"274":0,"275":0,"276":0,"277":0},"f":{"0":0,"1":0,"2":0,"3":0,"4":0,"5":0,"6":0,"7":0,"8":0,"9":0,"10":0,"11":0,"12":0,"13":0,"14":0,"15":0,"16":0,"17":0,"18":0,"19":0,"20":0,"21":0,"22":0,"23":0,"24":0,"25":0,"26":0,"27":0,"28":0,"29":0,"30":0,"31":0,"32":0,"33":0,"34":0,"35":0,"36":0,"37":0,"38":0,"39":0,"40":0,"41":0,"42":0,"43":0,"44":0,"45":0,"46":0,"47":0,"48":0,"49":0,"50":0,"51":0,"52":0,"53":0,"54":0,"55":0,"56":0,"57":0,"58":0,"59":0,"60":0,"61":0,"62":0,"63":0},"b":{"0":[0],"1":[0],"2":[0,0],"3":[0,0],"4":[0,0],"5":[0,0],"6":[0,0],"7":[0],"8":[0,0],"9":[0,0],"10":[0,0],"11":[0,0],"12":[0,0],"13":[0,0],"14":[0,0],"15":[0,0],"16":[0,0],"17":[0,0],"18":[0,0],"19":[0,0],"20":[0,0],"21":[0,0],"22":[0,0],"23":[0,0],"24":[0,0],"25":[0,0],"26":[0,0,0],"27":[0,0],"28":[0,0],"29":[0,0],"30":[0,0],"31":[0,0],"32":[0,0],"33":[0,0],"34":[0,0],"35":[0,0],"36":[0,0],"37":[0,0],"38":[0,0],"39":[0,0],"40":[0,0],"41":[0,0],"42":[0],"43":[0],"44":[0],"45":[0],"46":[0],"47":[0,0],"48":[0,0]}}
,"/Users/christopherqueen/Documents/workspace/btc-trading-app/src/deribit.js": {"path":"/Users/christopherqueen/Documents/workspace/btc-trading-app/src/deribit.js","statementMap":{"0":{"start":{"line":5,"column":15},"end":{"line":5,"column":34}},"1":{"start":{"line":6,"column":14},"end":{"line":6,"column":30}},"2":{"start":{"line":8,"column":15},"end":{"line":8,"column":44}},"3":{"start":{"line":10,"column":0},"end":{"line":24,"column":3}},"4":{"start":{"line":15,"column":4},"end":{"line":15,"column":73}},"5":{"start":{"line":16,"column":4},"end":{"line":16,"column":55}},"6":{"start":{"line":17,"column":4},"end":{"line":17,"column":26}},"7":{"start":{"line":18,"column":4},"end":{"line":18,"column":24}},"8":{"start":{"line":19,"column":4},"end":{"line":19,"column":27}},"9":{"start":{"line":20,"column":4},"end":{"line":20,"column":25}},"10":{"start":{"line":21,"column":4},"end":{"line":21,"column":55}},"11":{"start":{"line":30,"column":8},"end":{"line":30,"column":29}},"12":{"start":{"line":31,"column":8},"end":{"line":31,"column":26}},"13":{"start":{"line":32,"column":8},"end":{"line":32,"column":40}},"14":{"start":{"line":34,"column":8},"end":{"line":38,"column":10}},"15":{"start":{"line":40,"column":8},"end":{"line":40,"column":37}},"16":{"start":{"line":41,"column":8},"end":{"line":41,"column":41}},"17":{"start":{"line":43,"column":8},"end":{"line":43,"column":45}},"18":{"start":{"line":45,"column":8},"end":{"line":71,"column":10}},"19":{"start":{"line":73,"column":8},"end":{"line":78,"column":10}},"20":{"start":{"line":81,"column":20},"end":{"line":81,"column":35}},"21":{"start":{"line":82,"column":23},"end":{"line":82,"column":41}},"22":{"start":{"line":83,"column":23},"end":{"line":83,"column":41}},"23":{"start":{"line":84,"column":22},"end":{"line":84,"column":26}},"24":{"start":{"line":86,"column":8},"end":{"line":92,"column":9}},"25":{"start":{"line":87,"column":12},"end":{"line":87,"column":42}},"26":{"start":{"line":88,"column":12},"end":{"line":88,"column":71}},"27":{"start":{"line":90,"column":12},"end":{"line":90,"column":121}},"28":{"start":{"line":91,"column":12},"end":{"line":91,"column":28}},"29":{"start":{"line":98,"column":8},"end":{"line":98,"column":31}},"30":{"start":{"line":102,"column":8},"end":{"line":102,"column":49}},"31":{"start":{"line":103,"column":8},"end":{"line":109,"column":15}},"32":{"start":{"line":105,"column":16},"end":{"line":105,"column":52}},"33":{"start":{"line":108,"column":16},"end":{"line":108,"column":69}},"34":{"start":{"line":122,"column":8},"end":{"line":128,"column":15}},"35":{"start":{"line":124,"column":16},"end":{"line":124,"column":71}},"36":{"start":{"line":127,"column":16},"end":{"line":127,"column":89}},"37":{"start":{"line":131,"column":8},"end":{"line":131,"column":39}},"38":{"start":{"line":134,"column":8},"end":{"line":134,"column":39}},"39":{"start":{"line":137,"column":8},"end":{"line":137,"column":47}},"40":{"start":{"line":144,"column":8},"end":{"line":144,"column":50}},"41":{"start":{"line":146,"column":8},"end":{"line":146,"column":77}},"42":{"start":{"line":149,"column":8},"end":{"line":149,"column":56}},"43":{"start":{"line":152,"column":8},"end":{"line":152,"column":47}},"44":{"start":{"line":157,"column":8},"end":{"line":157,"column":31}},"45":{"start":{"line":161,"column":8},"end":{"line":163,"column":9}},"46":{"start":{"line":162,"column":12},"end":{"line":162,"column":34}},"47":{"start":{"line":165,"column":20},"end":{"line":165,"column":31}},"48":{"start":{"line":167,"column":36},"end":{"line":167,"column":71}},"49":{"start":{"line":168,"column":39},"end":{"line":168,"column":87}},"50":{"start":{"line":170,"column":8},"end":{"line":175,"column":34}},"51":{"start":{"line":171,"column":12},"end":{"line":171,"column":29}},"52":{"start":{"line":172,"column":13},"end":{"line":175,"column":34}},"53":{"start":{"line":173,"column":12},"end":{"line":173,"column":29}},"54":{"start":{"line":174,"column":13},"end":{"line":175,"column":34}},"55":{"start":{"line":175,"column":12},"end":{"line":175,"column":34}},"56":{"start":{"line":179,"column":23},"end":{"line":179,"column":51}},"57":{"start":{"line":180,"column":24},"end":{"line":180,"column":26}},"58":{"start":{"line":181,"column":29},"end":{"line":181,"column":67}},"59":{"start":{"line":183,"column":8},"end":{"line":185,"column":9}},"60":{"start":{"line":184,"column":12},"end":{"line":184,"column":57}},"61":{"start":{"line":186,"column":8},"end":{"line":186,"column":103}},"62":{"start":{"line":187,"column":8},"end":{"line":189,"column":9}},"63":{"start":{"line":188,"column":12},"end":{"line":188,"column":33}},"64":{"start":{"line":193,"column":8},"end":{"line":193,"column":45}},"65":{"start":{"line":198,"column":8},"end":{"line":198,"column":37}},"66":{"start":{"line":203,"column":8},"end":{"line":203,"column":39}},"67":{"start":{"line":208,"column":8},"end":{"line":208,"column":76}},"68":{"start":{"line":213,"column":8},"end":{"line":217,"column":15}},"69":{"start":{"line":215,"column":16},"end":{"line":215,"column":56}},"70":{"start":{"line":216,"column":16},"end":{"line":216,"column":38}},"71":{"start":{"line":222,"column":8},"end":{"line":226,"column":15}},"72":{"start":{"line":224,"column":16},"end":{"line":224,"column":56}},"73":{"start":{"line":225,"column":16},"end":{"line":225,"column":38}},"74":{"start":{"line":230,"column":8},"end":{"line":233,"column":15}},"75":{"start":{"line":232,"column":16},"end":{"line":232,"column":56}},"76":{"start":{"line":237,"column":8},"end":{"line":237,"column":29}},"77":{"start":{"line":242,"column":8},"end":{"line":253,"column":15}},"78":{"start":{"line":244,"column":16},"end":{"line":249,"column":17}},"79":{"start":{"line":245,"column":20},"end":{"line":245,"column":51}},"80":{"start":{"line":247,"column":20},"end":{"line":247,"column":55}},"81":{"start":{"line":248,"column":20},"end":{"line":248,"column":57}},"82":{"start":{"line":252,"column":16},"end":{"line":252,"column":73}},"83":{"start":{"line":257,"column":21},"end":{"line":257,"column":49}},"84":{"start":{"line":259,"column":8},"end":{"line":267,"column":15}},"85":{"start":{"line":260,"column":22},"end":{"line":260,"column":33}},"86":{"start":{"line":261,"column":24},"end":{"line":261,"column":35}},"87":{"start":{"line":263,"column":12},"end":{"line":265,"column":13}},"88":{"start":{"line":264,"column":16},"end":{"line":264,"column":33}},"89":{"start":{"line":266,"column":12},"end":{"line":266,"column":23}},"90":{"start":{"line":273,"column":30},"end":{"line":273,"column":46}},"91":{"start":{"line":274,"column":27},"end":{"line":274,"column":48}},"92":{"start":{"line":275,"column":25},"end":{"line":275,"column":61}},"93":{"start":{"line":276,"column":8},"end":{"line":276,"column":48}},"94":{"start":{"line":277,"column":8},"end":{"line":277,"column":34}},"95":{"start":{"line":279,"column":27},"end":{"line":285,"column":9}},"96":{"start":{"line":295,"column":8},"end":{"line":338,"column":9}},"97":{"start":{"line":297,"column":16},"end":{"line":297,"column":68}},"98":{"start":{"line":299,"column":16},"end":{"line":299,"column":51}},"99":{"start":{"line":300,"column":16},"end":{"line":300,"column":55}},"100":{"start":{"line":303,"column":16},"end":{"line":303,"column":114}},"101":{"start":{"line":304,"column":16},"end":{"line":315,"column":23}},"102":{"start":{"line":306,"column":24},"end":{"line":308,"column":25}},"103":{"start":{"line":307,"column":28},"end":{"line":307,"column":76}},"104":{"start":{"line":310,"column":24},"end":{"line":310,"column":93}},"105":{"start":{"line":313,"column":24},"end":{"line":313,"column":155}},"106":{"start":{"line":314,"column":24},"end":{"line":314,"column":55}},"107":{"start":{"line":316,"column":16},"end":{"line":316,"column":22}},"108":{"start":{"line":318,"column":16},"end":{"line":318,"column":68}},"109":{"start":{"line":320,"column":16},"end":{"line":320,"column":51}},"110":{"start":{"line":321,"column":16},"end":{"line":321,"column":55}},"111":{"start":{"line":324,"column":16},"end":{"line":324,"column":114}},"112":{"start":{"line":325,"column":16},"end":{"line":336,"column":23}},"113":{"start":{"line":327,"column":24},"end":{"line":329,"column":25}},"114":{"start":{"line":328,"column":28},"end":{"line":328,"column":76}},"115":{"start":{"line":331,"column":24},"end":{"line":331,"column":92}},"116":{"start":{"line":334,"column":24},"end":{"line":334,"column":157}},"117":{"start":{"line":335,"column":24},"end":{"line":335,"column":55}},"118":{"start":{"line":337,"column":16},"end":{"line":337,"column":22}},"119":{"start":{"line":342,"column":8},"end":{"line":351,"column":15}},"120":{"start":{"line":344,"column":16},"end":{"line":346,"column":17}},"121":{"start":{"line":345,"column":20},"end":{"line":345,"column":52}},"122":{"start":{"line":347,"column":16},"end":{"line":347,"column":89}},"123":{"start":{"line":350,"column":16},"end":{"line":350,"column":72}},"124":{"start":{"line":355,"column":22},"end":{"line":355,"column":61}},"125":{"start":{"line":357,"column":8},"end":{"line":384,"column":15}},"126":{"start":{"line":359,"column":20},"end":{"line":359,"column":66}},"127":{"start":{"line":363,"column":16},"end":{"line":379,"column":19}},"128":{"start":{"line":364,"column":20},"end":{"line":364,"column":87}},"129":{"start":{"line":365,"column":20},"end":{"line":378,"column":21}},"130":{"start":{"line":366,"column":24},"end":{"line":375,"column":25}},"131":{"start":{"line":367,"column":43},"end":{"line":367,"column":63}},"132":{"start":{"line":368,"column":28},"end":{"line":368,"column":130}},"133":{"start":{"line":369,"column":28},"end":{"line":369,"column":114}},"134":{"start":{"line":370,"column":28},"end":{"line":370,"column":178}},"135":{"start":{"line":371,"column":28},"end":{"line":371,"column":90}},"136":{"start":{"line":373,"column":28},"end":{"line":373,"column":81}},"137":{"start":{"line":374,"column":28},"end":{"line":374,"column":70}},"138":{"start":{"line":377,"column":24},"end":{"line":377,"column":55}},"139":{"start":{"line":382,"column":16},"end":{"line":382,"column":78}},"140":{"start":{"line":388,"column":22},"end":{"line":388,"column":42}},"141":{"start":{"line":390,"column":8},"end":{"line":404,"column":15}},"142":{"start":{"line":392,"column":20},"end":{"line":392,"column":66}},"143":{"start":{"line":396,"column":16},"end":{"line":399,"column":19}},"144":{"start":{"line":397,"column":20},"end":{"line":397,"column":42}},"145":{"start":{"line":402,"column":16},"end":{"line":402,"column":75}},"146":{"start":{"line":409,"column":19},"end":{"line":409,"column":29}},"147":{"start":{"line":410,"column":8},"end":{"line":410,"column":28}},"148":{"start":{"line":411,"column":23},"end":{"line":411,"column":41}},"149":{"start":{"line":412,"column":8},"end":{"line":412,"column":27}},"150":{"start":{"line":413,"column":22},"end":{"line":413,"column":40}},"151":{"start":{"line":414,"column":8},"end":{"line":414,"column":68}},"152":{"start":{"line":415,"column":8},"end":{"line":480,"column":15}},"153":{"start":{"line":418,"column":27},"end":{"line":418,"column":29}},"154":{"start":{"line":420,"column":16},"end":{"line":423,"column":17}},"155":{"start":{"line":421,"column":20},"end":{"line":421,"column":96}},"156":{"start":{"line":422,"column":20},"end":{"line":422,"column":32}},"157":{"start":{"line":424,"column":29},"end":{"line":424,"column":44}},"158":{"start":{"line":429,"column":29},"end":{"line":429,"column":54}},"159":{"start":{"line":431,"column":16},"end":{"line":433,"column":17}},"160":{"start":{"line":432,"column":20},"end":{"line":432,"column":32}},"161":{"start":{"line":436,"column":32},"end":{"line":436,"column":62}},"162":{"start":{"line":440,"column":33},"end":{"line":440,"column":64}},"163":{"start":{"line":442,"column":16},"end":{"line":463,"column":17}},"164":{"start":{"line":442,"column":29},"end":{"line":442,"column":30}},"165":{"start":{"line":443,"column":35},"end":{"line":446,"column":21}},"166":{"start":{"line":448,"column":20},"end":{"line":454,"column":21}},"167":{"start":{"line":449,"column":24},"end":{"line":449,"column":53}},"168":{"start":{"line":450,"column":24},"end":{"line":450,"column":53}},"169":{"start":{"line":451,"column":24},"end":{"line":451,"column":51}},"170":{"start":{"line":453,"column":24},"end":{"line":453,"column":86}},"171":{"start":{"line":461,"column":20},"end":{"line":461,"column":40}},"172":{"start":{"line":465,"column":16},"end":{"line":465,"column":28}},"173":{"start":{"line":468,"column":16},"end":{"line":468,"column":64}},"174":{"start":{"line":469,"column":27},"end":{"line":469,"column":29}},"175":{"start":{"line":470,"column":16},"end":{"line":478,"column":17}},"176":{"start":{"line":471,"column":20},"end":{"line":471,"column":54}},"177":{"start":{"line":472,"column":20},"end":{"line":477,"column":26}},"178":{"start":{"line":474,"column":32},"end":{"line":474,"column":106}},"179":{"start":{"line":475,"column":32},"end":{"line":475,"column":44}},"180":{"start":{"line":479,"column":16},"end":{"line":479,"column":28}},"181":{"start":{"line":484,"column":22},"end":{"line":484,"column":68}},"182":{"start":{"line":485,"column":8},"end":{"line":494,"column":15}},"183":{"start":{"line":487,"column":20},"end":{"line":487,"column":66}},"184":{"start":{"line":490,"column":16},"end":{"line":490,"column":56}},"185":{"start":{"line":493,"column":16},"end":{"line":493,"column":78}},"186":{"start":{"line":499,"column":22},"end":{"line":499,"column":60}},"187":{"start":{"line":500,"column":8},"end":{"line":509,"column":15}},"188":{"start":{"line":502,"column":20},"end":{"line":502,"column":66}},"189":{"start":{"line":505,"column":16},"end":{"line":505,"column":56}},"190":{"start":{"line":508,"column":16},"end":{"line":508,"column":78}},"191":{"start":{"line":514,"column":8},"end":{"line":517,"column":15}},"192":{"start":{"line":516,"column":16},"end":{"line":516,"column":71}},"193":{"start":{"line":522,"column":22},"end":{"line":522,"column":55}},"194":{"start":{"line":523,"column":8},"end":{"line":541,"column":9}},"195":{"start":{"line":524,"column":12},"end":{"line":538,"column":19}},"196":{"start":{"line":526,"column":24},"end":{"line":526,"column":70}},"197":{"start":{"line":529,"column":20},"end":{"line":534,"column":23}},"198":{"start":{"line":530,"column":24},"end":{"line":532,"column":25}},"199":{"start":{"line":531,"column":28},"end":{"line":531,"column":84}},"200":{"start":{"line":537,"column":20},"end":{"line":537,"column":82}},"201":{"start":{"line":540,"column":12},"end":{"line":540,"column":57}},"202":{"start":{"line":546,"column":8},"end":{"line":546,"column":97}},"203":{"start":{"line":550,"column":8},"end":{"line":562,"column":15}},"204":{"start":{"line":552,"column":16},"end":{"line":556,"column":17}},"205":{"start":{"line":553,"column":20},"end":{"line":553,"column":56}},"206":{"start":{"line":555,"column":20},"end":{"line":555,"column":29}},"207":{"start":{"line":561,"column":16},"end":{"line":561,"column":81}},"208":{"start":{"line":566,"column":8},"end":{"line":573,"column":15}},"209":{"start":{"line":569,"column":16},"end":{"line":569,"column":78}},"210":{"start":{"line":572,"column":16},"end":{"line":572,"column":65}},"211":{"start":{"line":577,"column":8},"end":{"line":577,"column":32}},"212":{"start":{"line":581,"column":8},"end":{"line":581,"column":37}},"213":{"start":{"line":582,"column":8},"end":{"line":607,"column":15}},"214":{"start":{"line":585,"column":16},"end":{"line":603,"column":17}},"215":{"start":{"line":586,"column":20},"end":{"line":601,"column":21}},"216":{"start":{"line":586,"column":33},"end":{"line":586,"column":34}},"217":{"start":{"line":587,"column":45},"end":{"line":587,"column":81}},"218":{"start":{"line":589,"column":47},"end":{"line":598,"column":30}},"219":{"start":{"line":591,"column":32},"end":{"line":593,"column":33}},"220":{"start":{"line":592,"column":36},"end":{"line":592,"column":72}},"221":{"start":{"line":596,"column":32},"end":{"line":596,"column":93}},"222":{"start":{"line":597,"column":32},"end":{"line":597,"column":73}},"223":{"start":{"line":600,"column":24},"end":{"line":600,"column":79}},"224":{"start":{"line":606,"column":16},"end":{"line":606,"column":76}},"225":{"start":{"line":612,"column":0},"end":{"line":612,"column":25}}},"fnMap":{"0":{"name":"(anonymous_0)","decl":{"start":{"line":10,"column":33},"end":{"line":10,"column":34}},"loc":{"start":{"line":10,"column":60},"end":{"line":24,"column":1}},"line":10},"1":{"name":"(anonymous_1)","decl":{"start":{"line":29,"column":4},"end":{"line":29,"column":5}},"loc":{"start":{"line":29,"column":18},"end":{"line":95,"column":5}},"line":29},"2":{"name":"(anonymous_2)","decl":{"start":{"line":97,"column":4},"end":{"line":97,"column":5}},"loc":{"start":{"line":97,"column":20},"end":{"line":99,"column":5}},"line":97},"3":{"name":"(anonymous_3)","decl":{"start":{"line":101,"column":4},"end":{"line":101,"column":5}},"loc":{"start":{"line":101,"column":17},"end":{"line":140,"column":5}},"line":101},"4":{"name":"(anonymous_4)","decl":{"start":{"line":104,"column":18},"end":{"line":104,"column":19}},"loc":{"start":{"line":104,"column":24},"end":{"line":106,"column":13}},"line":104},"5":{"name":"(anonymous_5)","decl":{"start":{"line":107,"column":19},"end":{"line":107,"column":20}},"loc":{"start":{"line":107,"column":30},"end":{"line":109,"column":13}},"line":107},"6":{"name":"(anonymous_6)","decl":{"start":{"line":123,"column":18},"end":{"line":123,"column":19}},"loc":{"start":{"line":123,"column":24},"end":{"line":125,"column":13}},"line":123},"7":{"name":"(anonymous_7)","decl":{"start":{"line":126,"column":19},"end":{"line":126,"column":20}},"loc":{"start":{"line":126,"column":30},"end":{"line":128,"column":13}},"line":126},"8":{"name":"(anonymous_8)","decl":{"start":{"line":142,"column":4},"end":{"line":142,"column":5}},"loc":{"start":{"line":142,"column":49},"end":{"line":153,"column":5}},"line":142},"9":{"name":"(anonymous_9)","decl":{"start":{"line":156,"column":4},"end":{"line":156,"column":5}},"loc":{"start":{"line":156,"column":20},"end":{"line":158,"column":5}},"line":156},"10":{"name":"(anonymous_10)","decl":{"start":{"line":160,"column":4},"end":{"line":160,"column":5}},"loc":{"start":{"line":160,"column":20},"end":{"line":176,"column":5}},"line":160},"11":{"name":"(anonymous_11)","decl":{"start":{"line":178,"column":4},"end":{"line":178,"column":5}},"loc":{"start":{"line":178,"column":35},"end":{"line":190,"column":5}},"line":178},"12":{"name":"(anonymous_12)","decl":{"start":{"line":192,"column":4},"end":{"line":192,"column":5}},"loc":{"start":{"line":192,"column":17},"end":{"line":194,"column":5}},"line":192},"13":{"name":"(anonymous_13)","decl":{"start":{"line":197,"column":4},"end":{"line":197,"column":5}},"loc":{"start":{"line":197,"column":28},"end":{"line":199,"column":5}},"line":197},"14":{"name":"(anonymous_14)","decl":{"start":{"line":202,"column":4},"end":{"line":202,"column":5}},"loc":{"start":{"line":202,"column":29},"end":{"line":204,"column":5}},"line":202},"15":{"name":"(anonymous_15)","decl":{"start":{"line":207,"column":4},"end":{"line":207,"column":5}},"loc":{"start":{"line":207,"column":25},"end":{"line":209,"column":5}},"line":207},"16":{"name":"(anonymous_16)","decl":{"start":{"line":212,"column":4},"end":{"line":212,"column":5}},"loc":{"start":{"line":212,"column":50},"end":{"line":218,"column":5}},"line":212},"17":{"name":"(anonymous_17)","decl":{"start":{"line":214,"column":19},"end":{"line":214,"column":20}},"loc":{"start":{"line":214,"column":30},"end":{"line":217,"column":13}},"line":214},"18":{"name":"(anonymous_18)","decl":{"start":{"line":221,"column":4},"end":{"line":221,"column":5}},"loc":{"start":{"line":221,"column":30},"end":{"line":227,"column":5}},"line":221},"19":{"name":"(anonymous_19)","decl":{"start":{"line":223,"column":19},"end":{"line":223,"column":20}},"loc":{"start":{"line":223,"column":30},"end":{"line":226,"column":13}},"line":223},"20":{"name":"(anonymous_20)","decl":{"start":{"line":229,"column":4},"end":{"line":229,"column":5}},"loc":{"start":{"line":229,"column":58},"end":{"line":234,"column":5}},"line":229},"21":{"name":"(anonymous_21)","decl":{"start":{"line":231,"column":19},"end":{"line":231,"column":20}},"loc":{"start":{"line":231,"column":30},"end":{"line":233,"column":13}},"line":231},"22":{"name":"(anonymous_22)","decl":{"start":{"line":236,"column":4},"end":{"line":236,"column":5}},"loc":{"start":{"line":236,"column":18},"end":{"line":238,"column":5}},"line":236},"23":{"name":"(anonymous_23)","decl":{"start":{"line":241,"column":4},"end":{"line":241,"column":5}},"loc":{"start":{"line":241,"column":41},"end":{"line":254,"column":5}},"line":241},"24":{"name":"(anonymous_24)","decl":{"start":{"line":243,"column":18},"end":{"line":243,"column":19}},"loc":{"start":{"line":243,"column":28},"end":{"line":250,"column":13}},"line":243},"25":{"name":"(anonymous_25)","decl":{"start":{"line":251,"column":19},"end":{"line":251,"column":20}},"loc":{"start":{"line":251,"column":30},"end":{"line":253,"column":13}},"line":251},"26":{"name":"(anonymous_26)","decl":{"start":{"line":256,"column":4},"end":{"line":256,"column":5}},"loc":{"start":{"line":256,"column":36},"end":{"line":268,"column":5}},"line":256},"27":{"name":"(anonymous_27)","decl":{"start":{"line":259,"column":29},"end":{"line":259,"column":30}},"loc":{"start":{"line":259,"column":49},"end":{"line":267,"column":9}},"line":259},"28":{"name":"(anonymous_28)","decl":{"start":{"line":271,"column":4},"end":{"line":271,"column":5}},"loc":{"start":{"line":271,"column":87},"end":{"line":339,"column":5}},"line":271},"29":{"name":"(anonymous_29)","decl":{"start":{"line":305,"column":26},"end":{"line":305,"column":27}},"loc":{"start":{"line":305,"column":40},"end":{"line":311,"column":21}},"line":305},"30":{"name":"(anonymous_30)","decl":{"start":{"line":312,"column":27},"end":{"line":312,"column":28}},"loc":{"start":{"line":312,"column":38},"end":{"line":315,"column":21}},"line":312},"31":{"name":"(anonymous_31)","decl":{"start":{"line":326,"column":26},"end":{"line":326,"column":27}},"loc":{"start":{"line":326,"column":40},"end":{"line":332,"column":21}},"line":326},"32":{"name":"(anonymous_32)","decl":{"start":{"line":333,"column":27},"end":{"line":333,"column":28}},"loc":{"start":{"line":333,"column":38},"end":{"line":336,"column":21}},"line":333},"33":{"name":"(anonymous_33)","decl":{"start":{"line":341,"column":4},"end":{"line":341,"column":5}},"loc":{"start":{"line":341,"column":30},"end":{"line":352,"column":5}},"line":341},"34":{"name":"(anonymous_34)","decl":{"start":{"line":343,"column":18},"end":{"line":343,"column":19}},"loc":{"start":{"line":343,"column":28},"end":{"line":348,"column":13}},"line":343},"35":{"name":"(anonymous_35)","decl":{"start":{"line":349,"column":19},"end":{"line":349,"column":20}},"loc":{"start":{"line":349,"column":30},"end":{"line":351,"column":13}},"line":349},"36":{"name":"(anonymous_36)","decl":{"start":{"line":354,"column":4},"end":{"line":354,"column":5}},"loc":{"start":{"line":354,"column":47},"end":{"line":385,"column":5}},"line":354},"37":{"name":"(anonymous_37)","decl":{"start":{"line":358,"column":18},"end":{"line":358,"column":19}},"loc":{"start":{"line":358,"column":24},"end":{"line":360,"column":17}},"line":358},"38":{"name":"(anonymous_38)","decl":{"start":{"line":362,"column":18},"end":{"line":362,"column":19}},"loc":{"start":{"line":362,"column":24},"end":{"line":380,"column":13}},"line":362},"39":{"name":"(anonymous_39)","decl":{"start":{"line":363,"column":44},"end":{"line":363,"column":45}},"loc":{"start":{"line":363,"column":60},"end":{"line":379,"column":17}},"line":363},"40":{"name":"(anonymous_40)","decl":{"start":{"line":381,"column":19},"end":{"line":381,"column":20}},"loc":{"start":{"line":381,"column":30},"end":{"line":384,"column":13}},"line":381},"41":{"name":"(anonymous_41)","decl":{"start":{"line":387,"column":4},"end":{"line":387,"column":5}},"loc":{"start":{"line":387,"column":38},"end":{"line":406,"column":5}},"line":387},"42":{"name":"(anonymous_42)","decl":{"start":{"line":391,"column":18},"end":{"line":391,"column":19}},"loc":{"start":{"line":391,"column":24},"end":{"line":393,"column":17}},"line":391},"43":{"name":"(anonymous_43)","decl":{"start":{"line":395,"column":18},"end":{"line":395,"column":19}},"loc":{"start":{"line":395,"column":24},"end":{"line":400,"column":13}},"line":395},"44":{"name":"(anonymous_44)","decl":{"start":{"line":396,"column":44},"end":{"line":396,"column":45}},"loc":{"start":{"line":396,"column":54},"end":{"line":399,"column":17}},"line":396},"45":{"name":"(anonymous_45)","decl":{"start":{"line":401,"column":19},"end":{"line":401,"column":20}},"loc":{"start":{"line":401,"column":30},"end":{"line":404,"column":13}},"line":401},"46":{"name":"(anonymous_46)","decl":{"start":{"line":408,"column":4},"end":{"line":408,"column":5}},"loc":{"start":{"line":408,"column":66},"end":{"line":481,"column":5}},"line":408},"47":{"name":"(anonymous_47)","decl":{"start":{"line":416,"column":18},"end":{"line":416,"column":19}},"loc":{"start":{"line":416,"column":30},"end":{"line":466,"column":13}},"line":416},"48":{"name":"(anonymous_48)","decl":{"start":{"line":467,"column":19},"end":{"line":467,"column":20}},"loc":{"start":{"line":467,"column":36},"end":{"line":480,"column":13}},"line":467},"49":{"name":"(anonymous_49)","decl":{"start":{"line":473,"column":31},"end":{"line":473,"column":32}},"loc":{"start":{"line":473,"column":42},"end":{"line":476,"column":29}},"line":473},"50":{"name":"(anonymous_50)","decl":{"start":{"line":483,"column":4},"end":{"line":483,"column":5}},"loc":{"start":{"line":483,"column":59},"end":{"line":496,"column":5}},"line":483},"51":{"name":"(anonymous_51)","decl":{"start":{"line":486,"column":18},"end":{"line":486,"column":19}},"loc":{"start":{"line":486,"column":24},"end":{"line":488,"column":17}},"line":486},"52":{"name":"(anonymous_52)","decl":{"start":{"line":489,"column":19},"end":{"line":489,"column":20}},"loc":{"start":{"line":489,"column":25},"end":{"line":491,"column":13}},"line":489},"53":{"name":"(anonymous_53)","decl":{"start":{"line":492,"column":19},"end":{"line":492,"column":20}},"loc":{"start":{"line":492,"column":30},"end":{"line":494,"column":13}},"line":492},"54":{"name":"(anonymous_54)","decl":{"start":{"line":498,"column":4},"end":{"line":498,"column":5}},"loc":{"start":{"line":498,"column":56},"end":{"line":511,"column":5}},"line":498},"55":{"name":"(anonymous_55)","decl":{"start":{"line":501,"column":18},"end":{"line":501,"column":19}},"loc":{"start":{"line":501,"column":24},"end":{"line":503,"column":17}},"line":501},"56":{"name":"(anonymous_56)","decl":{"start":{"line":504,"column":19},"end":{"
[...]
rt":{"line":1614,"column":8},"end":{"line":1618,"column":9}},{"start":{"line":1614,"column":8},"end":{"line":1618,"column":9}}],"line":1614},"147":{"loc":{"start":{"line":1615,"column":20},"end":{"line":1615,"column":58}},"type":"binary-expr","locations":[{"start":{"line":1615,"column":20},"end":{"line":1615,"column":37}},{"start":{"line":1615,"column":41},"end":{"line":1615,"column":58}}],"line":1615},"148":{"loc":{"start":{"line":1617,"column":20},"end":{"line":1617,"column":56}},"type":"binary-expr","locations":[{"start":{"line":1617,"column":20},"end":{"line":1617,"column":36}},{"start":{"line":1617,"column":40},"end":{"line":1617,"column":56}}],"line":1617},"149":{"loc":{"start":{"line":1621,"column":25},"end":{"line":1621,"column":38}},"type":"default-arg","locations":[{"start":{"line":1621,"column":35},"end":{"line":1621,"column":38}}],"line":1621},"150":{"loc":{"start":{"line":1627,"column":8},"end":{"line":1633,"column":9}},"type":"if","locations":[{"start":{"line":1627,"column":8},"end":{"line":1633,"column":9}},{"start":{"line":1627,"column":8},"end":{"line":1633,"column":9}}],"line":1627},"151":{"loc":{"start":{"line":1631,"column":20},"end":{"line":1631,"column":47}},"type":"cond-expr","locations":[{"start":{"line":1631,"column":38},"end":{"line":1631,"column":43}},{"start":{"line":1631,"column":46},"end":{"line":1631,"column":47}}],"line":1631},"152":{"loc":{"start":{"line":1667,"column":20},"end":{"line":1669,"column":21}},"type":"if","locations":[{"start":{"line":1667,"column":20},"end":{"line":1669,"column":21}},{"start":{"line":1667,"column":20},"end":{"line":1669,"column":21}}],"line":1667},"153":{"loc":{"start":{"line":1693,"column":8},"end":{"line":1732,"column":9}},"type":"if","locations":[{"start":{"line":1693,"column":8},"end":{"line":1732,"column":9}},{"start":{"line":1693,"column":8},"end":{"line":1732,"column":9}}],"line":1693},"154":{"loc":{"start":{"line":1703,"column":12},"end":{"line":1714,"column":13}},"type":"if","locations":[{"start":{"line":1703,"column":12},"end":{"line":1714,"column":13}},{"start":{"line":1703,"column":12},"end":{"line":1714,"column":13}}],"line":1703},"155":{"loc":{"start":{"line":1705,"column":19},"end":{"line":1714,"column":13}},"type":"if","locations":[{"start":{"line":1705,"column":19},"end":{"line":1714,"column":13}},{"start":{"line":1705,"column":19},"end":{"line":1714,"column":13}}],"line":1705},"156":{"loc":{"start":{"line":1741,"column":28},"end":{"line":1741,"column":85}},"type":"cond-expr","locations":[{"start":{"line":1741,"column":64},"end":{"line":1741,"column":77}},{"start":{"line":1741,"column":80},"end":{"line":1741,"column":85}}],"line":1741},"157":{"loc":{"start":{"line":1742,"column":30},"end":{"line":1742,"column":89}},"type":"cond-expr","locations":[{"start":{"line":1742,"column":66},"end":{"line":1742,"column":81}},{"start":{"line":1742,"column":84},"end":{"line":1742,"column":89}}],"line":1742},"158":{"loc":{"start":{"line":1743,"column":29},"end":{"line":1743,"column":86}},"type":"cond-expr","locations":[{"start":{"line":1743,"column":64},"end":{"line":1743,"column":78}},{"start":{"line":1743,"column":81},"end":{"line":1743,"column":86}}],"line":1743},"159":{"loc":{"start":{"line":1746,"column":12},"end":{"line":1766,"column":13}},"type":"if","locations":[{"start":{"line":1746,"column":12},"end":{"line":1766,"column":13}},{"start":{"line":1746,"column":12},"end":{"line":1766,"column":13}}],"line":1746},"160":{"loc":{"start":{"line":1746,"column":16},"end":{"line":1746,"column":120}},"type":"binary-expr","locations":[{"start":{"line":1746,"column":16},"end":{"line":1746,"column":47}},{"start":{"line":1746,"column":51},"end":{"line":1746,"column":84}},{"start":{"line":1746,"column":88},"end":{"line":1746,"column":120}}],"line":1746},"161":{"loc":{"start":{"line":1760,"column":16},"end":{"line":1765,"column":17}},"type":"if","locations":[{"start":{"line":1760,"column":16},"end":{"line":1765,"column":17}},{"start":{"line":1760,"column":16},"end":{"line":1765,"column":17}}],"line":1760},"162":{"loc":{"start":{"line":1772,"column":15},"end":{"line":1772,"column":36}},"type":"binary-expr","locations":[{"start":{"line":1772,"column":16},"end":{"line":1772,"column":17}},{"start":{"line":1772,"column":21},"end":{"line":1772,"column":22}},{"start":{"line":1772,"column":27},"end":{"line":1772,"column":36}}],"line":1772},"163":{"loc":{"start":{"line":1772,"column":29},"end":{"line":1772,"column":35}},"type":"binary-expr","locations":[{"start":{"line":1772,"column":29},"end":{"line":1772,"column":30}},{"start":{"line":1772,"column":34},"end":{"line":1772,"column":35}}],"line":1772},"164":{"loc":{"start":{"line":1784,"column":12},"end":{"line":1792,"column":13}},"type":"if","locations":[{"start":{"line":1784,"column":12},"end":{"line":1792,"column":13}},{"start":{"line":1784,"column":12},"end":{"line":1792,"column":13}}],"line":1784},"165":{"loc":{"start":{"line":1784,"column":16},"end":{"line":1785,"column":126}},"type":"binary-expr","locations":[{"start":{"line":1784,"column":16},"end":{"line":1784,"column":94}},{"start":{"line":1785,"column":17},"end":{"line":1785,"column":49}},{"start":{"line":1785,"column":54},"end":{"line":1785,"column":86}},{"start":{"line":1785,"column":90},"end":{"line":1785,"column":124}}],"line":1784},"166":{"loc":{"start":{"line":1788,"column":32},"end":{"line":1788,"column":89}},"type":"cond-expr","locations":[{"start":{"line":1788,"column":68},"end":{"line":1788,"column":81}},{"start":{"line":1788,"column":84},"end":{"line":1788,"column":89}}],"line":1788},"167":{"loc":{"start":{"line":1789,"column":34},"end":{"line":1789,"column":93}},"type":"cond-expr","locations":[{"start":{"line":1789,"column":70},"end":{"line":1789,"column":85}},{"start":{"line":1789,"column":88},"end":{"line":1789,"column":93}}],"line":1789},"168":{"loc":{"start":{"line":1790,"column":33},"end":{"line":1790,"column":90}},"type":"cond-expr","locations":[{"start":{"line":1790,"column":68},"end":{"line":1790,"column":82}},{"start":{"line":1790,"column":85},"end":{"line":1790,"column":90}}],"line":1790},"169":{"loc":{"start":{"line":1797,"column":23},"end":{"line":1797,"column":35}},"type":"default-arg","locations":[{"start":{"line":1797,"column":30},"end":{"line":1797,"column":35}}],"line":1797},"170":{"loc":{"start":{"line":1797,"column":37},"end":{"line":1797,"column":51}},"type":"default-arg","locations":[{"start":{"line":1797,"column":46},"end":{"line":1797,"column":51}}],"line":1797},"171":{"loc":{"start":{"line":1797,"column":53},"end":{"line":1797,"column":66}},"type":"default-arg","locations":[{"start":{"line":1797,"column":61},"end":{"line":1797,"column":66}}],"line":1797},"172":{"loc":{"start":{"line":1800,"column":8},"end":{"line":1803,"column":9}},"type":"if","locations":[{"start":{"line":1800,"column":8},"end":{"line":1803,"column":9}},{"start":{"line":1800,"column":8},"end":{"line":1803,"column":9}}],"line":1800},"173":{"loc":{"start":{"line":1804,"column":8},"end":{"line":1807,"column":9}},"type":"if","locations":[{"start":{"line":1804,"column":8},"end":{"line":1807,"column":9}},{"start":{"line":1804,"column":8},"end":{"line":1807,"column":9}}],"line":1804},"174":{"loc":{"start":{"line":1808,"column":8},"end":{"line":1811,"column":9}},"type":"if","locations":[{"start":{"line":1808,"column":8},"end":{"line":1811,"column":9}},{"start":{"line":1808,"column":8},"end":{"line":1811,"column":9}}],"line":1808},"175":{"loc":{"start":{"line":1846,"column":12},"end":{"line":1893,"column":13}},"type":"if","locations":[{"start":{"line":1846,"column":12},"end":{"line":1893,"column":13}},{"start":{"line":1846,"column":12},"end":{"line":1893,"column":13}}],"line":1846},"176":{"loc":{"start":{"line":1846,"column":16},"end":{"line":1846,"column":121}},"type":"binary-expr","locations":[{"start":{"line":1846,"column":16},"end":{"line":1846,"column":47}},{"start":{"line":1846,"column":51},"end":{"line":1846,"column":84}},{"start":{"line":1846,"column":88},"end":{"line":1846,"column":121}}],"line":1846},"177":{"loc":{"start":{"line":1860,"column":16},"end":{"line":1892,"column":17}},"type":"if","locations":[{"start":{"line":1860,"column":16},"end":{"line":1892,"column":17}},{"start":{"line":1860,"column":16},"end":{"line":1892,"column":17}}],"line":1860},"178":{"loc":{"start":{"line":1866,"column":20},"end":{"line":1869,"column":21}},"type":"if","locations":[{"start":{"line":1866,"column":20},"end":{"line":1869,"column":21}},{"start":{"line":1866,"column":20},"end":{"line":1869,"column":21}}],"line":1866},"179":{"loc":{"start":{"line":1871,"column":20},"end":{"line":1874,"column":21}},"type":"if","locations":[{"start":{"line":1871,"column":20},"end":{"line":1874,"column":21}},{"start":{"line":1871,"column":20},"end":{"line":1874,"column":21}}],"line":1871},"180":{"loc":{"start":{"line":1883,"column":20},"end":{"line":1886,"column":21}},"type":"if","locations":[{"start":{"line":1883,"column":20},"end":{"line":1886,"column":21}},{"start":{"line":1883,"column":20},"end":{"line":1886,"column":21}}],"line":1883},"181":{"loc":{"start":{"line":1888,"column":20},"end":{"line":1891,"column":21}},"type":"if","locations":[{"start":{"line":1888,"column":20},"end":{"line":1891,"column":21}},{"start":{"line":1888,"column":20},"end":{"line":1891,"column":21}}],"line":1888},"182":{"loc":{"start":{"line":1910,"column":16},"end":{"line":1910,"column":30}},"type":"default-arg","locations":[{"start":{"line":1910,"column":29},"end":{"line":1910,"column":30}}],"line":1910},"183":{"loc":{"start":{"line":1910,"column":32},"end":{"line":1910,"column":41}},"type":"default-arg","locations":[{"start":{"line":1910,"column":38},"end":{"line":1910,"column":41}}],"line":1910},"184":{"loc":{"start":{"line":1913,"column":23},"end":{"line":1913,"column":80}},"type":"cond-expr","locations":[{"start":{"line":1913,"column":49},"end":{"line":1913,"column":75}},{"start":{"line":1913,"column":79},"end":{"line":1913,"column":80}}],"line":1913},"185":{"loc":{"start":{"line":1919,"column":22},"end":{"line":1919,"column":33}},"type":"default-arg","locations":[{"start":{"line":1919,"column":32},"end":{"line":1919,"column":33}}],"line":1919},"186":{"loc":{"start":{"line":1954,"column":22},"end":{"line":1954,"column":77}},"type":"cond-expr","locations":[{"start":{"line":1954,"column":44},"end":{"line":1954,"column":53}},{"start":{"line":1954,"column":56},"end":{"line":1954,"column":77}}],"line":1954}},"s":{"0":0,"1":0,"2":0,"3":0,"4":0,"5":0,"6":0,"7":0,"8":0,"9":0,"10":0,"11":0,"12":0,"13":0,"14":0,"15":0,"16":0,"17":0,"18":0,"19":0,"20":0,"21":0,"22":0,"23":0,"24":0,"25":0,"26":0,"27":0,"28":0,"29":0,"30":0,"31":0,"32":0,"33":0,"34":0,"35":0,"36":0,"37":0,"38":0,"39":0,"40":0,"41":0,"42":0,"43":0,"44":0,"45":0,"46":0,"47":0,"48":0,"49":0,"50":0,"51":0,"52":0,"53":0,"54":0,"55":0,"56":0,"57":0,"58":0,"59":0,"60":0,"61":0,"62":0,"63":0,"64":0,"65":0,"66":0,"67":0,"68":0,"69":0,"70":0,"71":0,"72":0,"73":0,"74":0,"75":0,"76":0,"77":0,"78":0,"79":0,"80":0,"81":0,"82":0,"83":0,"84":0,"85":0,"86":0,"87":0,"88":0,"89":0,"90":0,"91":0,"92":0,"93":0,"94":0,"95":0,"96":0,"97":0,"98":0,"99":0,"100":0,"101":0,"102":0,"103":0,"104":0,"105":0,"106":0,"107":0,"108":0,"109":0,"110":0,"111":0,"112":0,"113":0,"114":0,"115":0,"116":0,"117":0,"118":0,"119":0,"120":0,"121":0,"122":0,"123":0,"124":0,"125":0,"126":0,"127":0,"128":0,"129":0,"130":0,"131":0,"132":0,"133":0,"134":0,"135":0,"136":0,"137":0,"138":0,"139":0,"140":0,"141":0,"142":0,"143":0,"144":0,"145":0,"146":0,"147":0,"148":0,"149":0,"150":0,"151":0,"152":0,"153":0,"154":0,"155":0,"156":0,"157":0,"158":0,"159":0,"160":0,"161":0,"162":0,"163":0,"164":0,"165":0,"166":0,"167":0,"168":0,"169":0,"170":0,"171":0,"172":0,"173":0,"174":0,"175":0,"176":0,"177":0,"178":0,"179":0,"180":0,"181":0,"182":0,"183":0,"184":0,"185":0,"186":0,"187":0,"188":0,"189":0,"190":0,"191":0,"192":0,"193":0,"194":0,"195":0,"196":0,"197":0,"198":0,"199":0,"200":0,"201":0,"202":0,"203":0,"204":0,"205":0,"206":0,"207":0,"208":0,"209":0,"210":0,"211":0,"212":0,"213":0,"214":0,"215":0,"216":0,"217":0,"218":0,"219":0,"220":0,"221":0,"222":0,"223":0,"224":0,"225":0,"226":0,"227":0,"228":0,"229":0,"230":0,"231":0,"232":0,"233":0,"234":0,"235":0,"236":0,"237":0,"238":0,"239":0,"240":0,"241":0,"242":0,"243":0,"244":0,"245":0,"246":0,"247":0,"248":0,"249":0,"250":0,"251":0,"252":0,"253":0,"254":0,"255":0,"256":0,"257":0,"258":0,"259":0,"260":0,"261":0,"262":0,"263":0,"264":0,"265":0,"266":0,"267":0,"268":0,"269":0,"270":0,"271":0,"272":0,"273":0,"274":0,"275":0,"276":0,"277":0,"278":0,"279":0,"280":0,"281":0,"282":0,"283":0,"284":0,"285":0,"286":0,"287":0,"288":0,"289":0,"290":0,"291":0,"292":0,"293":0,"294":0,"295":0,"296":0,"297":0,"298":0,"299":0,"300":0,"301":0,"302":0,"303":0,"304":0,"305":0,"306":0,"307":0,"308":0,"309":0,"310":0,"311":0,"312":0,"313":0,"314":0,"315":0,"316":0,"317":0,"318":0,"319":0,"320":0,"321":0,"322":0,"323":0,"324":0,"325":0,"326":0,"327":0,"328":0,"329":0,"330":0,"331":0,"332":0,"333":0,"334":0,"335":0,"336":0,"337":0,"338":0,"339":0,"340":0,"341":0,"342":0,"343":0,"344":0,"345":0,"346":0,"347":0,"348":0,"349":0,"350":0,"351":0,"352":0,"353":0,"354":0,"355":0,"356":0,"357":0,"358":0,"359":0,"360":0,"361":0,"362":0,"363":0,"364":0,"365":0,"366":0,"367":0,"368":0,"369":0,"370":0,"371":0,"372":0,"373":0,"374":0,"375":0,"376":0,"377":0,"378":0,"379":0,"380":0,"381":0,"382":0,"383":0,"384":0,"385":0,"386":0,"387":0,"388":0,"389":0,"390":0,"391":0,"392":0,"393":0,"394":0,"395":0,"396":0,"397":0,"398":0,"399":0,"400":0,"401":0,"402":0,"403":0,"404":0,"405":0,"406":0,"407":0,"408":0,"409":0,"410":0,"411":0,"412":0,"413":0,"414":0,"415":0,"416":0,"417":0,"418":0,"419":0,"420":0,"421":0,"422":0,"423":0,"424":0,"425":0,"426":0,"427":0,"428":0,"429":0,"430":0,"431":0,"432":0,"433":0,"434":0,"435":0,"436":0,"437":0,"438":0,"439":0,"440":0,"441":0,"442":0,"443":0,"444":0,"445":0,"446":0,"447":0,"448":0,"449":0,"450":0,"451":0,"452":0,"453":0,"454":0,"455":0,"456":0,"457":0,"458":0,"459":0,"460":0,"461":0,"462":0,"463":0,"464":0,"465":0,"466":0,"467":0,"468":0,"469":0,"470":0,"471":0,"472":0,"473":0,"474":0,"475":0,"476":0,"477":0,"478":0,"479":0,"480":0,"481":0,"482":0,"483":0,"484":0,"485":0,"486":0,"487":0,"488":0,"489":0,"490":0,"491":0,"492":0,"493":0,"494":0,"495":0,"496":0,"497":0,"498":0,"499":0,"500":0,"501":0,"502":0,"503":0,"504":0,"505":0,"506":0,"507":0,"508":0,"509":0,"510":0,"511":0,"512":0,"513":0,"514":0,"515":0,"516":0,"517":0,"518":0,"519":0,"520":0,"521":0,"522":0,"523":0,"524":0,"525":0,"526":0,"527":0,"528":0,"529":0,"530":0,"531":0,"532":0,"533":0,"534":0,"535":0,"536":0,"537":0,"538":0,"539":0,"540":0,"541":0,"542":0,"543":0,"544":0,"545":0,"546":0,"547":0,"548":0,"549":0,"550":0,"551":0,"552":0,"553":0,"554":0,"555":0,"556":0,"557":0,"558":0,"559":0,"560":0,"561":0,"562":0,"563":0,"564":0,"565":0,"566":0,"567":0,"568":0,"569":0,"570":0,"571":0,"572":0,"573":0,"574":0,"575":0,"576":0,"577":0,"578":0,"579":0,"580":0,"581":0,"582":0,"583":0,"584":0,"585":0,"586":0,"587":0,"588":0,"589":0,"590":0,"591":0,"592":0,"593":0,"594":0,"595":0,"596":0,"597":0,"598":0,"599":0,"600":0,"601":0,"602":0,"603":0,"604":0,"605":0,"606":0,"607":0,"608":0,"609":0,"610":0,"611":0,"612":0,"613":0,"614":0,"615":0,"616":0,"617":0,"618":0,"619":0,"620":0,"621":0,"622":0,"623":0,"624":0,"625":0,"626":0,"627":0,"628":0,"629":0,"630":0,"631":0,"632":0,"633":0,"634":0,"635":0,"636":0,"637":0,"638":0,"639":0,"640":0,"641":0,"642":0,"643":0,"644":0,"645":0,"646":0,"647":0,"648":0,"649":0,"650":0,"651":0,"652":0,"653":0,"654":0,"655":0,"656":0,"657":0,"658":0,"659":0,"660":0,"661":0,"662":0,"663":0,"664":0,"665":0,"666":0,"667":0,"668":0,"669":0,"670":0,"671":0,"672":0,"673":0,"674":0,"675":0,"676":0,"677":0,"678":0,"679":0,"680":0,"681":0,"682":0,"683":0,"684":0,"685":0,"686":0,"687":0,"688":0,"689":0,"690":0,"691":0,"692":0,"693":0,"694":0,"695":0,"696":0,"697":0,"698":0,"699":0,"700":0,"701":0,"702":0,"703":0,"704":0,"705":0,"706":0,"707":0,"708":0,"709":0,"710":0,"711":0,"712":0,"713":0,"714":0,"715":0,"716":0,"717":0,"718":0,"719":0,"720":0,"721":0,"722":0,"723":0,"724":0,"725":0,"726":0,"727":0,"728":0,"729":0,"730":0,"731":0,"732":0,"733":0,"734":0,"735":0,"736":0,"737":0,"738":0,"739":0,"740":0,"741":0,"742":0,"743":0,"744":0,"745":0,"746":0,"747":0,"748":0,"749":0,"750":0,"751":0,"752":0,"753":0,"754":0,"755":0,"756":0,"757":0,"758":0,"759":0,"760":0,"761":0,"762":0,"763":0,"764":0,"765":0,"766":0,"767":0,"768":0,"769":0,"770":0,"771":0,"772":0,"773":0,"774":0,"775":0,"776":0,"777":0,"778":0,"779":0,"780":0,"781":0,"782":0,"783":0,"784":0,"785":0,"786":0,"787":0,"788":0,"789":0,"790":0,"791":0,"792":0,"793":0,"794":0,"795":0,"796":0,"797":0,"798":0,"799":0,"800":0,"801":0,"802":0,"803":0,"804":0,"805":0,"806":0,"807":0,"808":0,"809":0,"810":0,"811":0,"812":0,"813":0,"814":0,"815":0,"816":0,"817":0,"818":0,"819":0,"820":0,"821":0,"822":0,"823":0,"824":0,"825":0,"826":0,"827":0,"828":0,"829":0,"830":0,"831":0,"832":0,"833":0,"834":0,"835":0,"836":0,"837":0,"838":0,"839":0,"840":0,"841":0},"f":{"0":0,"1":0,"2":0,"3":0,"4":0,"5":0,"6":0,"7":0,"8":0,"9":0,"10":0,"11":0,"12":0,"13":0,"14":0,"15":0,"16":0,"17":0,"18":0,"19":0,"20":0,"21":0,"22":0,"23":0,"24":0,"25":0,"26":0,"27":0,"28":0,"29":0,"30":0,"31":0,"32":0,"33":0,"34":0,"35":0,"36":0,"37":0,"38":0,"39":0,"40":0,"41":0,"42":0,"43":0,"44":0,"45":0,"46":0,"47":0,"48":0,"49":0,"50":0,"51":0,"52":0,"53":0,"54":0,"55":0,"56":0,"57":0,"58":0,"59":0,"60":0,"61":0,"62":0,"63":0,"64":0,"65":0,"66":0,"67":0,"68":0,"69":0,"70":0,"71":0,"72":0,"73":0,"74":0,"75":0,"76":0,"77":0,"78":0,"79":0,"80":0,"81":0,"82":0,"83":0,"84":0,"85":0,"86":0,"87":0,"88":0,"89":0,"90":0,"91":0,"92":0,"93":0,"94":0,"95":0,"96":0,"97":0,"98":0,"99":0,"100":0,"101":0,"102":0,"103":0,"104":0,"105":0,"106":0,"107":0,"108":0,"109":0,"110":0,"111":0,"112":0},"b":{"0":[0,0,0,0],"1":[0,0],"2":[0,0],"3":[0,0],"4":[0,0],"5":[0,0],"6":[0,0,0],"7":[0,0],"8":[0,0],"9":[0,0],"10":[0,0],"11":[0,0],"12":[0,0],"13":[0,0],"14":[0,0],"15":[0,0],"16":[0,0],"17":[0,0],"18":[0,0],"19":[0,0],"20":[0],"21":[0],"22":[0],"23":[0],"24":[0,0],"25":[0,0],"26":[0],"27":[0],"28":[0,0,0],"29":[0,0],"30":[0,0],"31":[0,0],"32":[0,0],"33":[0,0],"34":[0,0],"35":[0,0],"36":[0,0],"37":[0,0],"38":[0,0],"39":[0,0],"40":[0,0],"41":[0,0],"42":[0,0],"43":[0],"44":[0,0],"45":[0,0],"46":[0,0],"47":[0,0],"48":[0,0],"49":[0,0],"50":[0,0],"51":[0,0],"52":[0,0],"53":[0,0,0,0],"54":[0,0],"55":[0,0],"56":[0,0],"57":[0,0],"58":[0,0],"59":[0,0],"60":[0,0],"61":[0,0],"62":[0,0],"63":[0,0],"64":[0,0],"65":[0,0],"66":[0,0],"67":[0,0],"68":[0,0],"69":[0,0],"70":[0,0],"71":[0,0],"72":[0,0],"73":[0,0],"74":[0,0],"75":[0,0],"76":[0,0],"77":[0,0],"78":[0,0],"79":[0,0],"80":[0,0],"81":[0,0],"82":[0,0],"83":[0,0],"84":[0,0],"85":[0,0],"86":[0,0],"87":[0,0],"88":[0,0],"89":[0,0],"90":[0,0],"91":[0,0],"92":[0,0,0,0],"93":[0,0,0,0,0],"94":[0,0],"95":[0,0],"96":[0,0],"97":[0,0],"98":[0,0],"99":[0,0],"100":[0,0,0,0,0],"101":[0,0],"102":[0,0],"103":[0,0],"104":[0,0],"105":[0,0],"106":[0,0],"107":[0,0],"108":[0,0],"109":[0,0],"110":[0,0],"111":[0,0],"112":[0,0],"113":[0,0,0,0,0],"114":[0,0],"115":[0,0],"116":[0,0],"117":[0,0],"118":[0,0],"119":[0,0],"120":[0,0],"121":[0,0],"122":[0,0],"123":[0,0],"124":[0,0],"125":[0,0],"126":[0,0],"127":[0,0],"128":[0,0],"129":[0,0],"130":[0,0],"131":[0,0],"132":[0,0],"133":[0,0],"134":[0,0],"135":[0,0],"136":[0,0],"137":[0,0],"138":[0,0],"139":[0,0],"140":[0,0],"141":[0,0],"142":[0,0],"143":[0,0],"144":[0,0],"145":[0],"146":[0,0],"147":[0,0],"148":[0,0],"149":[0],"150":[0,0],"151":[0,0],"152":[0,0],"153":[0,0],"154":[0,0],"155":[0,0],"156":[0,0],"157":[0,0],"158":[0,0],"159":[0,0],"160":[0,0,0],"161":[0,0],"162":[0,0,0],"163":[0,0],"164":[0,0],"165":[0,0,0,0],"166":[0,0],"167":[0,0],"168":[0,0],"169":[0],"170":[0],"171":[0],"172":[0,0],"173":[0,0],"174":[0,0],"175":[0,0],"176":[0,0,0],"177":[0,0],"178":[0,0],"179":[0,0],"180":[0,0],"181":[0,0],"182":[0],"183":[0],"184":[0,0],"185":[0],"186":[0,0]}}
}
