TN:
SF:src/app.js
FN:17,(anonymous_0)
FNF:1
FNH:0
FNDA:0,(anonymous_0)
DA:5,0
DA:8,0
DA:10,0
DA:16,0
DA:17,0
DA:18,0
DA:19,0
LF:7
LH:0
BRDA:10,0,0,0
BRDA:10,0,1,0
BRF:2
BRH:0
end_of_record
TN:
SF:src/charthelper.js
FN:6,(anonymous_0)
FN:7,(anonymous_1)
FN:10,(anonymous_2)
FN:12,(anonymous_3)
FN:16,(anonymous_4)
FN:17,(anonymous_5)
FN:20,(anonymous_6)
FN:21,(anonymous_7)
FN:24,(anonymous_8)
FN:29,(anonymous_9)
FN:33,(anonymous_10)
FN:38,(anonymous_11)
FN:43,(anonymous_12)
FN:48,(anonymous_13)
FN:52,(anonymous_14)
FN:56,(anonymous_15)
FN:60,(anonymous_16)
FN:64,(anonymous_17)
FN:68,(anonymous_18)
FNF:19
FNH:2
FNDA:1,(anonymous_0)
FNDA:3,(anonymous_1)
FNDA:0,(anonymous_2)
FNDA:0,(anonymous_3)
FNDA:0,(anonymous_4)
FNDA:0,(anonymous_5)
FNDA:0,(anonymous_6)
FNDA:0,(anonymous_7)
FNDA:0,(anonymous_8)
FNDA:0,(anonymous_9)
FNDA:0,(anonymous_10)
FNDA:0,(anonymous_11)
FNDA:0,(anonymous_12)
FNDA:0,(anonymous_13)
FNDA:0,(anonymous_14)
FNDA:0,(anonymous_15)
FNDA:0,(anonymous_16)
FNDA:0,(anonymous_17)
FNDA:0,(anonymous_18)
DA:7,3
DA:12,0
DA:17,0
DA:21,0
DA:25,0
DA:30,0
DA:34,0
DA:40,0
DA:45,0
DA:49,0
DA:53,0
DA:57,0
DA:61,0
DA:65,0
DA:69,0
DA:74,1
LF:16
LH:2
BRDA:12,0,0,0
BRDA:12,0,1,0
BRDA:21,1,0,0
BRDA:21,1,1,0
BRF:4
BRH:0
end_of_record
TN:
SF:src/deribit-v2-ws.js
FN:10,(anonymous_0)
FN:10,(anonymous_1)
FN:13,(anonymous_2)
FN:30,(anonymous_3)
FN:41,(anonymous_4)
FN:45,(anonymous_5)
FN:63,(anonymous_6)
FN:77,(anonymous_7)
FN:81,(anonymous_8)
FN:88,(anonymous_9)
FN:93,(anonymous_10)
FN:97,(anonymous_11)
FN:108,(anonymous_12)
FN:112,(anonymous_13)
FN:138,(anonymous_14)
FN:156,(anonymous_15)
FN:159,(anonymous_16)
FN:170,(anonymous_17)
FN:179,(anonymous_18)
FN:182,(anonymous_19)
FN:193,(anonymous_20)
FN:198,(anonymous_21)
FN:199,(anonymous_22)
FN:207,(anonymous_23)
FN:214,(anonymous_24)
FN:228,(anonymous_25)
FN:277,(anonymous_26)
FN:311,(anonymous_27)
FN:321,(anonymous_28)
FN:359,(anonymous_29)
FN:372,(anonymous_30)
FN:416,(anonymous_31)
FN:443,(anonymous_32)
FN:464,(anonymous_33)
FN:486,(anonymous_34)
FN:491,(anonymous_35)
FN:497,(anonymous_36)
FN:503,(anonymous_37)
FN:509,(anonymous_38)
FN:514,(anonymous_39)
FN:520,(anonymous_40)
FN:527,(anonymous_41)
FN:533,(anonymous_42)
FN:535,(anonymous_43)
FN:541,(anonymous_44)
FN:543,(anonymous_45)
FN:550,(anonymous_46)
FN:555,(anonymous_47)
FN:561,(anonymous_48)
FN:567,(anonymous_49)
FN:573,(anonymous_50)
FN:585,(anonymous_51)
FN:591,(anonymous_52)
FN:593,(anonymous_53)
FN:599,(anonymous_54)
FN:601,(anonymous_55)
FN:607,(anonymous_56)
FN:612,(anonymous_57)
FN:618,(anonymous_58)
FN:624,(anonymous_59)
FN:630,(anonymous_60)
FN:634,(anonymous_61)
FN:640,(anonymous_62)
FN:644,(anonymous_63)
FNF:64
FNH:0
FNDA:0,(anonymous_0)
FNDA:0,(anonymous_1)
FNDA:0,(anonymous_2)
FNDA:0,(anonymous_3)
FNDA:0,(anonymous_4)
FNDA:0,(anonymous_5)
FNDA:0,(anonymous_6)
FNDA:0,(anonymous_7)
FNDA:0,(anonymous_8)
FNDA:0,(anonymous_9)
FNDA:0,(anonymous_10)
FNDA:0,(anonymous_11)
FNDA:0,(anonymous_12)
FNDA:0,(anonymous_13)
FNDA:0,(anonymous_14)
FNDA:0,(anonymous_15)
FNDA:0,(anonymous_16)
FNDA:0,(anonymous_17)
FNDA:0,(anonymous_18)
FNDA:0,(anonymous_19)
FNDA:0,(anonymous_20)
FNDA:0,(anonymous_21)
FNDA:0,(anonymous_22)
FNDA:0,(anonymous_23)
FNDA:0,(anonymous_24)
FNDA:0,(anonymous_25)
FNDA:0,(anonymous_26)
FNDA:0,(anonymous_27)
FNDA:0,(anonymous_28)
FNDA:0,(anonymous_29)
FNDA:0,(anonymous_30)
FNDA:0,(anonymous_31)
FNDA:0,(anonymous_32)
FNDA:0,(anonymous_33)
FNDA:0,(anonymous_34)
FNDA:0,(anonymous_35)
FNDA:0,(anonymous_36)
FNDA:0,(anonymous_37)
FNDA:0,(anonymous_38)
FNDA:0,(anonymous_39)
FNDA:0,(anonymous_40)
FNDA:0,(anonymous_41)
FNDA:0,(anonymous_42)
FNDA:0,(anonymous_43)
FNDA:0,(anonymous_44)
FNDA:0,(anonymous_45)
FNDA:0,(anonymous_46)
FNDA:0,(anonymous_47)
FNDA:0,(anonymous_48)
FNDA:0,(anonymous_49)
FNDA:0,(anonymous_50)
FNDA:0,(anonymous_51)
FNDA:0,(anonymous_52)
FNDA:0,(anonymous_53)
FNDA:0,(anonymous_54)
FNDA:0,(anonymous_55)
FNDA:0,(anonymous_56)
FNDA:0,(anonymous_57)
FNDA:0,(anonymous_58)
FNDA:0,(anonymous_59)
FNDA:0,(anonymous_60)
FNDA:0,(anonymous_61)
FNDA:0,(anonymous_62)
FNDA:0,(anonymous_63)
DA:5,0
DA:6,0
DA:7,0
DA:8,0
DA:10,0
DA:14,0
DA:16,0
DA:17,0
DA:18,0
DA:19,0
DA:22,0
DA:23,0
DA:24,0
DA:28,0
DA:29,0
DA:30,0
DA:31,0
DA:32,0
DA:33,0
DA:35,0
DA:36,0
DA:38,0
DA:42,0
DA:46,0
DA:47,0
DA:50,0
DA:52,0
DA:53,0
DA:55,0
DA:56,0
DA:57,0
DA:58,0
DA:59,0
DA:60,0
DA:64,0
DA:65,0
DA:66,0
DA:68,0
DA:69,0
DA:71,0
DA:72,0
DA:73,0
DA:78,0
DA:81,0
DA:82,0
DA:83,0
DA:85,0
DA:89,0
DA:90,0
DA:93,0
DA:94,0
DA:95,0
DA:97,0
DA:98,0
DA:100,0
DA:102,0
DA:103,0
DA:105,0
DA:106,0
DA:108,0
DA:109,0
DA:110,0
DA:112,0
DA:114,0
DA:121,0
DA:122,0
DA:123,0
DA:124,0
DA:125,0
DA:126,0
DA:128,0
DA:129,0
DA:130,0
DA:131,0
DA:138,0
DA:140,0
DA:141,0
DA:142,0
DA:144,0
DA:145,0
DA:146,0
DA:147,0
DA:148,0
DA:151,0
DA:156,0
DA:157,0
DA:159,0
DA:160,0
DA:161,0
DA:162,0
DA:165,0
DA:166,0
DA:170,0
DA:171,0
DA:172,0
DA:173,0
DA:174,0
DA:175,0
DA:179,0
DA:180,0
DA:181,0
DA:182,0
DA:183,0
DA:185,0
DA:186,0
DA:187,0
DA:188,0
DA:189,0
DA:190,0
DA:193,0
DA:194,0
DA:195,0
DA:198,0
DA:199,0
DA:200,0
DA:201,0
DA:202,0
DA:203,0
DA:204,0
DA:205,0
DA:207,0
DA:208,0
DA:211,0
DA:214,0
DA:215,0
DA:216,0
DA:217,0
DA:218,0
DA:221,0
DA:228,0
DA:229,0
DA:230,0
DA:233,0
DA:234,0
DA:236,0
DA:248,0
DA:249,0
DA:252,0
DA:253,0
DA:254,0
DA:256,0
DA:257,0
DA:267,0
DA:269,0
DA:270,0
DA:271,0
DA:272,0
DA:273,0
DA:277,0
DA:278,0
DA:279,0
DA:289,0
DA:290,0
DA:292,0
DA:293,0
DA:302,0
DA:303,0
DA:304,0
DA:305,0
DA:306,0
DA:307,0
DA:308,0
DA:312,0
DA:313,0
DA:314,0
DA:315,0
DA:316,0
DA:321,0
DA:324,0
DA:325,0
DA:327,0
DA:330,0
DA:331,0
DA:332,0
DA:335,0
DA:336,0
DA:337,0
DA:339,0
DA:340,0
DA:348,0
DA:350,0
DA:351,0
DA:354,0
DA:355,0
DA:356,0
DA:359,0
DA:360,0
DA:361,0
DA:362,0
DA:365,0
DA:369,0
DA:372,0
DA:373,0
DA:374,0
DA:376,0
DA:388,0
DA:412,0
DA:416,0
DA:418,0
DA:419,0
DA:420,0
DA:423,0
DA:426,0
DA:427,0
DA:428,0
DA:432,0
DA:440,0
DA:443,0
DA:445,0
DA:446,0
DA:447,0
DA:448,0
DA:451,0
DA:460,0
DA:464,0
DA:466,0
DA:468,0
DA:469,0
DA:470,0
DA:471,0
DA:474,0
DA:483,0
DA:487,0
DA:492,0
DA:498,0
DA:504,0
DA:505,0
DA:510,0
DA:515,0
DA:516,0
DA:521,0
DA:528,0
DA:529,0
DA:534,0
DA:536,0
DA:537,0
DA:542,0
DA:544,0
DA:545,0
DA:551,0
DA:556,0
DA:557,0
DA:562,0
DA:568,0
DA:569,0
DA:574,0
DA:578,0
DA:579,0
DA:581,0
DA:582,0
DA:584,0
DA:586,0
DA:587,0
DA:592,0
DA:594,0
DA:595,0
DA:600,0
DA:602,0
DA:603,0
DA:608,0
DA:613,0
DA:614,0
DA:619,0
DA:625,0
DA:626,0
DA:631,0
DA:635,0
DA:636,0
DA:641,0
DA:645,0
DA:646,0
DA:653,0
LF:272
LH:0
BRDA:13,0,0,0
BRDA:13,1,0,0
BRDA:46,2,0,0
BRDA:46,2,1,0
BRDA:55,3,0,0
BRDA:55,3,1,0
BRDA:55,4,0,0
BRDA:55,4,1,0
BRDA:57,5,0,0
BRDA:57,5,1,0
BRDA:59,6,0,0
BRDA:59,6,1,0
BRDA:63,7,0,0
BRDA:68,8,0,0
BRDA:68,8,1,0
BRDA:72,9,0,0
BRDA:72,9,1,0
BRDA:82,10,0,0
BRDA:82,10,1,0
BRDA:89,11,0,0
BRDA:89,11,1,0
BRDA:109,12,0,0
BRDA:109,12,1,0
BRDA:125,13,0,0
BRDA:125,13,1,0
BRDA:160,14,0,0
BRDA:160,14,1,0
BRDA:171,15,0,0
BRDA:171,15,1,0
BRDA:180,16,0,0
BRDA:180,16,1,0
BRDA:201,17,0,0
BRDA:201,17,1,0
BRDA:217,18,0,0
BRDA:217,18,1,0
BRDA:229,19,0,0
BRDA:229,19,1,0
BRDA:248,20,0,0
BRDA:248,20,1,0
BRDA:256,21,0,0
BRDA:256,21,1,0
BRDA:292,22,0,0
BRDA:292,22,1,0
BRDA:314,23,0,0
BRDA:314,23,1,0
BRDA:330,24,0,0
BRDA:330,24,1,0
BRDA:335,25,0,0
BRDA:335,25,1,0
BRDA:335,26,0,0
BRDA:335,26,1,0
BRDA:335,26,2,0
BRDA:336,27,0,0
BRDA:336,27,1,0
BRDA:350,28,0,0
BRDA:350,28,1,0
BRDA:360,29,0,0
BRDA:360,29,1,0
BRDA:361,30,0,0
BRDA:361,30,1,0
BRDA:369,31,0,0
BRDA:369,31,1,0
BRDA:418,32,0,0
BRDA:418,32,1,0
BRDA:419,33,0,0
BRDA:419,33,1,0
BRDA:426,34,0,0
BRDA:426,34,1,0
BRDA:427,35,0,0
BRDA:427,35,1,0
BRDA:445,36,0,0
BRDA:445,36,1,0
BRDA:447,37,0,0
BRDA:447,37,1,0
BRDA:447,38,0,0
BRDA:447,38,1,0
BRDA:468,39,0,0
BRDA:468,39,1,0
BRDA:470,40,0,0
BRDA:470,40,1,0
BRDA:470,41,0,0
BRDA:470,41,1,0
BRDA:550,42,0,0
BRDA:561,43,0,0
BRDA:561,44,0,0
BRDA:573,45,0,0
BRDA:573,46,0,0
BRDA:578,47,0,0
BRDA:578,47,1,0
BRDA:581,48,0,0
BRDA:581,48,1,0
BRF:91
BRH:0
end_of_record
TN:
SF:src/deribit.js
FN:10,(anonymous_0)
FN:29,(anonymous_1)
FN:97,(anonymous_2)
FN:101,(anonymous_3)
FN:104,(anonymous_4)
FN:107,(anonymous_5)
FN:123,(anonymous_6)
FN:126,(anonymous_7)
FN:142,(anonymous_8)
FN:156,(anonymous_9)
FN:160,(anonymous_10)
FN:178,(anonymous_11)
FN:192,(anonymous_12)
FN:197,(anonymous_13)
FN:202,(anonymous_14)
FN:207,(anonymous_15)
FN:212,(anonymous_16)
FN:214,(anonymous_17)
FN:221,(anonymous_18)
FN:223,(anonymous_19)
FN:229,(anonymous_20)
FN:231,(anonymous_21)
FN:236,(anonymous_22)
FN:241,(anonymous_23)
FN:243,(anonymous_24)
FN:251,(anonymous_25)
FN:256,(anonymous_26)
FN:259,(anonymous_27)
FN:271,(anonymous_28)
FN:305,(anonymous_29)
FN:312,(anonymous_30)
FN:326,(anonymous_31)
FN:333,(anonymous_32)
FN:341,(anonymous_33)
FN:343,(anonymous_34)
FN:349,(anonymous_35)
FN:354,(anonymous_36)
FN:358,(anonymous_37)
FN:362,(anonymous_38)
FN:363,(anonymous_39)
FN:381,(anonymous_40)
FN:387,(anonymous_41)
FN:391,(anonymous_42)
FN:395,(anonymous_43)
FN:396,(anonymous_44)
FN:401,(anonymous_45)
FN:408,(anonymous_46)
FN:416,(anonymous_47)
FN:467,(anonymous_48)
FN:473,(anonymous_49)
FN:483,(anonymous_50)
FN:486,(anonymous_51)
FN:489,(anonymous_52)
FN:492,(anonymous_53)
FN:498,(anonymous_54)
FN:501,(anonymous_55)
FN:504,(anonymous_56)
FN:507,(anonymous_57)
FN:513,(anonymous_58)
FN:515,(anonymous_59)
FN:521,(anonymous_60)
FN:525,(anonymous_61)
FN:528,(anonymous_62)
FN:529,(anonymous_63)
FN:536,(anonymous_64)
FN:545,(anonymous_65)
FN:549,(anonymous_66)
FN:551,(anonymous_67)
FN:560,(anonymous_68)
FN:565,(anonymous_69)
FN:567,(anonymous_70)
FN:571,(anonymous_71)
FN:576,(anonymous_72)
FN:580,(anonymous_73)
FN:583,(anonymous_74)
FN:590,(anonymous_75)
FN:595,(anonymous_76)
FN:605,(anonymous_77)
FNF:78
FNH:0
FNDA:0,(anonymous_0)
FNDA:0,(anonymous_1)
FNDA:0,(anonymous_2)
FNDA:0,(anonymous_3)
FNDA:0,(anonymous_4)
FNDA:0,(anonymous_5)
FNDA:0,(anonymous_6)
FNDA:0,(anonymous_7)
FNDA:0,(anonymous_8)
FNDA:0,(anonymous_9)
FNDA:0,(anonymous_10)
FNDA:0,(anonymous_11)
FNDA:0,(anonymous_12)
FNDA:0,(anonymous_13)
FNDA:0,(anonymous_14)
FNDA:0,(anonymous_15)
FNDA:0,(anonymous_16)
FNDA:0,(anonymous_17)
FNDA:0,(anonymous_18)
FNDA:0,(anonymous_19)
FNDA:0,(anonymous_20)
FNDA:0,(anonymous_21)
FNDA:0,(anonymous_22)
FNDA:0,(anonymous_23)
FNDA:0,(anonymous_24)
FNDA:0,(anonymous_25)
FNDA:0,(anonymous_26)
FNDA:0,(anonymous_27)
FNDA:0,(anonymous_28)
FNDA:0,(anonymous_29)
FNDA:0,(anonymous_30)
FNDA:0,(anonymous_31)
FNDA:0,(anonymous_32)
FNDA:0,(anonymous_33)
FNDA:0,(anonymous_34)
FNDA:0,(anonymous_35)
FNDA:0,(anonymous_36)
FNDA:0,(anonymous_37)
FNDA:0,(anonymous_38)
FNDA:0,(anonymous_39)
FNDA:0,(anonymous_40)
FNDA:0,(anonymous_41)
FNDA:0,(anonymous_42)
FNDA:0,(anonymous_43)
FNDA:0,(anonymous_44)
FNDA:0,(anonymous_45)
FNDA:0,(anonymous_46)
FNDA:0,(anonymous_47)
FNDA:0,(anonymous_48)
FNDA:0,(anonymous_49)
FNDA:0,(anonymous_50)
FNDA:0,(anonymous_51)
FNDA:0,(anonymous_52)
FNDA:0,(anonymous_53)
FNDA:0,(anonymous_54)
FNDA:0,(anonymous_55)
FNDA:0,(anonymous_56)
FNDA:0,(anonymous_57)
FNDA:0,(anonymous_58)
FNDA:0,(anonymous_59)
FNDA:0,(anonymous_60)
FNDA:0,(anonymous_61)
FNDA:0,(anonymous_62)
FNDA:0,(anonymous_63)
FNDA:0,(anonymous_64)
FNDA:0,(anonymous_65)
FNDA:0,(anonymous_66)
FNDA:0,(anonymous_67)
FNDA:0,(anonymous_68)
FNDA:0,(anonymous_69)
FNDA:0,(anonymous_70)
FNDA:0,(anonymous_71)
FNDA:0,(anonymous_72)
FNDA:0,(anonymous_73)
FNDA:0,(anonymous_74)
FNDA:0,(anonymous_75)
FNDA:0,(anonymous_76)
FNDA:0,(anonymous_77)
DA:5,0
DA:6,0
DA:8,0
DA:10,0
DA:15,0
DA:16,0
DA:17,0
DA:18,0
DA:19,0
DA:20,0
DA:21,0
DA:30,0
DA:31,0
DA:32,0
DA:34,0
DA:40,0
DA:41,0
DA:43,0
DA:45,0
DA:73,0
DA:81,0
DA:82,0
DA:83,0
DA:84,0
DA:86,0
DA:87,0
DA:88,0
DA:90,0
DA:91,0
DA:98,0
DA:102,0
DA:103,0
DA:105,0
DA:108,0
DA:122,0
DA:124,0
DA:127,0
DA:131,0
DA:134,0
DA:137,0
DA:144,0
DA:146,0
DA:149,0
DA:152,0
DA:157,0
DA:161,0
DA:162,0
DA:165,0
DA:167,0
DA:168,0
DA:170,0
DA:171,0
DA:172,0
DA:173,0
DA:174,0
DA:175,0
DA:179,0
DA:180,0
DA:181,0
DA:183,0
DA:184,0
DA:186,0
DA:187,0
DA:188,0
DA:193,0
DA:198,0
DA:203,0
DA:208,0
DA:213,0
DA:215,0
DA:216,0
DA:222,0
DA:224,0
DA:225,0
DA:230,0
DA:232,0
DA:237,0
DA:242,0
DA:244,0
DA:245,0
DA:247,0
DA:248,0
DA:252,0
DA:257,0
DA:259,0
DA:260,0
DA:261,0
DA:263,0
DA:264,0
DA:266,0
DA:273,0
DA:274,0
DA:275,0
DA:276,0
DA:277,0
DA:279,0
DA:295,0
DA:297,0
DA:299,0
DA:300,0
DA:303,0
DA:304,0
DA:306,0
DA:307,0
DA:310,0
DA:313,0
DA:314,0
DA:316,0
DA:318,0
DA:320,0
DA:321,0
DA:324,0
DA:325,0
DA:327,0
DA:328,0
DA:331,0
DA:334,0
DA:335,0
DA:337,0
DA:342,0
DA:344,0
DA:345,0
DA:347,0
DA:350,0
DA:355,0
DA:357,0
DA:359,0
DA:363,0
DA:364,0
DA:365,0
DA:366,0
DA:367,0
DA:368,0
DA:369,0
DA:370,0
DA:371,0
DA:373,0
DA:374,0
DA:377,0
DA:382,0
DA:388,0
DA:390,0
DA:392,0
DA:396,0
DA:397,0
DA:402,0
DA:409,0
DA:410,0
DA:411,0
DA:412,0
DA:413,0
DA:414,0
DA:415,0
DA:418,0
DA:420,0
DA:421,0
DA:422,0
DA:424,0
DA:429,0
DA:431,0
DA:432,0
DA:436,0
DA:440,0
DA:442,0
DA:443,0
DA:448,0
DA:449,0
DA:450,0
DA:451,0
DA:453,0
DA:461,0
DA:465,0
DA:468,0
DA:469,0
DA:470,0
DA:471,0
DA:472,0
DA:474,0
DA:475,0
DA:479,0
DA:484,0
DA:485,0
DA:487,0
DA:490,0
DA:493,0
DA:499,0
DA:500,0
DA:502,0
DA:505,0
DA:508,0
DA:514,0
DA:516,0
DA:522,0
DA:523,0
DA:524,0
DA:526,0
DA:529,0
DA:530,0
DA:531,0
DA:537,0
DA:540,0
DA:546,0
DA:550,0
DA:552,0
DA:553,0
DA:555,0
DA:561,0
DA:566,0
DA:569,0
DA:572,0
DA:577,0
DA:581,0
DA:582,0
DA:585,0
DA:586,0
DA:587,0
DA:589,0
DA:591,0
DA:592,0
DA:596,0
DA:597,0
DA:600,0
DA:606,0
DA:612,0
LF:224
LH:0
BRDA:86,0,0,0
BRDA:86,0,1,0
BRDA:86,1,0,0
BRDA:86,1,1,0
BRDA:86,1,2,0
BRDA:161,2,0,0
BRDA:161,2,1,0
BRDA:170,3,0,0
BRDA:170,3,1,0
BRDA:170,4,0,0
BRDA:170,4,1,0
BRDA:172,5,0,0
BRDA:172,5,1,0
BRDA:174,6,0,0
BRDA:174,6,1,0
BRDA:178,7,0,0
BRDA:183,8,0,0
BRDA:183,8,1,0
BRDA:187,9,0,0
BRDA:187,9,1,0
BRDA:212,10,0,0
BRDA:244,11,0,0
BRDA:244,11,1,0
BRDA:263,12,0,0
BRDA:263,12,1,0
BRDA:271,13,0,0
BRDA:295,14,0,0
BRDA:295,14,1,0
BRDA:295,14,2,0
BRDA:295,14,3,0
BRDA:306,15,0,0
BRDA:306,15,1,0
BRDA:327,16,0,0
BRDA:327,16,1,0
BRDA:344,17,0,0
BRDA:344,17,1,0
BRDA:365,18,0,0
BRDA:365,18,1,0
BRDA:366,19,0,0
BRDA:366,19,1,0
BRDA:368,20,0,0
BRDA:368,20,1,0
BRDA:369,21,0,0
BRDA:369,21,1,0
BRDA:370,22,0,0
BRDA:370,22,1,0
BRDA:408,23,0,0
BRDA:420,24,0,0
BRDA:420,24,1,0
BRDA:431,25,0,0
BRDA:431,25,1,0
BRDA:431,26,0,0
BRDA:431,26,1,0
BRDA:436,27,0,0
BRDA:436,27,1,0
BRDA:448,28,0,0
BRDA:448,28,1,0
BRDA:470,29,0,0
BRDA:470,29,1,0
BRDA:523,30,0,0
BRDA:523,30,1,0
BRDA:530,31,0,0
BRDA:530,31,1,0
BRDA:546,32,0,0
BRDA:546,32,1,0
BRDA:552,33,0,0
BRDA:552,33,1,0
BRDA:585,34,0,0
BRDA:585,34,1,0
BRDA:591,35,0,0
BRDA:591,35,1,0
BRF:71
BRH:0
end_of_record
TN:
SF:src/tradinglogic-copy-old.js
FN:23,(anonymous_0)
FN:115,(anonymous_1)
FN:119,(anonymous_2)
FN:123,(anonymous_3)
FN:168,(anonymous_4)
FN:176,(anonymous_5)
FN:189,(anonymous_6)
FN:211,(anonymous_7)
FN:222,(anonymous_8)
FN:228,(anonymous_9)
FN:230,(anonymous_10)
FN:254,(anonymous_11)
FN:264,(anonymous_12)
FN:278,(anonymous_13)
FN:299,(anonymous_14)
FN:320,(anonymous_15)
FN:340,(anonymous_16)
FN:360,(anonymous_17)
FN:381,(anonymous_18)
FN:397,(anonymous_19)
FN:418,(anonymous_20)
FN:432,(anonymous_21)
FN:441,(anonymous_22)
FN:445,(anonymous_23)
FN:449,(anonymous_24)
FN:460,(anonymous_25)
FN:464,(anonymous_26)
FN:468,(anonymous_27)
FN:472,(anonymous_28)
FN:476,(anonymous_29)
FN:484,(anonymous_30)
FN:491,(anonymous_31)
FN:498,(anonymous_32)
FN:550,(anonymous_33)
FN:577,(anonymous_34)
FN:585,(anonymous_35)
FN:610,(anonymous_36)
FN:615,(anonymous_37)
FN:622,(anonymous_38)
FN:625,(anonymous_39)
FN:634,(anonymous_40)
FN:681,(anonymous_41)
FN:693,(anonymous_42)
FN:706,(anonymous_43)
FN:714,(anonymous_44)
FN:734,(anonymous_45)
FN:735,(anonymous_46)
FN:738,(anonymous_47)
FN:740,(anonymous_48)
FN:744,(anonymous_49)
FN:745,(anonymous_50)
FN:748,(anonymous_51)
FN:749,(anonymous_52)
FN:752,(anonymous_53)
FN:757,(anonymous_54)
FN:761,(anonymous_55)
FN:766,(anonymous_56)
FN:771,(anonymous_57)
FN:776,(anonymous_58)
FN:780,(anonymous_59)
FN:784,(anonymous_60)
FN:788,(anonymous_61)
FN:792,(anonymous_62)
FN:796,(anonymous_63)
FN:801,(anonymous_64)
FN:834,(anonymous_65)
FN:845,(anonymous_66)
FN:849,(anonymous_67)
FN:868,(anonymous_68)
FN:882,(anonymous_69)
FN:890,(anonymous_70)
FN:927,(anonymous_71)
FN:928,(anonymous_72)
FN:955,(anonymous_73)
FN:968,(anonymous_74)
FN:980,(anonymous_75)
FN:992,(anonymous_76)
FN:1005,(anonymous_77)
FN:1023,(anonymous_78)
FN:1041,(anonymous_79)
FN:1045,(anonymous_80)
FN:1049,(anonymous_81)
FN:1074,(anonymous_82)
FN:1152,(anonymous_83)
FN:1401,(anonymous_84)
FN:1437,(anonymous_85)
FN:1454,(anonymous_86)
FN:1530,(anonymous_87)
FN:1540,(anonymous_88)
FN:1561,(anonymous_89)
FN:1575,(anonymous_90)
FN:1622,(anonymous_91)
FN:1644,(anonymous_92)
FN:1648,(anonymous_93)
FN:1658,(anonymous_94)
FN:1659,(anonymous_95)
FN:1661,(anonymous_96)
FN:1664,(anonymous_97)
FN:1672,(anonymous_98)
FN:1686,(anonymous_99)
FN:1690,(anonymous_100)
FN:1702,(anonymous_101)
FN:1721,(anonymous_102)
FN:1724,(anonymous_103)
FN:1748,(anonymous_104)
FN:1755,(anonymous_105)
FN:1774,(anonymous_106)
FN:1784,(anonymous_107)
FN:1789,(anonymous_108)
FN:1793,(anonymous_109)
FN:1801,(anonymous_110)
FN:1836,(anonymous_111)
FN:1840,(anonymous_112)
FN:1862,(anonymous_113)
FN:1879,(anonymous_114)
FN:1880,(anonymous_115)
FN:1882,(anonymous_116)
FN:1885,(anonymous_117)
FN:1890,(anonymous_118)
FN:1891,(anonymous_119)
FN:1893,(anonymous_120)
FN:1896,(anonymous_121)
FN:1902,(anonymous_122)
FN:1963,(anonymous_123)
FN:1967,(anonymous_124)
FN:1971,(anonymous_125)
FN:1975,(anonymous_126)
FN:1984,(anonymous_127)
FN:1995,(anonymous_128)
FN:2012,(anonymous_129)
FN:2016,(anonymous_130)
FN:2024,(anonymous_131)
FNF:132
FNH:0
FNDA:0,(anonymous_0)
FNDA:0,(anonymous_1)
FNDA:0,(anonymous_2)
FNDA:0,(anonymous_3)
FNDA:0,(anonymous_4)
FNDA:0,(anonymous_5)
FNDA:0,(anonymous_6)
FNDA:0,(anonymous_7)
FNDA:0,(anonymous_8)
FNDA:0,(anonymous_9)
FNDA:0,(anonymous_10)
FNDA:0,(anonymous_11)
FNDA:0,(anonymous_12)
FNDA:0,(anonymous_13)
FNDA:0,(anonymous_14)
FNDA:0,(anonymous_15)
FNDA:0,(anonymous_16)
FNDA:0,(anonymous_17)
FNDA:0,(anonymous_18)
FNDA:0,(anonymous_19)
FNDA:0,(anonymous_20)
FNDA:0,(anonymous_21)
FNDA:0,(anonymous_22)
FNDA:0,(anonymous_23)
FNDA:0,(anonymous_24)
FNDA:0,(anonymous_25)
FNDA:0,(anonymous_26)
FNDA:0,(anonymous_27)
FNDA:0,(anonymous_28)
FNDA:0,(anonymous_29)
FNDA:0,(anonymous_30)
FNDA:0,(anonymous_31)
FNDA:0,(anonymous_32)
FNDA:0,(anonymous_33)
FNDA:0,(anonymous_34)
FNDA:0,(anonymous_35)
FNDA:0,(anonymous_36)
FNDA:0,(anonymous_37)
FNDA:0,(anonymous_38)
FNDA:0,(anonymous_39)
FNDA:0,(anonymous_40)
FNDA:0,(anonymous_41)
FNDA:0,(anonymous_42)
FNDA:0,(anonymous_43)
FNDA:0,(anonymous_44)
FNDA:0,(anonymous_45)
FNDA:0,(anonymous_46)
FNDA:0,(anonymous_47)
FNDA:0,(anonymous_48)
FNDA:0,(anonymous_49)
FNDA:0,(anonymous_50)
FNDA:0,(anonymous_51)
FNDA:0,(anonymous_52)
FNDA:0,(anonymous_53)
FNDA:0,(anonymous_54)
FNDA:0,(anonymous_55)
FNDA:0,(anonymous_56)
FNDA:0,(anonymous_57)
FNDA:0,(anonymous_58)
FNDA:0,(anonymous_59)
FNDA:0,(anonymous_60)
FNDA:0,(anonymous_61)
FNDA:0,(anonymous_62)
FNDA:0,(anonymous_63)
FNDA:0,(anonymous_64)
FNDA:0,(anonymous_65)
FNDA:0,(anonymous_66)
FNDA:0,(anonymous_67)
FNDA:0,(anonymous_68)
FNDA:0,(anonymous_69)
FNDA:0,(anonymous_70)
FNDA:0,(anonymous_71)
FNDA:0,(anonymous_72)
FNDA:0,(anonymous_73)
FNDA:0,(anonymous_74)
FNDA:0,(anonymous_75)
FNDA:0,(anonymous_76)
FNDA:0,(anonymous_77)
FNDA:0,(anonymous_78)
FNDA:0,(anonymous_79)
FNDA:0,(anonymous_80)
FNDA:0,(anonymous_81)
FNDA:0,(anonymous_82)
FNDA:0,(anonymous_83)
FNDA:0,(anonymous_84)
FNDA:0,(anonymous_85)
FNDA:0,(anonymous_86)
FNDA:0,(anonymous_87)
FNDA:0,(anonymous_88)
FNDA:0,(anonymous_89)
FNDA:0,(anonymous_90)
FNDA:0,(anonymous_91)
FNDA:0,(anonymous_92)
FNDA:0,(anonymous_93)
FNDA:0,(anonymous_94)
FNDA:0,(anonymous_95)
FNDA:0,(anonymous_96)
FNDA:0,(anonymous_97)
FNDA:0,(anonymous_98)
FNDA:0,(anonymous_99)
FNDA:0,(anonymous_100)
FNDA:0,(anonymous_101)
FNDA:0,(anonymous_102)
FNDA:0,(anonymous_103)
FNDA:0,(anonymous_104)
FNDA:0,(anonymous_105)
FNDA:0,(anonymous_106)
FNDA:0,(anonymous_107)
FNDA:0,(anonymous_108)
FNDA:0,(anonymous_109)
FNDA:0,(anonymous_110)
FNDA:0,(anonymous_111)
FNDA:0,(anonymous_112)
FNDA:0,(anonymous_113)
FNDA:0,(anonymous_114)
FNDA:0,(anonymous_115)
FNDA:0,(anonymous_116)
FNDA:0,(anonymous_117)
FNDA:0,(anonymous_118)
FNDA:0,(anonymous_119)
FNDA:0,(anonymous_120)
FNDA:0,(anonymous_121)
FNDA:0,(anonymous_122)
FNDA:0,(anonymous_123)
FNDA:0,(anonymous_124)
FNDA:0,(anonymous_125)
FNDA:0,(anonymous_126)
FNDA:0,(anonymous_127)
FNDA:0,(anonymous_128)
FNDA:0,(anonymous_129)
FNDA:0,(anonymous_130)
FNDA:0,(anonymous_131)
DA:5,0
DA:6,0
DA:24,0
DA:25,0
DA:27,0
DA:28,0
DA:30,0
DA:32,0
DA:40,0
DA:41,0
DA:42,0
DA:44,0
DA:45,0
DA:46,0
DA:48,0
DA:50,0
DA:53,0
DA:71,0
DA:98,0
DA:99,0
DA:101,0
DA:102,0
DA:103,0
DA:104,0
DA:105,0
DA:106,0
DA:107,0
DA:110,0
DA:111,0
DA:112,0
DA:116,0
DA:120,0
DA:124,0
DA:125,0
DA:128,0
DA:129,0
DA:130,0
DA:131,0
DA:134,0
DA:135,0
DA:136,0
DA:137,0
DA:141,0
DA:142,0
DA:143,0
DA:144,0
DA:169,0
DA:176,0
DA:177,0
DA:181,0
DA:182,0
DA:184,0
DA:186,0
DA:190,0
DA:191,0
DA:192,0
DA:195,0
DA:198,0
DA:199,0
DA:200,0
DA:201,0
DA:204,0
DA:208,0
DA:211,0
DA:212,0
DA:215,0
DA:218,0
DA:221,0
DA:225,0
DA:230,0
DA:233,0
DA:236,0
DA:240,0
DA:244,0
DA:245,0
DA:249,0
DA:252,0
DA:255,0
DA:265,0
DA:266,0
DA:267,0
DA:268,0
DA:269,0
DA:270,0
DA:271,0
DA:273,0
DA:274,0
DA:279,0
DA:281,0
DA:287,0
DA:288,0
DA:289,0
DA:290,0
DA:291,0
DA:292,0
DA:293,0
DA:294,0
DA:295,0
DA:300,0
DA:302,0
DA:308,0
DA:309,0
DA:310,0
DA:311,0
DA:312,0
DA:313,0
DA:314,0
DA:315,0
DA:316,0
DA:321,0
DA:323,0
DA:329,0
DA:330,0
DA:331,0
DA:332,0
DA:333,0
DA:334,0
DA:335,0
DA:336,0
DA:341,0
DA:343,0
DA:349,0
DA:350,0
DA:351,0
DA:352,0
DA:353,0
DA:354,0
DA:355,0
DA:356,0
DA:361,0
DA:363,0
DA:369,0
DA:370,0
DA:371,0
DA:372,0
DA:373,0
DA:374,0
DA:375,0
DA:376,0
DA:383,0
DA:384,0
DA:387,0
DA:390,0
DA:391,0
DA:394,0
DA:399,0
DA:402,0
DA:403,0
DA:404,0
DA:407,0
DA:408,0
DA:409,0
DA:412,0
DA:414,0
DA:419,0
DA:420,0
DA:421,0
DA:422,0
DA:423,0
DA:425,0
DA:426,0
DA:427,0
DA:428,0
DA:429,0
DA:433,0
DA:442,0
DA:446,0
DA:450,0
DA:451,0
DA:452,0
DA:453,0
DA:454,0
DA:456,0
DA:461,0
DA:465,0
DA:469,0
DA:473,0
DA:478,0
DA:480,0
DA:485,0
DA:486,0
DA:488,0
DA:492,0
DA:493,0
DA:495,0
DA:500,0
DA:501,0
DA:507,0
DA:510,0
DA:513,0
DA:515,0
DA:523,0
DA:526,0
DA:528,0
DA:530,0
DA:534,0
DA:537,0
DA:539,0
DA:541,0
DA:554,0
DA:556,0
DA:557,0
DA:558,0
DA:561,0
DA:564,0
DA:565,0
DA:567,0
DA:569,0
DA:572,0
DA:578,0
DA:579,0
DA:580,0
DA:582,0
DA:588,0
DA:589,0
DA:591,0
DA:594,0
DA:595,0
DA:596,0
DA:598,0
DA:599,0
DA:600,0
DA:604,0
DA:605,0
DA:607,0
DA:611,0
DA:612,0
DA:616,0
DA:617,0
DA:619,0
DA:622,0
DA:626,0
DA:627,0
DA:628,0
DA:629,0
DA:631,0
DA:636,0
DA:637,0
DA:638,0
DA:644,0
DA:647,0
DA:648,0
DA:651,0
DA:652,0
DA:654,0
DA:655,0
DA:659,0
DA:660,0
DA:673,0
DA:674,0
DA:675,0
DA:676,0
DA:678,0
DA:680,0
DA:683,0
DA:685,0
DA:690,0
DA:695,0
DA:696,0
DA:697,0
DA:698,0
DA:702,0
DA:703,0
DA:707,0
DA:708,0
DA:710,0
DA:716,0
DA:717,0
DA:725,0
DA:726,0
DA:728,0
DA:730,0
DA:735,0
DA:740,0
DA:745,0
DA:749,0
DA:753,0
DA:758,0
DA:762,0
DA:768,0
DA:773,0
DA:777,0
DA:781,0
DA:785,0
DA:789,0
DA:793,0
DA:797,0
DA:802,0
DA:803,0
DA:804,0
DA:805,0
DA:806,0
DA:812,0
DA:813,0
DA:815,0
DA:816,0
DA:817,0
DA:818,0
DA:819,0
DA:820,0
DA:821,0
DA:824,0
DA:825,0
DA:828,0
DA:831,0
DA:835,0
DA:838,0
DA:839,0
DA:840,0
DA:842,0
DA:846,0
DA:850,0
DA:851,0
DA:854,0
DA:856,0
DA:857,0
DA:859,0
DA:860,0
DA:861,0
DA:862,0
DA:863,0
DA:864,0
DA:869,0
DA:870,0
DA:871,0
DA:873,0
DA:874,0
DA:876,0
DA:877,0
DA:878,0
DA:883,0
DA:884,0
DA:886,0
DA:892,0
DA:893,0
DA:894,0
DA:897,0
DA:898,0
DA:899,0
DA:903,0
DA:904,0
DA:905,0
DA:906,0
DA:907,0
DA:908,0
DA:909,0
DA:910,0
DA:911,0
DA:914,0
DA:915,0
DA:917,0
DA:920,0
DA:927,0
DA:928,0
DA:935,0
DA:937,0
DA:938,0
DA:942,0
DA:943,0
DA:945,0
DA:946,0
DA:949,0
DA:950,0
DA:957,0
DA:958,0
DA:960,0
DA:961,0
DA:962,0
DA:963,0
DA:969,0
DA:970,0
DA:973,0
DA:974,0
DA:975,0
DA:976,0
DA:981,0
DA:982,0
DA:985,0
DA:986,0
DA:987,0
DA:988,0
DA:993,0
DA:994,0
DA:997,0
DA:998,0
DA:999,0
DA:1000,0
DA:1006,0
DA:1007,0
DA:1008,0
DA:1010,0
DA:1011,0
DA:1012,0
DA:1013,0
DA:1014,0
DA:1015,0
DA:1019,0
DA:1024,0
DA:1025,0
DA:1026,0
DA:1028,0
DA:1029,0
DA:1030,0
DA:1031,0
DA:1032,0
DA:1033,0
DA:1037,0
DA:1042,0
DA:1046,0
DA:1050,0
DA:1052,0
DA:1059,0
DA:1060,0
DA:1061,0
DA:1062,0
DA:1063,0
DA:1064,0
DA:1065,0
DA:1071,0
DA:1075,0
DA:1078,0
DA:1079,0
DA:1080,0
DA:1081,0
DA:1082,0
DA:1084,0
DA:1086,0
DA:1087,0
DA:1089,0
DA:1090,0
DA:1091,0
DA:1094,0
DA:1102,0
DA:1103,0
DA:1105,0
DA:1108,0
DA:1109,0
DA:1111,0
DA:1115,0
DA:1116,0
DA:1121,0
DA:1122,0
DA:1123,0
DA:1124,0
DA:1125,0
DA:1126,0
DA:1128,0
DA:1129,0
DA:1130,0
DA:1131,0
DA:1133,0
DA:1135,0
DA:1136,0
DA:1139,0
DA:1140,0
DA:1141,0
DA:1143,0
DA:1145,0
DA:1146,0
DA:1153,0
DA:1155,0
DA:1156,0
DA:1159,0
DA:1160,0
DA:1163,0
DA:1165,0
DA:1166,0
DA:1169,0
DA:1170,0
DA:1175,0
DA:1176,0
DA:1181,0
DA:1186,0
DA:1190,0
DA:1191,0
DA:1192,0
DA:1193,0
DA:1194,0
DA:1195,0
DA:1196,0
DA:1199,0
DA:1200,0
DA:1201,0
DA:1202,0
DA:1203,0
DA:1204,0
DA:1207,0
DA:1213,0
DA:1214,0
DA:1215,0
DA:1216,0
DA:1217,0
DA:1218,0
DA:1219,0
DA:1222,0
DA:1223,0
DA:1224,0
DA:1225,0
DA:1226,0
DA:1227,0
DA:1230,0
DA:1232,0
DA:1236,0
DA:1241,0
DA:1242,0
DA:1243,0
DA:1244,0
DA:1245,0
DA:1246,0
DA:1247,0
DA:1250,0
DA:1251,0
DA:1252,0
DA:1253,0
DA:1254,0
DA:1255,0
DA:1258,0
DA:1262,0
DA:1263,0
DA:1264,0
DA:1265,0
DA:1266,0
DA:1267,0
DA:1268,0
DA:1271,0
DA:1272,0
DA:1273,0
DA:1274,0
DA:1275,0
DA:1276,0
DA:1279,0
DA:1280,0
DA:1281,0
DA:1282,0
DA:1283,0
DA:1284,0
DA:1285,0
DA:1288,0
DA:1289,0
DA:1290,0
DA:1291,0
DA:1292,0
DA:1293,0
DA:1296,0
DA:1301,0
DA:1302,0
DA:1303,0
DA:1304,0
DA:1305,0
DA:1306,0
DA:1307,0
DA:1310,0
DA:1311,0
DA:1312,0
DA:1313,0
DA:1314,0
DA:1315,0
DA:1320,0
DA:1324,0
DA:1330,0
DA:1331,0
DA:1332,0
DA:1333,0
DA:1334,0
DA:1335,0
DA:1336,0
DA:1339,0
DA:1340,0
DA:1341,0
DA:1342,0
DA:1343,0
DA:1344,0
DA:1347,0
DA:1352,0
DA:1353,0
DA:1354,0
DA:1355,0
DA:1356,0
DA:1357,0
DA:1358,0
DA:1361,0
DA:1362,0
DA:1363,0
DA:1364,0
DA:1365,0
DA:1366,0
DA:1369,0
DA:1371,0
DA:1374,0
DA:1378,0
DA:1381,0
DA:1383,0
DA:1385,0
DA:1387,0
DA:1389,0
DA:1392,0
DA:1395,0
DA:1405,0
DA:1406,0
DA:1409,0
DA:1410,0
DA:1411,0
DA:1414,0
DA:1415,0
DA:1416,0
DA:1417,0
DA:1418,0
DA:1422,0
DA:1423,0
DA:1426,0
DA:1427,0
DA:1429,0
DA:1438,0
DA:1439,0
DA:1440,0
DA:1443,0
DA:1444,0
DA:1445,0
DA:1446,0
DA:1447,0
DA:1448,0
DA:1451,0
DA:1455,0
DA:1531,0
DA:1532,0
DA:1533,0
DA:1534,0
DA:1535,0
DA:1537,0
DA:1541,0
DA:1542,0
DA:1543,0
DA:1546,0
DA:1547,0
DA:1551,0
DA:1552,0
DA:1553,0
DA:1558,0
DA:1565,0
DA:1568,0
DA:1569,0
DA:1578,0
DA:1580,0
DA:1581,0
DA:1582,0
DA:1583,0
DA:1584,0
DA:1589,0
DA:1590,0
DA:1591,0
DA:1592,0
DA:1594,0
DA:1596,0
DA:1599,0
DA:1600,0
DA:1602,0
DA:1603,0
DA:1605,0
DA:1607,0
DA:1609,0
DA:1610,0
DA:1611,0
DA:1612,0
DA:1613,0
DA:1616,0
DA:1623,0
DA:1624,0
DA:1625,0
DA:1628,0
DA:1631,0
DA:1632,0
DA:1633,0
DA:1636,0
DA:1638,0
DA:1639,0
DA:1640,0
DA:1641,0
DA:1643,0
DA:1646,0
DA:1650,0
DA:1651,0
DA:1652,0
DA:1655,0
DA:1659,0
DA:1660,0
DA:1662,0
DA:1665,0
DA:1666,0
DA:1673,0
DA:1674,0
DA:1675,0
DA:1676,0
DA:1677,0
DA:1679,0
DA:1680,0
DA:1682,0
DA:1687,0
DA:1691,0
DA:1692,0
DA:1693,0
DA:1695,0
DA:1696,0
DA:1697,0
DA:1699,0
DA:1704,0
DA:1705,0
DA:1706,0
DA:1707,0
DA:1709,0
DA:1723,0
DA:1725,0
DA:1726,0
DA:1727,0
DA:1728,0
DA:1729,0
DA:1730,0
DA:1731,0
DA:1732,0
DA:1733,0
DA:1735,0
DA:1743,0
DA:1746,0
DA:1749,0
DA:1750,0
DA:1756,0
DA:1758,0
DA:1759,0
DA:1760,0
DA:1762,0
DA:1763,0
DA:1768,0
DA:1769,0
DA:1770,0
DA:1772,0
DA:1773,0
DA:1775,0
DA:1778,0
DA:1782,0
DA:1783,0
DA:1785,0
DA:1788,0
DA:1790,0
DA:1792,0
DA:1794,0
DA:1796,0
DA:1802,0
DA:1803,0
DA:1804,0
DA:1805,0
DA:1806,0
DA:1807,0
DA:1808,0
DA:1811,0
DA:1812,0
DA:1814,0
DA:1817,0
DA:1819,0
DA:1825,0
DA:1826,0
DA:1829,0
DA:1833,0
DA:1837,0
DA:1841,0
DA:1847,0
DA:1848,0
DA:1849,0
DA:1852,0
DA:1853,0
DA:1854,0
DA:1855,0
DA:1856,0
DA:1859,0
DA:1863,0
DA:1864,0
DA:1865,0
DA:1866,0
DA:1867,0
DA:1869,0
DA:1870,0
DA:1871,0
DA:1873,0
DA:1874,0
DA:1875,0
DA:1878,0
DA:1880,0
DA:1883,0
DA:1886,0
DA:1891,0
DA:1892,0
DA:1894,0
DA:1897,0
DA:1903,0
DA:1904,0
DA:1907,0
DA:1908,0
DA:1911,0
DA:1914,0
DA:1915,0
DA:1916,0
DA:1919,0
DA:1920,0
DA:1921,0
DA:1922,0
DA:1923,0
DA:1925,0
DA:1927,0
DA:1930,0
DA:1931,0
DA:1932,0
DA:1933,0
DA:1936,0
DA:1937,0
DA:1938,0
DA:1944,0
DA:1947,0
DA:1948,0
DA:1949,0
DA:1950,0
DA:1953,0
DA:1954,0
DA:1955,0
DA:1960,0
DA:1964,0
DA:1968,0
DA:1972,0
DA:1976,0
DA:1977,0
DA:1978,0
DA:1979,0
DA:1980,0
DA:1981,0
DA:1985,0
DA:1986,0
DA:1987,0
DA:1988,0
DA:1989,0
DA:1990,0
DA:1991,0
DA:1996,0
DA:1998,0
DA:1999,0
DA:2000,0
DA:2001,0
DA:2003,0
DA:2009,0
DA:2013,0
DA:2018,0
DA:2019,0
DA:2021,0
DA:2026,0
DA:2110,0
LF:851
LH:0
BRDA:125,0,0,0
BRDA:125,0,1,0
BRDA:125,0,2,0
BRDA:125,0,3,0
BRDA:177,1,0,0
BRDA:177,1,1,0
BRDA:236,2,0,0
BRDA:236,2,1,0
BRDA:244,3,0,0
BRDA:244,3,1,0
BRDA:249,4,0,0
BRDA:249,4,1,0
BRDA:265,5,0,0
BRDA:265,5,1,0
BRDA:399,6,0,0
BRDA:399,6,1,0
BRDA:399,6,2,0
BRDA:425,7,0,0
BRDA:425,7,1,0
BRDA:442,8,0,0
BRDA:442,8,1,0
BRDA:442,9,0,0
BRDA:442,9,1,0
BRDA:523,10,0,0
BRDA:523,10,1,0
BRDA:528,11,0,0
BRDA:528,11,1,0
BRDA:534,12,0,0
BRDA:534,12,1,0
BRDA:539,13,0,0
BRDA:539,13,1,0
BRDA:554,14,0,0
BRDA:554,14,1,0
BRDA:579,15,0,0
BRDA:579,15,1,0
BRDA:594,16,0,0
BRDA:594,16,1,0
BRDA:595,17,0,0
BRDA:595,17,1,0
BRDA:599,18,0,0
BRDA:599,18,1,0
BRDA:604,19,0,0
BRDA:604,19,1,0
BRDA:610,20,0,0
BRDA:610,21,0,0
BRDA:615,22,0,0
BRDA:615,23,0,0
BRDA:622,24,0,0
BRDA:622,24,1,0
BRDA:628,25,0,0
BRDA:628,25,1,0
BRDA:634,26,0,0
BRDA:634,27,0,0
BRDA:644,28,0,0
BRDA:644,28,1,0
BRDA:644,28,2,0
BRDA:659,29,0,0
BRDA:659,29,1,0
BRDA:660,30,0,0
BRDA:660,30,1,0
BRDA:697,31,0,0
BRDA:697,31,1,0
BRDA:716,32,0,0
BRDA:716,32,1,0
BRDA:726,33,0,0
BRDA:726,33,1,0
BRDA:740,34,0,0
BRDA:740,34,1,0
BRDA:749,35,0,0
BRDA:749,35,1,0
BRDA:818,36,0,0
BRDA:818,36,1,0
BRDA:819,37,0,0
BRDA:819,37,1,0
BRDA:824,38,0,0
BRDA:824,38,1,0
BRDA:839,39,0,0
BRDA:839,39,1,0
BRDA:850,40,0,0
BRDA:850,40,1,0
BRDA:859,41,0,0
BRDA:859,41,1,0
BRDA:859,42,0,0
BRDA:859,42,1,0
BRDA:861,43,0,0
BRDA:861,43,1,0
BRDA:863,44,0,0
BRDA:863,44,1,0
BRDA:868,45,0,0
BRDA:873,46,0,0
BRDA:873,46,1,0
BRDA:877,47,0,0
BRDA:877,47,1,0
BRDA:883,48,0,0
BRDA:883,48,1,0
BRDA:893,49,0,0
BRDA:893,49,1,0
BRDA:898,50,0,0
BRDA:898,50,1,0
BRDA:903,51,0,0
BRDA:903,51,1,0
BRDA:903,52,0,0
BRDA:903,52,1,0
BRDA:914,53,0,0
BRDA:914,53,1,0
BRDA:927,54,0,0
BRDA:927,54,1,0
BRDA:935,55,0,0
BRDA:935,55,1,0
BRDA:935,55,2,0
BRDA:935,55,3,0
BRDA:957,56,0,0
BRDA:957,56,1,0
BRDA:963,57,0,0
BRDA:963,57,1,0
BRDA:963,58,0,0
BRDA:963,58,1,0
BRDA:969,59,0,0
BRDA:969,59,1,0
BRDA:976,60,0,0
BRDA:976,60,1,0
BRDA:976,61,0,0
BRDA:976,61,1,0
BRDA:981,62,0,0
BRDA:981,62,1,0
BRDA:988,63,0,0
BRDA:988,63,1,0
BRDA:988,64,0,0
BRDA:988,64,1,0
BRDA:993,65,0,0
BRDA:993,65,1,0
BRDA:1000,66,0,0
BRDA:1000,66,1,0
BRDA:1000,67,0,0
BRDA:1000,67,1,0
BRDA:1007,68,0,0
BRDA:1007,68,1,0
BRDA:1013,69,0,0
BRDA:1013,69,1,0
BRDA:1016,70,0,0
BRDA:1016,70,1,0
BRDA:1025,71,0,0
BRDA:1025,71,1,0
BRDA:1031,72,0,0
BRDA:1031,72,1,0
BRDA:1034,73,0,0
BRDA:1034,73,1,0
BRDA:1046,74,0,0
BRDA:1046,74,1,0
BRDA:1062,75,0,0
BRDA:1062,75,1,0
BRDA:1090,76,0,0
BRDA:1090,76,1,0
BRDA:1094,77,0,0
BRDA:1094,77,1,0
BRDA:1103,78,0,0
BRDA:1103,78,1,0
BRDA:1103,79,0,0
BRDA:1103,79,1,0
BRDA:1109,80,0,0
BRDA:1109,80,1,0
BRDA:1109,81,0,0
BRDA:1109,81,1,0
BRDA:1115,82,0,0
BRDA:1115,82,1,0
BRDA:1115,83,0,0
BRDA:1115,83,1,0
BRDA:1121,84,0,0
BRDA:1121,84,1,0
BRDA:1121,85,0,0
BRDA:1121,85,1,0
BRDA:1129,86,0,0
BRDA:1129,86,1,0
BRDA:1130,87,0,0
BRDA:1130,87,1,0
BRDA:1135,88,0,0
BRDA:1135,88,1,0
BRDA:1139,89,0,0
BRDA:1139,89,1,0
BRDA:1140,90,0,0
BRDA:1140,90,1,0
BRDA:1145,91,0,0
BRDA:1145,91,1,0
BRDA:1155,92,0,0
BRDA:1155,92,1,0
BRDA:1159,93,0,0
BRDA:1159,93,1,0
BRDA:1181,94,0,0
BRDA:1181,94,1,0
BRDA:1181,94,2,0
BRDA:1181,94,3,0
BRDA:1186,95,0,0
BRDA:1186,95,1,0
BRDA:1186,95,2,0
BRDA:1186,95,3,0
BRDA:1186,95,4,0
BRDA:1190,96,0,0
BRDA:1190,96,1,0
BRDA:1195,97,0,0
BRDA:1195,97,1,0
BRDA:1200,98,0,0
BRDA:1200,98,1,0
BRDA:1213,99,0,0
BRDA:1213,99,1,0
BRDA:1218,100,0,0
BRDA:1218,100,1,0
BRDA:1223,101,0,0
BRDA:1223,101,1,0
BRDA:1236,102,0,0
BRDA:1236,102,1,0
BRDA:1236,102,2,0
BRDA:1236,102,3,0
BRDA:1236,102,4,0
BRDA:1241,103,0,0
BRDA:1241,103,1,0
BRDA:1246,104,0,0
BRDA:1246,104,1,0
BRDA:1251,105,0,0
BRDA:1251,105,1,0
BRDA:1262,106,0,0
BRDA:1262,106,1,0
BRDA:1267,107,0,0
BRDA:1267,107,1,0
BRDA:1272,108,0,0
BRDA:1272,108,1,0
BRDA:1279,109,0,0
BRDA:1279,109,1,0
BRDA:1284,110,0,0
BRDA:1284,110,1,0
BRDA:1289,111,0,0
BRDA:1289,111,1,0
BRDA:1301,112,0,0
BRDA:1301,112,1,0
BRDA:1306,113,0,0
BRDA:1306,113,1,0
BRDA:1311,114,0,0
BRDA:1311,114,1,0
BRDA:1324,115,0,0
BRDA:1324,115,1,0
BRDA:1324,115,2,0
BRDA:1324,115,3,0
BRDA:1324,115,4,0
BRDA:1330,116,0,0
BRDA:1330,116,1,0
BRDA:1335,117,0,0
BRDA:1335,117,1,0
BRDA:1340,118,0,0
BRDA:1340,118,1,0
BRDA:1352,119,0,0
BRDA:1352,119,1,0
BRDA:1357,120,0,0
BRDA:1357,120,1,0
BRDA:1362,121,0,0
BRDA:1362,121,1,0
BRDA:1385,122,0,0
BRDA:1385,122,1,0
BRDA:1387,123,0,0
BRDA:1387,123,1,0
BRDA:1406,124,0,0
BRDA:1406,124,1,0
BRDA:1406,125,0,0
BRDA:1406,125,1,0
BRDA:1411,126,0,0
BRDA:1411,126,1,0
BRDA:1418,127,0,0
BRDA:1418,127,1,0
BRDA:1418,128,0,0
BRDA:1418,128,1,0
BRDA:1418,129,0,0
BRDA:1418,129,1,0
BRDA:1423,130,0,0
BRDA:1423,130,1,0
BRDA:1423,131,0,0
BRDA:1423,131,1,0
BRDA:1427,132,0,0
BRDA:1427,132,1,0
BRDA:1427,133,0,0
BRDA:1427,133,1,0
BRDA:1445,134,0,0
BRDA:1445,134,1,0
BRDA:1447,135,0,0
BRDA:1447,135,1,0
BRDA:1451,136,0,0
BRDA:1451,136,1,0
BRDA:1552,137,0,0
BRDA:1552,137,1,0
BRDA:1568,138,0,0
BRDA:1568,138,1,0
BRDA:1589,139,0,0
BRDA:1589,139,1,0
BRDA:1591,140,0,0
BRDA:1591,140,1,0
BRDA:1599,141,0,0
BRDA:1599,141,1,0
BRDA:1602,142,0,0
BRDA:1602,142,1,0
BRDA:1609,143,0,0
BRDA:1609,143,1,0
BRDA:1611,144,0,0
BRDA:1611,144,1,0
BRDA:1631,145,0,0
BRDA:1631,145,1,0
BRDA:1631,146,0,0
BRDA:1631,146,1,0
BRDA:1672,147,0,0
BRDA:1679,148,0,0
BRDA:1679,148,1,0
BRDA:1680,149,0,0
BRDA:1680,149,1,0
BRDA:1682,150,0,0
BRDA:1682,150,1,0
BRDA:1686,151,0,0
BRDA:1692,152,0,0
BRDA:1692,152,1,0
BRDA:1696,153,0,0
BRDA:1696,153,1,0
BRDA:1732,154,0,0
BRDA:1732,154,1,0
BRDA:1758,155,0,0
BRDA:1758,155,1,0
BRDA:1768,156,0,0
BRDA:1768,156,1,0
BRDA:1770,157,0,0
BRDA:1770,157,1,0
BRDA:1806,158,0,0
BRDA:1806,158,1,0
BRDA:1807,159,0,0
BRDA:1807,159,1,0
BRDA:1808,160,0,0
BRDA:1808,160,1,0
BRDA:1811,161,0,0
BRDA:1811,161,1,0
BRDA:1811,162,0,0
BRDA:1811,162,1,0
BRDA:1811,162,2,0
BRDA:1825,163,0,0
BRDA:1825,163,1,0
BRDA:1837,164,0,0
BRDA:1837,164,1,0
BRDA:1837,164,2,0
BRDA:1837,165,0,0
BRDA:1837,165,1,0
BRDA:1849,166,0,0
BRDA:1849,166,1,0
BRDA:1849,167,0,0
BRDA:1849,167,1,0
BRDA:1849,167,2,0
BRDA:1849,167,3,0
BRDA:1853,168,0,0
BRDA:1853,168,1,0
BRDA:1854,169,0,0
BRDA:1854,169,1,0
BRDA:1855,170,0,0
BRDA:1855,170,1,0
BRDA:1862,171,0,0
BRDA:1862,172,0,0
BRDA:1862,173,0,0
BRDA:1865,174,0,0
BRDA:1865,174,1,0
BRDA:1869,175,0,0
BRDA:1869,175,1,0
BRDA:1873,176,0,0
BRDA:1873,176,1,0
BRDA:1911,177,0,0
BRDA:1911,177,1,0
BRDA:1911,178,0,0
BRDA:1911,178,1,0
BRDA:1911,178,2,0
BRDA:1925,179,0,0
BRDA:1925,179,1,0
BRDA:1931,180,0,0
BRDA:1931,180,1,0
BRDA:1936,181,0,0
BRDA:1936,181,1,0
BRDA:1948,182,0,0
BRDA:1948,182,1,0
BRDA:1953,183,0,0
BRDA:1953,183,1,0
BRDA:1975,184,0,0
BRDA:1975,185,0,0
BRDA:1978,186,0,0
BRDA:1978,186,1,0
BRDA:1984,187,0,0
BRDA:2019,188,0,0
BRDA:2019,188,1,0
BRF:385
BRH:0
end_of_record
TN:
SF:src/tradinglogic.js
FN:23,(anonymous_0)
FN:115,(anonymous_1)
FN:119,(anonymous_2)
FN:123,(anonymous_3)
FN:168,(anonymous_4)
FN:176,(anonymous_5)
FN:189,(anonymous_6)
FN:211,(anonymous_7)
FN:222,(anonymous_8)
FN:228,(anonymous_9)
FN:230,(anonymous_10)
FN:254,(anonymous_11)
FN:264,(anonymous_12)
FN:278,(anonymous_13)
FN:299,(anonymous_14)
FN:320,(anonymous_15)
FN:340,(anonymous_16)
FN:360,(anonymous_17)
FN:381,(anonymous_18)
FN:397,(anonymous_19)
FN:418,(anonymous_20)
FN:432,(anonymous_21)
FN:441,(anonymous_22)
FN:445,(anonymous_23)
FN:449,(anonymous_24)
FN:460,(anonymous_25)
FN:464,(anonymous_26)
FN:468,(anonymous_27)
FN:472,(anonymous_28)
FN:476,(anonymous_29)
FN:484,(anonymous_30)
FN:491,(anonymous_31)
FN:498,(anonymous_32)
FN:550,(anonymous_33)
FN:577,(anonymous_34)
FN:585,(anonymous_35)
FN:610,(anonymous_36)
FN:615,(anonymous_37)
FN:622,(anonymous_38)
FN:625,(anonymous_39)
FN:634,(anonymous_40)
FN:681,(anonymous_41)
FN:693,(anonymous_42)
FN:706,(anonymous_43)
FN:714,(anonymous_44)
FN:736,(anonymous_45)
FN:769,(anonymous_46)
FN:780,(anonymous_47)
FN:784,(anonymous_48)
FN:803,(anonymous_49)
FN:817,(anonymous_50)
FN:825,(anonymous_51)
FN:862,(anonymous_52)
FN:863,(anonymous_53)
FN:890,(anonymous_54)
FN:903,(anonymous_55)
FN:915,(anonymous_56)
FN:927,(anonymous_57)
FN:940,(anonymous_58)
FN:958,(anonymous_59)
FN:976,(anonymous_60)
FN:980,(anonymous_61)
FN:984,(anonymous_62)
FN:1009,(anonymous_63)
FN:1087,(anonymous_64)
FN:1336,(anonymous_65)
FN:1372,(anonymous_66)
FN:1389,(anonymous_67)
FN:1465,(anonymous_68)
FN:1475,(anonymous_69)
FN:1496,(anonymous_70)
FN:1510,(anonymous_71)
FN:1557,(anonymous_72)
FN:1579,(anonymous_73)
FN:1583,(anonymous_74)
FN:1593,(anonymous_75)
FN:1594,(anonymous_76)
FN:1596,(anonymous_77)
FN:1599,(anonymous_78)
FN:1607,(anonymous_79)
FN:1621,(anonymous_80)
FN:1625,(anonymous_81)
FN:1637,(anonymous_82)
FN:1656,(anonymous_83)
FN:1659,(anonymous_84)
FN:1683,(anonymous_85)
FN:1690,(anonymous_86)
FN:1709,(anonymous_87)
FN:1719,(anonymous_88)
FN:1724,(anonymous_89)
FN:1728,(anonymous_90)
FN:1736,(anonymous_91)
FN:1771,(anonymous_92)
FN:1775,(anonymous_93)
FN:1797,(anonymous_94)
FN:1814,(anonymous_95)
FN:1815,(anonymous_96)
FN:1817,(anonymous_97)
FN:1820,(anonymous_98)
FN:1825,(anonymous_99)
FN:1826,(anonymous_100)
FN:1828,(anonymous_101)
FN:1831,(anonymous_102)
FN:1837,(anonymous_103)
FN:1898,(anonymous_104)
FN:1902,(anonymous_105)
FN:1906,(anonymous_106)
FN:1910,(anonymous_107)
FN:1919,(anonymous_108)
FN:1930,(anonymous_109)
FN:1947,(anonymous_110)
FN:1951,(anonymous_111)
FN:1959,(anonymous_112)
FNF:113
FNH:0
FNDA:0,(anonymous_0)
FNDA:0,(anonymous_1)
FNDA:0,(anonymous_2)
FNDA:0,(anonymous_3)
FNDA:0,(anonymous_4)
FNDA:0,(anonymous_5)
FNDA:0,(anonymous_6)
FNDA:0,(anonymous_7)
FNDA:0,(anonymous_8)
FNDA:0,(anonymous_9)
FNDA:0,(anonymous_10)
FNDA:0,(anonymous_11)
FNDA:0,(anonymous_12)
FNDA:0,(anonymous_13)
FNDA:0,(anonymous_14)
FNDA:0,(anonymous_15)
FNDA:0,(anonymous_16)
FNDA:0,(anonymous_17)
FNDA:0,(anonymous_18)
FNDA:0,(anonymous_19)
FNDA:0,(anonymous_20)
FNDA:0,(anonymous_21)
FNDA:0,(anonymous_22)
FNDA:0,(anonymous_23)
FNDA:0,(anonymous_24)
FNDA:0,(anonymous_25)
FNDA:0,(anonymous_26)
FNDA:0,(anonymous_27)
FNDA:0,(anonymous_28)
FNDA:0,(anonymous_29)
FNDA:0,(anonymous_30)
FNDA:0,(anonymous_31)
FNDA:0,(anonymous_32)
FNDA:0,(anonymous_33)
FNDA:0,(anonymous_34)
FNDA:0,(anonymous_35)
FNDA:0,(anonymous_36)
FNDA:0,(anonymous_37)
FNDA:0,(anonymous_38)
FNDA:0,(anonymous_39)
FNDA:0,(anonymous_40)
FNDA:0,(anonymous_41)
FNDA:0,(anonymous_42)
FNDA:0,(anonymous_43)
FNDA:0,(anonymous_44)
FNDA:0,(anonymous_45)
FNDA:0,(anonymous_46)
FNDA:0,(anonymous_47)
FNDA:0,(anonymous_48)
FNDA:0,(anonymous_49)
FNDA:0,(anonymous_50)
FNDA:0,(anonymous_51)
FNDA:0,(anonymous_52)
FNDA:0,(anonymous_53)
FNDA:0,(anonymous_54)
FNDA:0,(anonymous_55)
FNDA:0,(anonymous_56)
FNDA:0,(anonymous_57)
FNDA:0,(anonymous_58)
FNDA:0,(anonymous_59)
FNDA:0,(anonymous_60)
FNDA:0,(anonymous_61)
FNDA:0,(anonymous_62)
FNDA:0,(anonymous_63)
FNDA:0,(anonymous_64)
FNDA:0,(anonymous_65)
FNDA:0,(anonymous_66)
FNDA:0,(anonymous_67)
FNDA:0,(anonymous_68)
FNDA:0,(anonymous_69)
FNDA:0,(anonymous_70)
FNDA:0,(anonymous_71)
FNDA:0,(anonymous_72)
FNDA:0,(anonymous_73)
FNDA:0,(anonymous_74)
FNDA:0,(anonymous_75)
FNDA:0,(anonymous_76)
FNDA:0,(anonymous_77)
FNDA:0,(anonymous_78)
FNDA:0,(anonymous_79)
FNDA:0,(anonymous_80)
FNDA:0,(anonymous_81)
FNDA:0,(anonymous_82)
FNDA:0,(anonymous_83)
FNDA:0,(anonymous_84)
FNDA:0,(anonymous_85)
FNDA:0,(anonymous_86)
FNDA:0,(anonymous_87)
FNDA:0,(anonymous_88)
FNDA:0,(anonymous_89)
FNDA:0,(anonymous_90)
FNDA:0,(anonymous_91)
FNDA:0,(anonymous_92)
FNDA:0,(anonymous_93)
FNDA:0,(anonymous_94)
FNDA:0,(anonymous_95)
FNDA:0,(anonymous_96)
FNDA:0,(anonymous_97)
FNDA:0,(anonymous_98)
FNDA:0,(anonymous_99)
FNDA:0,(anonymous_100)
FNDA:0,(anonymous_101)
FNDA:0,(anonymous_102)
FNDA:0,(anonymous_103)
FNDA:0,(anonymous_104)
FNDA:0,(anonymous_105)
FNDA:0,(anonymous_106)
FNDA:0,(anonymous_107)
FNDA:0,(anonymous_108)
FNDA:0,(anonymous_109)
FNDA:0,(anonymous_110)
FNDA:0,(anonymous_111)
FNDA:0,(anonymous_112)
DA:5,0
DA:6,0
DA:24,0
DA:25,0
DA:27,0
DA:28,0
DA:30,0
DA:32,0
DA:40,0
DA:41,0
DA:42,0
DA:44,0
DA:45,0
DA:46,0
DA:48,0
DA:50,0
DA:53,0
DA:71,0
DA:98,0
DA:99,0
DA:101,0
DA:102,0
DA:103,0
DA:104,0
DA:105,0
DA:106,0
DA:107,0
DA:110,0
DA:111,0
DA:112,0
DA:116,0
DA:120,0
DA:124,0
DA:125,0
DA:128,0
DA:129,0
DA:130,0
DA:131,0
DA:134,0
DA:135,0
DA:136,0
DA:137,0
DA:141,0
DA:142,0
DA:143,0
DA:144,0
DA:169,0
DA:176,0
DA:177,0
DA:181,0
DA:182,0
DA:184,0
DA:186,0
DA:190,0
DA:191,0
DA:192,0
DA:195,0
DA:198,0
DA:199,0
DA:200,0
DA:201,0
DA:204,0
DA:208,0
DA:211,0
DA:212,0
DA:215,0
DA:218,0
DA:221,0
DA:225,0
DA:230,0
DA:233,0
DA:236,0
DA:240,0
DA:244,0
DA:245,0
DA:249,0
DA:252,0
DA:255,0
DA:265,0
DA:266,0
DA:267,0
DA:268,0
DA:269,0
DA:270,0
DA:271,0
DA:273,0
DA:274,0
DA:279,0
DA:281,0
DA:287,0
DA:288,0
DA:289,0
DA:290,0
DA:291,0
DA:292,0
DA:293,0
DA:294,0
DA:295,0
DA:300,0
DA:302,0
DA:308,0
DA:309,0
DA:310,0
DA:311,0
DA:312,0
DA:313,0
DA:314,0
DA:315,0
DA:316,0
DA:321,0
DA:323,0
DA:329,0
DA:330,0
DA:331,0
DA:332,0
DA:333,0
DA:334,0
DA:335,0
DA:336,0
DA:341,0
DA:343,0
DA:349,0
DA:350,0
DA:351,0
DA:352,0
DA:353,0
DA:354,0
DA:355,0
DA:356,0
DA:361,0
DA:363,0
DA:369,0
DA:370,0
DA:371,0
DA:372,0
DA:373,0
DA:374,0
DA:375,0
DA:376,0
DA:383,0
DA:384,0
DA:387,0
DA:390,0
DA:391,0
DA:394,0
DA:399,0
DA:402,0
DA:403,0
DA:404,0
DA:407,0
DA:408,0
DA:409,0
DA:412,0
DA:414,0
DA:419,0
DA:420,0
DA:421,0
DA:422,0
DA:423,0
DA:425,0
DA:426,0
DA:427,0
DA:428,0
DA:429,0
DA:433,0
DA:442,0
DA:446,0
DA:450,0
DA:451,0
DA:452,0
DA:453,0
DA:454,0
DA:456,0
DA:461,0
DA:465,0
DA:469,0
DA:473,0
DA:478,0
DA:480,0
DA:485,0
DA:486,0
DA:488,0
DA:492,0
DA:493,0
DA:495,0
DA:500,0
DA:501,0
DA:507,0
DA:510,0
DA:513,0
DA:515,0
DA:523,0
DA:526,0
DA:528,0
DA:530,0
DA:534,0
DA:537,0
DA:539,0
DA:541,0
DA:554,0
DA:556,0
DA:557,0
DA:558,0
DA:561,0
DA:564,0
DA:565,0
DA:567,0
DA:569,0
DA:572,0
DA:578,0
DA:579,0
DA:580,0
DA:582,0
DA:588,0
DA:589,0
DA:591,0
DA:594,0
DA:595,0
DA:596,0
DA:598,0
DA:599,0
DA:600,0
DA:604,0
DA:605,0
DA:607,0
DA:611,0
DA:612,0
DA:616,0
DA:617,0
DA:619,0
DA:622,0
DA:626,0
DA:627,0
DA:628,0
DA:629,0
DA:631,0
DA:636,0
DA:637,0
DA:638,0
DA:644,0
DA:647,0
DA:648,0
DA:651,0
DA:652,0
DA:654,0
DA:655,0
DA:659,0
DA:660,0
DA:673,0
DA:674,0
DA:675,0
DA:676,0
DA:678,0
DA:680,0
DA:683,0
DA:685,0
DA:690,0
DA:695,0
DA:696,0
DA:697,0
DA:698,0
DA:702,0
DA:703,0
DA:707,0
DA:708,0
DA:710,0
DA:716,0
DA:717,0
DA:725,0
DA:726,0
DA:728,0
DA:730,0
DA:737,0
DA:738,0
DA:739,0
DA:740,0
DA:741,0
DA:747,0
DA:748,0
DA:750,0
DA:751,0
DA:752,0
DA:753,0
DA:754,0
DA:755,0
DA:756,0
DA:759,0
DA:760,0
DA:763,0
DA:766,0
DA:770,0
DA:773,0
DA:774,0
DA:775,0
DA:777,0
DA:781,0
DA:785,0
DA:786,0
DA:789,0
DA:791,0
DA:792,0
DA:794,0
DA:795,0
DA:796,0
DA:797,0
DA:798,0
DA:799,0
DA:804,0
DA:805,0
DA:806,0
DA:808,0
DA:809,0
DA:811,0
DA:812,0
DA:813,0
DA:818,0
DA:819,0
DA:821,0
DA:827,0
DA:828,0
DA:829,0
DA:832,0
DA:833,0
DA:834,0
DA:838,0
DA:839,0
DA:840,0
DA:841,0
DA:842,0
DA:843,0
DA:844,0
DA:845,0
DA:846,0
DA:849,0
DA:850,0
DA:852,0
DA:855,0
DA:862,0
DA:863,0
DA:870,0
DA:872,0
DA:873,0
DA:877,0
DA:878,0
DA:880,0
DA:881,0
DA:884,0
DA:885,0
DA:892,0
DA:893,0
DA:895,0
DA:896,0
DA:897,0
DA:898,0
DA:904,0
DA:905,0
DA:908,0
DA:909,0
DA:910,0
DA:911,0
DA:916,0
DA:917,0
DA:920,0
DA:921,0
DA:922,0
DA:923,0
DA:928,0
DA:929,0
DA:932,0
DA:933,0
DA:934,0
DA:935,0
DA:941,0
DA:942,0
DA:943,0
DA:945,0
DA:946,0
DA:947,0
DA:948,0
DA:949,0
DA:950,0
DA:954,0
DA:959,0
DA:960,0
DA:961,0
DA:963,0
DA:964,0
DA:965,0
DA:966,0
DA:967,0
DA:968,0
DA:972,0
DA:977,0
DA:981,0
DA:985,0
DA:987,0
DA:994,0
DA:995,0
DA:996,0
DA:997,0
DA:998,0
DA:999,0
DA:1000,0
DA:1006,0
DA:1010,0
DA:1013,0
DA:1014,0
DA:1015,0
DA:1016,0
DA:1017,0
DA:1019,0
DA:1021,0
DA:1022,0
DA:1024,0
DA:1025,0
DA:1026,0
DA:1029,0
DA:1037,0
DA:1038,0
DA:1040,0
DA:1043,0
DA:1044,0
DA:1046,0
DA:1050,0
DA:1051,0
DA:1056,0
DA:1057,0
DA:1058,0
DA:1059,0
DA:1060,0
DA:1061,0
DA:1063,0
DA:1064,0
DA:1065,0
DA:1066,0
DA:1068,0
DA:1070,0
DA:1071,0
DA:1074,0
DA:1075,0
DA:1076,0
DA:1078,0
DA:1080,0
DA:1081,0
DA:1088,0
DA:1090,0
DA:1091,0
DA:1094,0
DA:1095,0
DA:1098,0
DA:1100,0
DA:1101,0
DA:1104,0
DA:1105,0
DA:1110,0
DA:1111,0
DA:1116,0
DA:1121,0
DA:1125,0
DA:1126,0
DA:1127,0
DA:1128,0
DA:1129,0
DA:1130,0
DA:1131,0
DA:1134,0
DA:1135,0
DA:1136,0
DA:1137,0
DA:1138,0
DA:1139,0
DA:1142,0
DA:1148,0
DA:1149,0
DA:1150,0
DA:1151,0
DA:1152,0
DA:1153,0
DA:1154,0
DA:1157,0
DA:1158,0
DA:1159,0
DA:1160,0
DA:1161,0
DA:1162,0
DA:1165,0
DA:1167,0
DA:1171,0
DA:1176,0
DA:1177,0
DA:1178,0
DA:1179,0
DA:1180,0
DA:1181,0
DA:1182,0
DA:1185,0
DA:1186,0
DA:1187,0
DA:1188,0
DA:1189,0
DA:1190,0
DA:1193,0
DA:1197,0
DA:1198,0
DA:1199,0
DA:1200,0
DA:1201,0
DA:1202,0
DA:1203,0
DA:1206,0
DA:1207,0
DA:1208,0
DA:1209,0
DA:1210,0
DA:1211,0
DA:1214,0
DA:1215,0
DA:1216,0
DA:1217,0
DA:1218,0
DA:1219,0
DA:1220,0
DA:1223,0
DA:1224,0
DA:1225,0
DA:1226,0
DA:1227,0
DA:1228,0
DA:1231,0
DA:1236,0
DA:1237,0
DA:1238,0
DA:1239,0
DA:1240,0
DA:1241,0
DA:1242,0
DA:1245,0
DA:1246,0
DA:1247,0
DA:1248,0
DA:1249,0
DA:1250,0
DA:1255,0
DA:1259,0
DA:1265,0
DA:1266,0
DA:1267,0
DA:1268,0
DA:1269,0
DA:1270,0
DA:1271,0
DA:1274,0
DA:1275,0
DA:1276,0
DA:1277,0
DA:1278,0
DA:1279,0
DA:1282,0
DA:1287,0
DA:1288,0
DA:1289,0
DA:1290,0
DA:1291,0
DA:1292,0
DA:1293,0
DA:1296,0
DA:1297,0
DA:1298,0
DA:1299,0
DA:1300,0
DA:1301,0
DA:1304,0
DA:1306,0
DA:1309,0
DA:1313,0
DA:1316,0
DA:1318,0
DA:1320,0
DA:1322,0
DA:1324,0
DA:1327,0
DA:1330,0
DA:1340,0
DA:1341,0
DA:1344,0
DA:1345,0
DA:1346,0
DA:1349,0
DA:1350,0
DA:1351,0
DA:1352,0
DA:1353,0
DA:1357,0
DA:1358,0
DA:1361,0
DA:1362,0
DA:1364,0
DA:1373,0
DA:1374,0
DA:1375,0
DA:1378,0
DA:1379,0
DA:1380,0
DA:1381,0
DA:1382,0
DA:1383,0
DA:1386,0
DA:1390,0
DA:1466,0
DA:1467,0
DA:1468,0
DA:1469,0
DA:1470,0
DA:1472,0
DA:1476,0
DA:1477,0
DA:1478,0
DA:1481,0
DA:1482,0
DA:1486,0
DA:1487,0
DA:1488,0
DA:1493,0
DA:1500,0
DA:1503,0
DA:1504,0
DA:1513,0
DA:1515,0
DA:1516,0
DA:1517,0
DA:1518,0
DA:1519,0
DA:1524,0
DA:1525,0
DA:1526,0
DA:1527,0
DA:1529,0
DA:1531,0
DA:1534,0
DA:1535,0
DA:1537,0
DA:1538,0
DA:1540,0
DA:1542,0
DA:1544,0
DA:1545,0
DA:1546,0
DA:1547,0
DA:1548,0
DA:1551,0
DA:1558,0
DA:1559,0
DA:1560,0
DA:1563,0
DA:1566,0
DA:1567,0
DA:1568,0
DA:1571,0
DA:1573,0
DA:1574,0
DA:1575,0
DA:1576,0
DA:1578,0
DA:1581,0
DA:1585,0
DA:1586,0
DA:1587,0
DA:1590,0
DA:1594,0
DA:1595,0
DA:1597,0
DA:1600,0
DA:1601,0
DA:1608,0
DA:1609,0
DA:1610,0
DA:1611,0
DA:1612,0
DA:1614,0
DA:1615,0
DA:1617,0
DA:1622,0
DA:1626,0
DA:1627,0
DA:1628,0
DA:1630,0
DA:1631,0
DA:1632,0
DA:1634,0
DA:1639,0
DA:1640,0
DA:1641,0
DA:1642,0
DA:1644,0
DA:1658,0
DA:1660,0
DA:1661,0
DA:1662,0
DA:1663,0
DA:1664,0
DA:1665,0
DA:1666,0
DA:1667,0
DA:1668,0
DA:1670,0
DA:1678,0
DA:1681,0
DA:1684,0
DA:1685,0
DA:1691,0
DA:1693,0
DA:1694,0
DA:1695,0
DA:1697,0
DA:1698,0
DA:1703,0
DA:1704,0
DA:1705,0
DA:1707,0
DA:1708,0
DA:1710,0
DA:1713,0
DA:1717,0
DA:1718,0
DA:1720,0
DA:1723,0
DA:1725,0
DA:1727,0
DA:1729,0
DA:1731,0
DA:1737,0
DA:1738,0
DA:1739,0
DA:1740,0
DA:1741,0
DA:1742,0
DA:1743,0
DA:1746,0
DA:1747,0
DA:1749,0
DA:1752,0
DA:1754,0
DA:1760,0
DA:1761,0
DA:1764,0
DA:1768,0
DA:1772,0
DA:1776,0
DA:1782,0
DA:1783,0
DA:1784,0
DA:1787,0
DA:1788,0
DA:1789,0
DA:1790,0
DA:1791,0
DA:1794,0
DA:1798,0
DA:1799,0
DA:1800,0
DA:1801,0
DA:1802,0
DA:1804,0
DA:1805,0
DA:1806,0
DA:1808,0
DA:1809,0
DA:1810,0
DA:1813,0
DA:1815,0
DA:1818,0
DA:1821,0
DA:1826,0
DA:1827,0
DA:1829,0
DA:1832,0
DA:1838,0
DA:1839,0
DA:1842,0
DA:1843,0
DA:1846,0
DA:1849,0
DA:1850,0
DA:1851,0
DA:1854,0
DA:1855,0
DA:1856,0
DA:1857,0
DA:1858,0
DA:1860,0
DA:1862,0
DA:1865,0
DA:1866,0
DA:1867,0
DA:1868,0
DA:1871,0
DA:1872,0
DA:1873,0
DA:1879,0
DA:1882,0
DA:1883,0
DA:1884,0
DA:1885,0
DA:1888,0
DA:1889,0
DA:1890,0
DA:1895,0
DA:1899,0
DA:1903,0
DA:1907,0
DA:1911,0
DA:1912,0
DA:1913,0
DA:1914,0
DA:1915,0
DA:1916,0
DA:1920,0
DA:1921,0
DA:1922,0
DA:1923,0
DA:1924,0
DA:1925,0
DA:1926,0
DA:1931,0
DA:1933,0
DA:1934,0
DA:1935,0
DA:1936,0
DA:1938,0
DA:1944,0
DA:1948,0
DA:1953,0
DA:1954,0
DA:1956,0
DA:1961,0
DA:2045,0
LF:836
LH:0
BRDA:125,0,0,0
BRDA:125,0,1,0
BRDA:125,0,2,0
BRDA:125,0,3,0
BRDA:177,1,0,0
BRDA:177,1,1,0
BRDA:236,2,0,0
BRDA:236,2,1,0
BRDA:244,3,0,0
BRDA:244,3,1,0
BRDA:249,4,0,0
BRDA:249,4,1,0
BRDA:265,5,0,0
BRDA:265,5,1,0
BRDA:399,6,0,0
BRDA:399,6,1,0
BRDA:399,6,2,0
BRDA:425,7,0,0
BRDA:425,7,1,0
BRDA:442,8,0,0
BRDA:442,8,1,0
BRDA:442,9,0,0
BRDA:442,9,1,0
BRDA:523,10,0,0
BRDA:523,10,1,0
BRDA:528,11,0,0
BRDA:528,11,1,0
BRDA:534,12,0,0
BRDA:534,12,1,0
BRDA:539,13,0,0
BRDA:539,13,1,0
BRDA:554,14,0,0
BRDA:554,14,1,0
BRDA:579,15,0,0
BRDA:579,15,1,0
BRDA:594,16,0,0
BRDA:594,16,1,0
BRDA:595,17,0,0
BRDA:595,17,1,0
BRDA:599,18,0,0
BRDA:599,18,1,0
BRDA:604,19,0,0
BRDA:604,19,1,0
BRDA:610,20,0,0
BRDA:610,21,0,0
BRDA:615,22,0,0
BRDA:615,23,0,0
BRDA:622,24,0,0
BRDA:622,24,1,0
BRDA:628,25,0,0
BRDA:628,25,1,0
BRDA:634,26,0,0
BRDA:634,27,0,0
BRDA:644,28,0,0
BRDA:644,28,1,0
BRDA:644,28,2,0
BRDA:659,29,0,0
BRDA:659,29,1,0
BRDA:660,30,0,0
BRDA:660,30,1,0
BRDA:697,31,0,0
BRDA:697,31,1,0
BRDA:716,32,0,0
BRDA:716,32,1,0
BRDA:726,33,0,0
BRDA:726,33,1,0
BRDA:753,34,0,0
BRDA:753,34,1,0
BRDA:754,35,0,0
BRDA:754,35,1,0
BRDA:759,36,0,0
BRDA:759,36,1,0
BRDA:774,37,0,0
BRDA:774,37,1,0
BRDA:785,38,0,0
BRDA:785,38,1,0
BRDA:794,39,0,0
BRDA:794,39,1,0
BRDA:794,40,0,0
BRDA:794,40,1,0
BRDA:796,41,0,0
BRDA:796,41,1,0
BRDA:798,42,0,0
BRDA:798,42,1,0
BRDA:803,43,0,0
BRDA:808,44,0,0
BRDA:808,44,1,0
BRDA:812,45,0,0
BRDA:812,45,1,0
BRDA:818,46,0,0
BRDA:818,46,1,0
BRDA:828,47,0,0
BRDA:828,47,1,0
BRDA:833,48,0,0
BRDA:833,48,1,0
BRDA:838,49,0,0
BRDA:838,49,1,0
BRDA:838,50,0,0
BRDA:838,50,1,0
BRDA:849,51,0,0
BRDA:849,51,1,0
BRDA:862,52,0,0
BRDA:862,52,1,0
BRDA:870,53,0,0
BRDA:870,53,1,0
BRDA:870,53,2,0
BRDA:870,53,3,0
BRDA:892,54,0,0
BRDA:892,54,1,0
BRDA:898,55,0,0
BRDA:898,55,1,0
BRDA:898,56,0,0
BRDA:898,56,1,0
BRDA:904,57,0,0
BRDA:904,57,1,0
BRDA:911,58,0,0
BRDA:911,58,1,0
BRDA:911,59,0,0
BRDA:911,59,1,0
BRDA:916,60,0,0
BRDA:916,60,1,0
BRDA:923,61,0,0
BRDA:923,61,1,0
BRDA:923,62,0,0
BRDA:923,62,1,0
BRDA:928,63,0,0
BRDA:928,63,1,0
BRDA:935,64,0,0
BRDA:935,64,1,0
BRDA:935,65,0,0
BRDA:935,65,1,0
BRDA:942,66,0,0
BRDA:942,66,1,0
BRDA:948,67,0,0
BRDA:948,67,1,0
BRDA:951,68,0,0
BRDA:951,68,1,0
BRDA:960,69,0,0
BRDA:960,69,1,0
BRDA:966,70,0,0
BRDA:966,70,1,0
BRDA:969,71,0,0
BRDA:969,71,1,0
BRDA:981,72,0,0
BRDA:981,72,1,0
BRDA:997,73,0,0
BRDA:997,73,1,0
BRDA:1025,74,0,0
BRDA:1025,74,1,0
BRDA:1029,75,0,0
BRDA:1029,75,1,0
BRDA:1038,76,0,0
BRDA:1038,76,1,0
BRDA:1038,77,0,0
BRDA:1038,77,1,0
BRDA:1044,78,0,0
BRDA:1044,78,1,0
BRDA:1044,79,0,0
BRDA:1044,79,1,0
BRDA:1050,80,0,0
BRDA:1050,80,1,0
BRDA:1050,81,0,0
BRDA:1050,81,1,0
BRDA:1056,82,0,0
BRDA:1056,82,1,0
BRDA:1056,83,0,0
BRDA:1056,83,1,0
BRDA:1064,84,0,0
BRDA:1064,84,1,0
BRDA:1065,85,0,0
BRDA:1065,85,1,0
BRDA:1070,86,0,0
BRDA:1070,86,1,0
BRDA:1074,87,0,0
BRDA:1074,87,1,0
BRDA:1075,88,0,0
BRDA:1075,88,1,0
BRDA:1080,89,0,0
BRDA:1080,89,1,0
BRDA:1090,90,0,0
BRDA:1090,90,1,0
BRDA:1094,91,0,0
BRDA:1094,91,1,0
BRDA:1116,92,0,0
BRDA:1116,92,1,0
BRDA:1116,92,2,0
BRDA:1116,92,3,0
BRDA:1121,93,0,0
BRDA:1121,93,1,0
BRDA:1121,93,2,0
BRDA:1121,93,3,0
BRDA:1121,93,4,0
BRDA:1125,94,0,0
BRDA:1125,94,1,0
BRDA:1130,95,0,0
BRDA:1130,95,1,0
BRDA:1135,96,0,0
BRDA:1135,96,1,0
BRDA:1148,97,0,0
BRDA:1148,97,1,0
BRDA:1153,98,0,0
BRDA:1153,98,1,0
BRDA:1158,99,0,0
BRDA:1158,99,1,0
BRDA:1171,100,0,0
BRDA:1171,100,1,0
BRDA:1171,100,2,0
BRDA:1171,100,3,0
BRDA:1171,100,4,0
BRDA:1176,101,0,0
BRDA:1176,101,1,0
BRDA:1181,102,0,0
BRDA:1181,102,1,0
BRDA:1186,103,0,0
BRDA:1186,103,1,0
BRDA:1197,104,0,0
BRDA:1197,104,1,0
BRDA:1202,105,0,0
BRDA:1202,105,1,0
BRDA:1207,106,0,0
BRDA:1207,106,1,0
BRDA:1214,107,0,0
BRDA:1214,107,1,0
BRDA:1219,108,0,0
BRDA:1219,108,1,0
BRDA:1224,109,0,0
BRDA:1224,109,1,0
BRDA:1236,110,0,0
BRDA:1236,110,1,0
BRDA:1241,111,0,0
BRDA:1241,111,1,0
BRDA:1246,112,0,0
BRDA:1246,112,1,0
BRDA:1259,113,0,0
BRDA:1259,113,1,0
BRDA:1259,113,2,0
BRDA:1259,113,3,0
BRDA:1259,113,4,0
BRDA:1265,114,0,0
BRDA:1265,114,1,0
BRDA:1270,115,0,0
BRDA:1270,115,1,0
BRDA:1275,116,0,0
BRDA:1275,116,1,0
BRDA:1287,117,0,0
BRDA:1287,117,1,0
BRDA:1292,118,0,0
BRDA:1292,118,1,0
BRDA:1297,119,0,0
BRDA:1297,119,1,0
BRDA:1320,120,0,0
BRDA:1320,120,1,0
BRDA:1322,121,0,0
BRDA:1322,121,1,0
BRDA:1341,122,0,0
BRDA:1341,122,1,0
BRDA:1341,123,0,0
BRDA:1341,123,1,0
BRDA:1346,124,0,0
BRDA:1346,124,1,0
BRDA:1353,125,0,0
BRDA:1353,125,1,0
BRDA:1353,126,0,0
BRDA:1353,126,1,0
BRDA:1353,127,0,0
BRDA:1353,127,1,0
BRDA:1358,128,0,0
BRDA:1358,128,1,0
BRDA:1358,129,0,0
BRDA:1358,129,1,0
BRDA:1362,130,0,0
BRDA:1362,130,1,0
BRDA:1362,131,0,0
BRDA:1362,131,1,0
BRDA:1380,132,0,0
BRDA:1380,132,1,0
BRDA:1382,133,0,0
BRDA:1382,133,1,0
BRDA:1386,134,0,0
BRDA:1386,134,1,0
BRDA:1487,135,0,0
BRDA:1487,135,1,0
BRDA:1503,136,0,0
BRDA:1503,136,1,0
BRDA:1524,137,0,0
BRDA:1524,137,1,0
BRDA:1526,138,0,0
BRDA:1526,138,1,0
BRDA:1534,139,0,0
BRDA:1534,139,1,0
BRDA:1537,140,0,0
BRDA:1537,140,1,0
BRDA:1544,141,0,0
BRDA:1544,141,1,0
BRDA:1546,142,0,0
BRDA:1546,142,1,0
BRDA:1566,143,0,0
BRDA:1566,143,1,0
BRDA:1566,144,0,0
BRDA:1566,144,1,0
BRDA:1607,145,0,0
BRDA:1614,146,0,0
BRDA:1614,146,1,0
BRDA:1615,147,0,0
BRDA:1615,147,1,0
BRDA:1617,148,0,0
BRDA:1617,148,1,0
BRDA:1621,149,0,0
BRDA:1627,150,0,0
BRDA:1627,150,1,0
BRDA:1631,151,0,0
BRDA:1631,151,1,0
BRDA:1667,152,0,0
BRDA:1667,152,1,0
BRDA:1693,153,0,0
BRDA:1693,153,1,0
BRDA:1703,154,0,0
BRDA:1703,154,1,0
BRDA:1705,155,0,0
BRDA:1705,155,1,0
BRDA:1741,156,0,0
BRDA:1741,156,1,0
BRDA:1742,157,0,0
BRDA:1742,157,1,0
BRDA:1743,158,0,0
BRDA:1743,158,1,0
BRDA:1746,159,0,0
BRDA:1746,159,1,0
BRDA:1746,160,0,0
BRDA:1746,160,1,0
BRDA:1746,160,2,0
BRDA:1760,161,0,0
BRDA:1760,161,1,0
BRDA:1772,162,0,0
BRDA:1772,162,1,0
BRDA:1772,162,2,0
BRDA:1772,163,0,0
BRDA:1772,163,1,0
BRDA:1784,164,0,0
BRDA:1784,164,1,0
BRDA:1784,165,0,0
BRDA:1784,165,1,0
BRDA:1784,165,2,0
BRDA:1784,165,3,0
BRDA:1788,166,0,0
BRDA:1788,166,1,0
BRDA:1789,167,0,0
BRDA:1789,167,1,0
BRDA:1790,168,0,0
BRDA:1790,168,1,0
BRDA:1797,169,0,0
BRDA:1797,170,0,0
BRDA:1797,171,0,0
BRDA:1800,172,0,0
BRDA:1800,172,1,0
BRDA:1804,173,0,0
BRDA:1804,173,1,0
BRDA:1808,174,0,0
BRDA:1808,174,1,0
BRDA:1846,175,0,0
BRDA:1846,175,1,0
BRDA:1846,176,0,0
BRDA:1846,176,1,0
BRDA:1846,176,2,0
BRDA:1860,177,0,0
BRDA:1860,177,1,0
BRDA:1866,178,0,0
BRDA:1866,178,1,0
BRDA:1871,179,0,0
BRDA:1871,179,1,0
BRDA:1883,180,0,0
BRDA:1883,180,1,0
BRDA:1888,181,0,0
BRDA:1888,181,1,0
BRDA:1910,182,0,0
BRDA:1910,183,0,0
BRDA:1913,184,0,0
BRDA:1913,184,1,0
BRDA:1919,185,0,0
BRDA:1954,186,0,0
BRDA:1954,186,1,0
BRF:381
BRH:0
end_of_record
